[4.326s] Invoking command in '/home/caros/DEV/ROS_DEV/ros2_dev/src/examples/rclpy/actions/minimal_action_server': PYTHONPATH=/home/caros/DEV/ROS_DEV/ros2_dev/src/build/examples_rclpy_minimal_action_server/prefix_override:/usr/lib/python3/dist-packages/colcon_core/task/python/colcon_distutils_commands:/home/caros/DEV/ROS_DEV/ros2_dev/src/install/examples_rclpy_minimal_action_server/lib/python3.8/site-packages:${PYTHONPATH} /usr/bin/python3 -W ignore:setup.py install is deprecated -W ignore:easy_install command is deprecated setup.py egg_info --egg-base ../../../../build/examples_rclpy_minimal_action_server build --build-base /home/caros/DEV/ROS_DEV/ros2_dev/src/build/examples_rclpy_minimal_action_server/build install --record /home/caros/DEV/ROS_DEV/ros2_dev/src/build/examples_rclpy_minimal_action_server/install.log --install-scripts $base/lib/examples_rclpy_minimal_action_server --single-version-externally-managed install_data
[4.732s] running egg_info
[4.733s] creating ../../../../build/examples_rclpy_minimal_action_server/examples_rclpy_minimal_action_server.egg-info
[4.734s] writing ../../../../build/examples_rclpy_minimal_action_server/examples_rclpy_minimal_action_server.egg-info/PKG-INFO
[4.734s] writing dependency_links to ../../../../build/examples_rclpy_minimal_action_server/examples_rclpy_minimal_action_server.egg-info/dependency_links.txt
[4.734s] writing entry points to ../../../../build/examples_rclpy_minimal_action_server/examples_rclpy_minimal_action_server.egg-info/entry_points.txt
[4.734s] writing requirements to ../../../../build/examples_rclpy_minimal_action_server/examples_rclpy_minimal_action_server.egg-info/requires.txt
[4.735s] writing top-level names to ../../../../build/examples_rclpy_minimal_action_server/examples_rclpy_minimal_action_server.egg-info/top_level.txt
[4.737s] writing manifest file '../../../../build/examples_rclpy_minimal_action_server/examples_rclpy_minimal_action_server.egg-info/SOURCES.txt'
[4.813s] reading manifest file '../../../../build/examples_rclpy_minimal_action_server/examples_rclpy_minimal_action_server.egg-info/SOURCES.txt'
[4.815s] writing manifest file '../../../../build/examples_rclpy_minimal_action_server/examples_rclpy_minimal_action_server.egg-info/SOURCES.txt'
[4.815s] running build
[4.815s] running build_py
[4.815s] creating /home/caros/DEV/ROS_DEV/ros2_dev/src/build/examples_rclpy_minimal_action_server/build
[4.815s] creating /home/caros/DEV/ROS_DEV/ros2_dev/src/build/examples_rclpy_minimal_action_server/build/lib
[4.815s] creating /home/caros/DEV/ROS_DEV/ros2_dev/src/build/examples_rclpy_minimal_action_server/build/lib/examples_rclpy_minimal_action_server
[4.815s] copying examples_rclpy_minimal_action_server/server_not_composable.py -> /home/caros/DEV/ROS_DEV/ros2_dev/src/build/examples_rclpy_minimal_action_server/build/lib/examples_rclpy_minimal_action_server
[4.816s] copying examples_rclpy_minimal_action_server/__init__.py -> /home/caros/DEV/ROS_DEV/ros2_dev/src/build/examples_rclpy_minimal_action_server/build/lib/examples_rclpy_minimal_action_server
[4.816s] copying examples_rclpy_minimal_action_server/server.py -> /home/caros/DEV/ROS_DEV/ros2_dev/src/build/examples_rclpy_minimal_action_server/build/lib/examples_rclpy_minimal_action_server
[4.816s] copying examples_rclpy_minimal_action_server/server_single_goal.py -> /home/caros/DEV/ROS_DEV/ros2_dev/src/build/examples_rclpy_minimal_action_server/build/lib/examples_rclpy_minimal_action_server
[4.816s] copying examples_rclpy_minimal_action_server/server_defer.py -> /home/caros/DEV/ROS_DEV/ros2_dev/src/build/examples_rclpy_minimal_action_server/build/lib/examples_rclpy_minimal_action_server
[4.816s] copying examples_rclpy_minimal_action_server/server_queue_goals.py -> /home/caros/DEV/ROS_DEV/ros2_dev/src/build/examples_rclpy_minimal_action_server/build/lib/examples_rclpy_minimal_action_server
[4.816s] running install
[4.818s] running install_lib
[4.820s] creating /home/caros/DEV/ROS_DEV/ros2_dev/src/install/examples_rclpy_minimal_action_server/lib/python3.8/site-packages/examples_rclpy_minimal_action_server
[4.821s] copying /home/caros/DEV/ROS_DEV/ros2_dev/src/build/examples_rclpy_minimal_action_server/build/lib/examples_rclpy_minimal_action_server/server_not_composable.py -> /home/caros/DEV/ROS_DEV/ros2_dev/src/install/examples_rclpy_minimal_action_server/lib/python3.8/site-packages/examples_rclpy_minimal_action_server
[4.821s] copying /home/caros/DEV/ROS_DEV/ros2_dev/src/build/examples_rclpy_minimal_action_server/build/lib/examples_rclpy_minimal_action_server/__init__.py -> /home/caros/DEV/ROS_DEV/ros2_dev/src/install/examples_rclpy_minimal_action_server/lib/python3.8/site-packages/examples_rclpy_minimal_action_server
[4.821s] copying /home/caros/DEV/ROS_DEV/ros2_dev/src/build/examples_rclpy_minimal_action_server/build/lib/examples_rclpy_minimal_action_server/server.py -> /home/caros/DEV/ROS_DEV/ros2_dev/src/install/examples_rclpy_minimal_action_server/lib/python3.8/site-packages/examples_rclpy_minimal_action_server
[4.821s] copying /home/caros/DEV/ROS_DEV/ros2_dev/src/build/examples_rclpy_minimal_action_server/build/lib/examples_rclpy_minimal_action_server/server_single_goal.py -> /home/caros/DEV/ROS_DEV/ros2_dev/src/install/examples_rclpy_minimal_action_server/lib/python3.8/site-packages/examples_rclpy_minimal_action_server
[4.821s] copying /home/caros/DEV/ROS_DEV/ros2_dev/src/build/examples_rclpy_minimal_action_server/build/lib/examples_rclpy_minimal_action_server/server_defer.py -> /home/caros/DEV/ROS_DEV/ros2_dev/src/install/examples_rclpy_minimal_action_server/lib/python3.8/site-packages/examples_rclpy_minimal_action_server
[4.822s] copying /home/caros/DEV/ROS_DEV/ros2_dev/src/build/examples_rclpy_minimal_action_server/build/lib/examples_rclpy_minimal_action_server/server_queue_goals.py -> /home/caros/DEV/ROS_DEV/ros2_dev/src/install/examples_rclpy_minimal_action_server/lib/python3.8/site-packages/examples_rclpy_minimal_action_server
[4.822s] byte-compiling /home/caros/DEV/ROS_DEV/ros2_dev/src/install/examples_rclpy_minimal_action_server/lib/python3.8/site-packages/examples_rclpy_minimal_action_server/server_not_composable.py to server_not_composable.cpython-38.pyc
[4.825s] byte-compiling /home/caros/DEV/ROS_DEV/ros2_dev/src/install/examples_rclpy_minimal_action_server/lib/python3.8/site-packages/examples_rclpy_minimal_action_server/__init__.py to __init__.cpython-38.pyc
[4.826s] byte-compiling /home/caros/DEV/ROS_DEV/ros2_dev/src/install/examples_rclpy_minimal_action_server/lib/python3.8/site-packages/examples_rclpy_minimal_action_server/server.py to server.cpython-38.pyc
[4.827s] byte-compiling /home/caros/DEV/ROS_DEV/ros2_dev/src/install/examples_rclpy_minimal_action_server/lib/python3.8/site-packages/examples_rclpy_minimal_action_server/server_single_goal.py to server_single_goal.cpython-38.pyc
[4.956s] byte-compiling /home/caros/DEV/ROS_DEV/ros2_dev/src/install/examples_rclpy_minimal_action_server/lib/python3.8/site-packages/examples_rclpy_minimal_action_server/server_defer.py to server_defer.cpython-38.pyc
[4.958s] byte-compiling /home/caros/DEV/ROS_DEV/ros2_dev/src/install/examples_rclpy_minimal_action_server/lib/python3.8/site-packages/examples_rclpy_minimal_action_server/server_queue_goals.py to server_queue_goals.cpython-38.pyc
[4.960s] running install_data
[4.960s] creating /home/caros/DEV/ROS_DEV/ros2_dev/src/install/examples_rclpy_minimal_action_server/share/ament_index
[4.960s] creating /home/caros/DEV/ROS_DEV/ros2_dev/src/install/examples_rclpy_minimal_action_server/share/ament_index/resource_index
[4.961s] creating /home/caros/DEV/ROS_DEV/ros2_dev/src/install/examples_rclpy_minimal_action_server/share/ament_index/resource_index/packages
[4.961s] copying resource/examples_rclpy_minimal_action_server -> /home/caros/DEV/ROS_DEV/ros2_dev/src/install/examples_rclpy_minimal_action_server/share/ament_index/resource_index/packages
[4.961s] copying package.xml -> /home/caros/DEV/ROS_DEV/ros2_dev/src/install/examples_rclpy_minimal_action_server/share/examples_rclpy_minimal_action_server
[4.961s] running install_egg_info
[4.967s] Copying ../../../../build/examples_rclpy_minimal_action_server/examples_rclpy_minimal_action_server.egg-info to /home/caros/DEV/ROS_DEV/ros2_dev/src/install/examples_rclpy_minimal_action_server/lib/python3.8/site-packages/examples_rclpy_minimal_action_server-0.9.4-py3.8.egg-info
[4.969s] running install_scripts
[5.015s] Installing server script to /home/caros/DEV/ROS_DEV/ros2_dev/src/install/examples_rclpy_minimal_action_server/lib/examples_rclpy_minimal_action_server
[5.015s] Installing server_defer script to /home/caros/DEV/ROS_DEV/ros2_dev/src/install/examples_rclpy_minimal_action_server/lib/examples_rclpy_minimal_action_server
[5.015s] Installing server_not_composable script to /home/caros/DEV/ROS_DEV/ros2_dev/src/install/examples_rclpy_minimal_action_server/lib/examples_rclpy_minimal_action_server
[5.016s] Installing server_queue_goals script to /home/caros/DEV/ROS_DEV/ros2_dev/src/install/examples_rclpy_minimal_action_server/lib/examples_rclpy_minimal_action_server
[5.016s] Installing server_single_goal script to /home/caros/DEV/ROS_DEV/ros2_dev/src/install/examples_rclpy_minimal_action_server/lib/examples_rclpy_minimal_action_server
[5.016s] writing list of installed files to '/home/caros/DEV/ROS_DEV/ros2_dev/src/build/examples_rclpy_minimal_action_server/install.log'
[5.074s] Invoked command in '/home/caros/DEV/ROS_DEV/ros2_dev/src/examples/rclpy/actions/minimal_action_server' returned '0': PYTHONPATH=/home/caros/DEV/ROS_DEV/ros2_dev/src/build/examples_rclpy_minimal_action_server/prefix_override:/usr/lib/python3/dist-packages/colcon_core/task/python/colcon_distutils_commands:/home/caros/DEV/ROS_DEV/ros2_dev/src/install/examples_rclpy_minimal_action_server/lib/python3.8/site-packages:${PYTHONPATH} /usr/bin/python3 -W ignore:setup.py install is deprecated -W ignore:easy_install command is deprecated setup.py egg_info --egg-base ../../../../build/examples_rclpy_minimal_action_server build --build-base /home/caros/DEV/ROS_DEV/ros2_dev/src/build/examples_rclpy_minimal_action_server/build install --record /home/caros/DEV/ROS_DEV/ros2_dev/src/build/examples_rclpy_minimal_action_server/install.log --install-scripts $base/lib/examples_rclpy_minimal_action_server --single-version-externally-managed install_data
