[3.342s] Invoking command in '/home/caros/DEV/ROS_DEV/ros2_dev/src/build/turtlesim': CMAKE_PREFIX_PATH=/opt/ros/foxy /usr/local/bin/cmake /home/caros/DEV/ROS_DEV/ros2_dev/src/ros_tutorials/turtlesim -DCMAKE_INSTALL_PREFIX=/home/caros/DEV/ROS_DEV/ros2_dev/src/install/turtlesim
[3.345s] [0mCMake Deprecation Warning at CMakeLists.txt:1 (cmake_minimum_required):
[3.345s]   Compatibility with CMake < 3.10 will be removed from a future version of
[3.345s]   CMake.
[3.345s] 
[3.345s]   Update the VERSION argument <min> value.  Or, use the <min>...<max> syntax
[3.345s]   to tell CMake that the project requires at least <min> but has been updated
[3.345s]   to work with policies introduced by <max> or earlier.
[3.346s] 
[3.346s] [0m
[3.363s] -- The C compiler identification is GNU 9.4.0
[3.368s] -- The CXX compiler identification is GNU 9.4.0
[3.368s] -- Detecting C compiler ABI info
[3.390s] -- Detecting C compiler ABI info - done
[3.429s] -- Check for working C compiler: /usr/bin/cc - skipped
[3.430s] -- Detecting C compile features
[3.430s] -- Detecting C compile features - done
[3.458s] -- Detecting CXX compiler ABI info
[3.649s] -- Detecting CXX compiler ABI info - done
[3.688s] -- Check for working CXX compiler: /usr/bin/c++ - skipped
[3.689s] -- Detecting CXX compile features
[3.690s] -- Detecting CXX compile features - done
[3.713s] -- Found ament_cmake: 0.9.12 (/opt/ros/foxy/share/ament_cmake/cmake)
[3.722s] [33mCMake Warning (dev) at /opt/ros/foxy/share/ament_cmake_core/cmake/core/python.cmake:22 (find_package):
[3.722s]   Policy CMP0148 is not set: The FindPythonInterp and FindPythonLibs modules
[3.722s]   are removed.  Run "cmake --help-policy CMP0148" for policy details.  Use
[3.723s]   the cmake_policy command to set the policy and suppress this warning.
[3.723s] 
[3.723s] Call Stack (most recent call first):
[3.723s]   /opt/ros/foxy/share/ament_cmake_core/cmake/core/all.cmake:53 (include)
[3.723s]   /opt/ros/foxy/share/ament_cmake_core/cmake/ament_cmake_core-extras.cmake:17 (include)
[3.723s]   /opt/ros/foxy/share/ament_cmake_core/cmake/ament_cmake_coreConfig.cmake:41 (include)
[3.723s]   /opt/ros/foxy/share/ament_cmake/cmake/ament_cmake_export_dependencies-extras.cmake:15 (find_package)
[3.723s]   /opt/ros/foxy/share/ament_cmake/cmake/ament_cmakeConfig.cmake:41 (include)
[3.724s]   CMakeLists.txt:12 (find_package)
[3.724s] This warning is for project developers.  Use -Wno-dev to suppress it.
[3.724s] [0m
[3.782s] -- Found PythonInterp: /usr/bin/python3 (found suitable version "3.8.10", minimum required is "3")
[3.783s] -- Using PYTHON_EXECUTABLE: /usr/bin/python3
[4.123s] -- Found ament_index_cpp: 1.1.0 (/opt/ros/foxy/share/ament_index_cpp/cmake)
[4.128s] -- Found geometry_msgs: 2.0.5 (/opt/ros/foxy/share/geometry_msgs/cmake)
[4.164s] -- Using all available rosidl_typesupport_c: rosidl_typesupport_fastrtps_c;rosidl_typesupport_introspection_c
[4.172s] -- Found rosidl_adapter: 1.3.1 (/opt/ros/foxy/share/rosidl_adapter/cmake)
[4.374s] -- Found OpenSSL: /usr/lib/x86_64-linux-gnu/libcrypto.so (found version "1.1.1f")
[4.438s] -- Found FastRTPS: /opt/ros/foxy/include
[4.540s] -- Using all available rosidl_typesupport_cpp: rosidl_typesupport_fastrtps_cpp;rosidl_typesupport_introspection_cpp
[4.723s] -- Found rclcpp: 2.4.3 (/opt/ros/foxy/share/rclcpp/cmake)
[4.892s] -- Found rmw_implementation_cmake: 1.0.4 (/opt/ros/foxy/share/rmw_implementation_cmake/cmake)
[4.894s] -- Using RMW implementation 'rmw_fastrtps_cpp' as default
[4.895s] -- Performing Test CMAKE_HAVE_LIBC_PTHREAD
[5.788s] -- Performing Test CMAKE_HAVE_LIBC_PTHREAD - Failed
[5.789s] -- Looking for pthread_create in pthreads
[5.981s] -- Looking for pthread_create in pthreads - not found
[5.981s] -- Looking for pthread_create in pthread
[6.228s] -- Looking for pthread_create in pthread - found
[6.231s] -- Found Threads: TRUE
[6.973s] -- Found rclcpp_action: 2.4.3 (/opt/ros/foxy/share/rclcpp_action/cmake)
[7.061s] -- Found rosidl_default_generators: 1.0.1 (/opt/ros/foxy/share/rosidl_default_generators/cmake)
[7.076s] -- Found std_srvs: 2.0.5 (/opt/ros/foxy/share/std_srvs/cmake)
[7.138s] [33mCMake Warning (dev) at /opt/ros/foxy/share/rosidl_adapter/cmake/rosidl_adapt_interfaces.cmake:40 (find_package):
[7.139s]   Policy CMP0148 is not set: The FindPythonInterp and FindPythonLibs modules
[7.139s]   are removed.  Run "cmake --help-policy CMP0148" for policy details.  Use
[7.139s]   the cmake_policy command to set the policy and suppress this warning.
[7.139s] 
[7.140s] Call Stack (most recent call first):
[7.140s]   /opt/ros/foxy/share/rosidl_cmake/cmake/rosidl_generate_interfaces.cmake:130 (rosidl_adapt_interfaces)
[7.140s]   CMakeLists.txt:24 (rosidl_generate_interfaces)
[7.140s] This warning is for project developers.  Use -Wno-dev to suppress it.
[7.140s] [0m
[7.230s] -- Found PythonInterp: /usr/bin/python3 (found version "3.8.10")
[7.867s] -- Found ament_cmake_ros: 0.9.2 (/opt/ros/foxy/share/ament_cmake_ros/cmake)
[8.415s] -- Using all available rosidl_typesupport_c: rosidl_typesupport_fastrtps_c;rosidl_typesupport_introspection_c
[8.721s] -- Using all available rosidl_typesupport_cpp: rosidl_typesupport_fastrtps_cpp;rosidl_typesupport_introspection_cpp
[8.813s] [33mCMake Warning (dev) at /opt/ros/foxy/share/rosidl_generator_py/cmake/rosidl_generator_py_generate_interfaces.cmake:20 (find_package):
[8.813s]   Policy CMP0148 is not set: The FindPythonInterp and FindPythonLibs modules
[8.813s]   are removed.  Run "cmake --help-policy CMP0148" for policy details.  Use
[8.813s]   the cmake_policy command to set the policy and suppress this warning.
[8.813s] 
[8.814s] Call Stack (most recent call first):
[8.814s]   /opt/ros/foxy/share/ament_cmake_core/cmake/core/ament_execute_extensions.cmake:48 (include)
[8.814s]   /opt/ros/foxy/share/rosidl_cmake/cmake/rosidl_generate_interfaces.cmake:286 (ament_execute_extensions)
[8.814s]   CMakeLists.txt:24 (rosidl_generate_interfaces)
[8.814s] This warning is for project developers.  Use -Wno-dev to suppress it.
[8.814s] [0m
[8.959s] -- Found PythonInterp: /usr/bin/python3 (found suitable version "3.8.10", minimum required is "3.5")
[9.014s] -- Found python_cmake_module: 0.8.1 (/opt/ros/foxy/share/python_cmake_module/cmake)
[9.115s] [33mCMake Warning (dev) at /opt/ros/foxy/share/python_cmake_module/cmake/Modules/FindPythonExtra.cmake:45 (find_package):
[9.115s]   Policy CMP0148 is not set: The FindPythonInterp and FindPythonLibs modules
[9.116s]   are removed.  Run "cmake --help-policy CMP0148" for policy details.  Use
[9.116s]   the cmake_policy command to set the policy and suppress this warning.
[9.116s] 
[9.117s] Call Stack (most recent call first):
[9.117s]   /opt/ros/foxy/share/rosidl_generator_py/cmake/rosidl_generator_py_generate_interfaces.cmake:23 (find_package)
[9.117s]   /opt/ros/foxy/share/ament_cmake_core/cmake/core/ament_execute_extensions.cmake:48 (include)
[9.117s]   /opt/ros/foxy/share/rosidl_cmake/cmake/rosidl_generate_interfaces.cmake:286 (ament_execute_extensions)
[9.118s]   CMakeLists.txt:24 (rosidl_generate_interfaces)
[9.118s] This warning is for project developers.  Use -Wno-dev to suppress it.
[9.118s] [0m
[9.161s] [33mCMake Warning (dev) at /opt/ros/foxy/share/python_cmake_module/cmake/Modules/FindPythonExtra.cmake:133 (find_package):
[9.161s]   Policy CMP0148 is not set: The FindPythonInterp and FindPythonLibs modules
[9.161s]   are removed.  Run "cmake --help-policy CMP0148" for policy details.  Use
[9.161s]   the cmake_policy command to set the policy and suppress this warning.
[9.162s] 
[9.162s] Call Stack (most recent call first):
[9.162s]   /opt/ros/foxy/share/rosidl_generator_py/cmake/rosidl_generator_py_generate_interfaces.cmake:23 (find_package)
[9.162s]   /opt/ros/foxy/share/ament_cmake_core/cmake/core/ament_execute_extensions.cmake:48 (include)
[9.162s]   /opt/ros/foxy/share/rosidl_cmake/cmake/rosidl_generate_interfaces.cmake:286 (ament_execute_extensions)
[9.162s]   CMakeLists.txt:24 (rosidl_generate_interfaces)
[9.163s] This warning is for project developers.  Use -Wno-dev to suppress it.
[9.163s] [0m
[9.407s] -- Found PythonLibs: /usr/lib/x86_64-linux-gnu/libpython3.8.so (found suitable version "3.8.10", minimum required is "3.5")
[9.407s] -- Using PYTHON_EXECUTABLE: /usr/bin/python3
[9.407s] -- Using PYTHON_INCLUDE_DIRS: /usr/include/python3.8
[9.408s] -- Using PYTHON_LIBRARIES: /usr/lib/x86_64-linux-gnu/libpython3.8.so
[9.449s] -- Found PythonExtra: .so
[11.296s] -- Configuring done (8.3s)
[11.949s] -- Generating done (0.6s)
[11.968s] -- Build files have been written to: /home/caros/DEV/ROS_DEV/ros2_dev/src/build/turtlesim
[12.010s] Invoked command in '/home/caros/DEV/ROS_DEV/ros2_dev/src/build/turtlesim' returned '0': CMAKE_PREFIX_PATH=/opt/ros/foxy /usr/local/bin/cmake /home/caros/DEV/ROS_DEV/ros2_dev/src/ros_tutorials/turtlesim -DCMAKE_INSTALL_PREFIX=/home/caros/DEV/ROS_DEV/ros2_dev/src/install/turtlesim
[12.019s] Invoking command in '/home/caros/DEV/ROS_DEV/ros2_dev/src/build/turtlesim': CMAKE_PREFIX_PATH=/opt/ros/foxy /usr/local/bin/cmake --build /home/caros/DEV/ROS_DEV/ros2_dev/src/build/turtlesim -- -j48 -l48
[12.089s] [  1%] [34m[1mGenerating C code for ROS interfaces[0m
[12.102s] [  2%] [34m[1mGenerating C++ code for ROS interfaces[0m
[13.081s] [  2%] Built target turtlesim__cpp
[13.091s] [  3%] [34m[1mGenerating C++ type support for eProsima Fast-RTPS[0m
[13.092s] [  4%] [34m[1mGenerating C++ type support dispatch for ROS interfaces[0m
[13.093s] [  5%] [34m[1mGenerating C++ introspection for ROS interfaces[0m
[13.281s] [  6%] [32mBuilding C object CMakeFiles/turtlesim__rosidl_generator_c.dir/rosidl_generator_c/turtlesim/action/detail/rotate_absolute__functions.c.o[0m
[13.281s] [  7%] [32mBuilding C object CMakeFiles/turtlesim__rosidl_generator_c.dir/rosidl_generator_c/turtlesim/srv/detail/kill__functions.c.o[0m
[13.282s] [  8%] [32mBuilding C object CMakeFiles/turtlesim__rosidl_generator_c.dir/rosidl_generator_c/turtlesim/msg/detail/color__functions.c.o[0m
[13.283s] [ 12%] [32mBuilding C object CMakeFiles/turtlesim__rosidl_generator_c.dir/rosidl_generator_c/turtlesim/srv/detail/teleport_relative__functions.c.o[0m
[13.284s] [ 12%] [32mBuilding C object CMakeFiles/turtlesim__rosidl_generator_c.dir/rosidl_generator_c/turtlesim/srv/detail/spawn__functions.c.o[0m
[13.284s] [ 12%] [32mBuilding C object CMakeFiles/turtlesim__rosidl_generator_c.dir/rosidl_generator_c/turtlesim/srv/detail/set_pen__functions.c.o[0m
[13.284s] [ 12%] [32mBuilding C object CMakeFiles/turtlesim__rosidl_generator_c.dir/rosidl_generator_c/turtlesim/msg/detail/pose__functions.c.o[0m
[13.285s] [ 13%] [32mBuilding C object CMakeFiles/turtlesim__rosidl_generator_c.dir/rosidl_generator_c/turtlesim/srv/detail/teleport_absolute__functions.c.o[0m
[13.561s] [ 14%] [32m[1mLinking C shared library libturtlesim__rosidl_generator_c.so[0m
[13.615s] [ 14%] Built target turtlesim__rosidl_generator_c
[13.624s] [ 15%] [34m[1mGenerating C type support dispatch for ROS interfaces[0m
[13.626s] [ 16%] [34m[1mGenerating C introspection for ROS interfaces[0m
[13.757s] [ 17%] [32mBuilding CXX object CMakeFiles/turtlesim__rosidl_typesupport_cpp.dir/rosidl_typesupport_cpp/turtlesim/action/rotate_absolute__type_support.cpp.o[0m
[13.757s] [ 18%] [32mBuilding CXX object CMakeFiles/turtlesim__rosidl_typesupport_cpp.dir/rosidl_typesupport_cpp/turtlesim/srv/kill__type_support.cpp.o[0m
[13.758s] [ 20%] [32mBuilding CXX object CMakeFiles/turtlesim__rosidl_typesupport_cpp.dir/rosidl_typesupport_cpp/turtlesim/msg/color__type_support.cpp.o[0m
[13.758s] [ 20%] [32mBuilding CXX object CMakeFiles/turtlesim__rosidl_typesupport_cpp.dir/rosidl_typesupport_cpp/turtlesim/msg/pose__type_support.cpp.o[0m
[13.759s] [ 21%] [32mBuilding CXX object CMakeFiles/turtlesim__rosidl_typesupport_cpp.dir/rosidl_typesupport_cpp/turtlesim/srv/set_pen__type_support.cpp.o[0m
[13.759s] [ 22%] [32mBuilding CXX object CMakeFiles/turtlesim__rosidl_typesupport_cpp.dir/rosidl_typesupport_cpp/turtlesim/srv/spawn__type_support.cpp.o[0m
[13.760s] [ 23%] [32mBuilding CXX object CMakeFiles/turtlesim__rosidl_typesupport_cpp.dir/rosidl_typesupport_cpp/turtlesim/srv/teleport_absolute__type_support.cpp.o[0m
[13.760s] [ 24%] [32mBuilding CXX object CMakeFiles/turtlesim__rosidl_typesupport_cpp.dir/rosidl_typesupport_cpp/turtlesim/srv/teleport_relative__type_support.cpp.o[0m
[13.853s] [ 25%] [32mBuilding CXX object CMakeFiles/turtlesim__rosidl_typesupport_introspection_cpp.dir/rosidl_typesupport_introspection_cpp/turtlesim/action/detail/rotate_absolute__type_support.cpp.o[0m
[13.853s] [ 27%] [32mBuilding CXX object CMakeFiles/turtlesim__rosidl_typesupport_introspection_cpp.dir/rosidl_typesupport_introspection_cpp/turtlesim/msg/detail/color__type_support.cpp.o[0m
[13.854s] [ 27%] [32mBuilding CXX object CMakeFiles/turtlesim__rosidl_typesupport_introspection_cpp.dir/rosidl_typesupport_introspection_cpp/turtlesim/msg/detail/pose__type_support.cpp.o[0m
[13.855s] [ 28%] [32mBuilding CXX object CMakeFiles/turtlesim__rosidl_typesupport_introspection_cpp.dir/rosidl_typesupport_introspection_cpp/turtlesim/srv/detail/kill__type_support.cpp.o[0m
[13.855s] [ 30%] [32mBuilding CXX object CMakeFiles/turtlesim__rosidl_typesupport_introspection_cpp.dir/rosidl_typesupport_introspection_cpp/turtlesim/srv/detail/set_pen__type_support.cpp.o[0m
[13.855s] [ 30%] [32mBuilding CXX object CMakeFiles/turtlesim__rosidl_typesupport_introspection_cpp.dir/rosidl_typesupport_introspection_cpp/turtlesim/srv/detail/spawn__type_support.cpp.o[0m
[13.855s] [ 31%] [32mBuilding CXX object CMakeFiles/turtlesim__rosidl_typesupport_introspection_cpp.dir/rosidl_typesupport_introspection_cpp/turtlesim/srv/detail/teleport_absolute__type_support.cpp.o[0m
[13.857s] [ 32%] [32mBuilding CXX object CMakeFiles/turtlesim__rosidl_typesupport_introspection_cpp.dir/rosidl_typesupport_introspection_cpp/turtlesim/srv/detail/teleport_relative__type_support.cpp.o[0m
[14.058s] [ 33%] [32mBuilding CXX object CMakeFiles/turtlesim__rosidl_typesupport_fastrtps_cpp.dir/rosidl_typesupport_fastrtps_cpp/turtlesim/action/detail/dds_fastrtps/rotate_absolute__type_support.cpp.o[0m
[14.060s] [ 34%] [32mBuilding CXX object CMakeFiles/turtlesim__rosidl_typesupport_fastrtps_cpp.dir/rosidl_typesupport_fastrtps_cpp/turtlesim/srv/detail/dds_fastrtps/set_pen__type_support.cpp.o[0m
[14.060s] [ 35%] [32mBuilding CXX object CMakeFiles/turtlesim__rosidl_typesupport_fastrtps_cpp.dir/rosidl_typesupport_fastrtps_cpp/turtlesim/srv/detail/dds_fastrtps/teleport_absolute__type_support.cpp.o[0m
[14.061s] [ 37%] [32mBuilding CXX object CMakeFiles/turtlesim__rosidl_typesupport_fastrtps_cpp.dir/rosidl_typesupport_fastrtps_cpp/turtlesim/srv/detail/dds_fastrtps/teleport_relative__type_support.cpp.o[0m
[14.061s] [ 37%] [32mBuilding CXX object CMakeFiles/turtlesim__rosidl_typesupport_fastrtps_cpp.dir/rosidl_typesupport_fastrtps_cpp/turtlesim/msg/detail/dds_fastrtps/color__type_support.cpp.o[0m
[14.061s] [ 38%] [32mBuilding CXX object CMakeFiles/turtlesim__rosidl_typesupport_fastrtps_cpp.dir/rosidl_typesupport_fastrtps_cpp/turtlesim/srv/detail/dds_fastrtps/spawn__type_support.cpp.o[0m
[14.062s] [ 39%] [32mBuilding CXX object CMakeFiles/turtlesim__rosidl_typesupport_fastrtps_cpp.dir/rosidl_typesupport_fastrtps_cpp/turtlesim/srv/detail/dds_fastrtps/kill__type_support.cpp.o[0m
[14.062s] [ 40%] [32mBuilding CXX object CMakeFiles/turtlesim__rosidl_typesupport_fastrtps_cpp.dir/rosidl_typesupport_fastrtps_cpp/turtlesim/msg/detail/dds_fastrtps/pose__type_support.cpp.o[0m
[14.229s] [ 42%] [32mBuilding CXX object CMakeFiles/turtlesim__rosidl_typesupport_c.dir/rosidl_typesupport_c/turtlesim/msg/pose__type_support.cpp.o[0m
[14.230s] [ 42%] [32mBuilding CXX object CMakeFiles/turtlesim__rosidl_typesupport_c.dir/rosidl_typesupport_c/turtlesim/msg/color__type_support.cpp.o[0m
[14.230s] [ 43%] [32mBuilding CXX object CMakeFiles/turtlesim__rosidl_typesupport_c.dir/rosidl_typesupport_c/turtlesim/action/rotate_absolute__type_support.cpp.o[0m
[14.230s] [ 44%] [32mBuilding CXX object CMakeFiles/turtlesim__rosidl_typesupport_c.dir/rosidl_typesupport_c/turtlesim/srv/kill__type_support.cpp.o[0m
[14.231s] [ 47%] [32mBuilding CXX object CMakeFiles/turtlesim__rosidl_typesupport_c.dir/rosidl_typesupport_c/turtlesim/srv/spawn__type_support.cpp.o[0m
[14.231s] [ 47%] [32mBuilding CXX object CMakeFiles/turtlesim__rosidl_typesupport_c.dir/rosidl_typesupport_c/turtlesim/srv/teleport_absolute__type_support.cpp.o[0m
[14.231s] [ 47%] [32mBuilding CXX object CMakeFiles/turtlesim__rosidl_typesupport_c.dir/rosidl_typesupport_c/turtlesim/srv/set_pen__type_support.cpp.o[0m
[14.231s] [ 48%] [32mBuilding CXX object CMakeFiles/turtlesim__rosidl_typesupport_c.dir/rosidl_typesupport_c/turtlesim/srv/teleport_relative__type_support.cpp.o[0m
[14.332s] [ 49%] [32m[1mLinking CXX shared library libturtlesim__rosidl_typesupport_c.so[0m
[14.377s] [ 49%] Built target turtlesim__rosidl_typesupport_c
[14.447s] [ 50%] [32m[1mLinking CXX shared library libturtlesim__rosidl_typesupport_cpp.so[0m
[14.497s] [ 50%] Built target turtlesim__rosidl_typesupport_cpp
[14.509s] [ 51%] [32m[1mLinking CXX shared library libturtlesim__rosidl_typesupport_introspection_cpp.so[0m
[14.611s] [ 51%] Built target turtlesim__rosidl_typesupport_introspection_cpp
[14.616s] [ 52%] [32mBuilding C object CMakeFiles/turtlesim__rosidl_typesupport_introspection_c.dir/rosidl_typesupport_introspection_c/turtlesim/msg/detail/pose__type_support.c.o[0m
[14.616s] [ 53%] [32mBuilding C object CMakeFiles/turtlesim__rosidl_typesupport_introspection_c.dir/rosidl_typesupport_introspection_c/turtlesim/srv/detail/spawn__type_support.c.o[0m
[14.616s] [ 54%] [32mBuilding C object CMakeFiles/turtlesim__rosidl_typesupport_introspection_c.dir/rosidl_typesupport_introspection_c/turtlesim/action/detail/rotate_absolute__type_support.c.o[0m
[14.617s] [ 55%] [32mBuilding C object CMakeFiles/turtlesim__rosidl_typesupport_introspection_c.dir/rosidl_typesupport_introspection_c/turtlesim/srv/detail/set_pen__type_support.c.o[0m
[14.617s] [ 56%] [32mBuilding C object CMakeFiles/turtlesim__rosidl_typesupport_introspection_c.dir/rosidl_typesupport_introspection_c/turtlesim/srv/detail/teleport_absolute__type_support.c.o[0m
[14.617s] [ 57%] [32mBuilding C object CMakeFiles/turtlesim__rosidl_typesupport_introspection_c.dir/rosidl_typesupport_introspection_c/turtlesim/srv/detail/kill__type_support.c.o[0m
[14.618s] [ 58%] [32mBuilding C object CMakeFiles/turtlesim__rosidl_typesupport_introspection_c.dir/rosidl_typesupport_introspection_c/turtlesim/msg/detail/color__type_support.c.o[0m
[14.619s] [ 59%] [32mBuilding C object CMakeFiles/turtlesim__rosidl_typesupport_introspection_c.dir/rosidl_typesupport_introspection_c/turtlesim/srv/detail/teleport_relative__type_support.c.o[0m
[14.687s] [ 60%] [32m[1mLinking C shared library libturtlesim__rosidl_typesupport_introspection_c.so[0m
[14.720s] [ 60%] Built target turtlesim__rosidl_typesupport_introspection_c
[14.784s] [ 61%] [32m[1mLinking CXX shared library libturtlesim__rosidl_typesupport_fastrtps_cpp.so[0m
[14.896s] [ 61%] Built target turtlesim__rosidl_typesupport_fastrtps_cpp
[14.906s] [ 62%] [34m[1mGenerating C type support for eProsima Fast-RTPS[0m
[15.719s] [ 63%] [32mBuilding CXX object CMakeFiles/turtlesim__rosidl_typesupport_fastrtps_c.dir/rosidl_typesupport_fastrtps_c/turtlesim/action/detail/rotate_absolute__type_support_c.cpp.o[0m
[15.720s] [ 64%] [32mBuilding CXX object CMakeFiles/turtlesim__rosidl_typesupport_fastrtps_c.dir/rosidl_typesupport_fastrtps_c/turtlesim/msg/detail/color__type_support_c.cpp.o[0m
[15.720s] [ 66%] [32mBuilding CXX object CMakeFiles/turtlesim__rosidl_typesupport_fastrtps_c.dir/rosidl_typesupport_fastrtps_c/turtlesim/srv/detail/kill__type_support_c.cpp.o[0m
[15.720s] [ 66%] [32mBuilding CXX object CMakeFiles/turtlesim__rosidl_typesupport_fastrtps_c.dir/rosidl_typesupport_fastrtps_c/turtlesim/msg/detail/pose__type_support_c.cpp.o[0m
[15.720s] [ 67%] [32mBuilding CXX object CMakeFiles/turtlesim__rosidl_typesupport_fastrtps_c.dir/rosidl_typesupport_fastrtps_c/turtlesim/srv/detail/set_pen__type_support_c.cpp.o[0m
[15.721s] [ 68%] [32mBuilding CXX object CMakeFiles/turtlesim__rosidl_typesupport_fastrtps_c.dir/rosidl_typesupport_fastrtps_c/turtlesim/srv/detail/spawn__type_support_c.cpp.o[0m
[15.721s] [ 69%] [32mBuilding CXX object CMakeFiles/turtlesim__rosidl_typesupport_fastrtps_c.dir/rosidl_typesupport_fastrtps_c/turtlesim/srv/detail/teleport_absolute__type_support_c.cpp.o[0m
[15.722s] [ 70%] [32mBuilding CXX object CMakeFiles/turtlesim__rosidl_typesupport_fastrtps_c.dir/rosidl_typesupport_fastrtps_c/turtlesim/srv/detail/teleport_relative__type_support_c.cpp.o[0m
[16.197s] [ 71%] [32m[1mLinking CXX shared library libturtlesim__rosidl_typesupport_fastrtps_c.so[0m
[16.309s] [ 71%] Built target turtlesim__rosidl_typesupport_fastrtps_c
[16.329s] [ 71%] Built target turtlesim
[16.340s] [ 72%] [34m[1mGenerating include/turtlesim/moc_turtle_frame.cpp[0m
[16.351s] [ 73%] [32mBuilding CXX object CMakeFiles/turtle_teleop_key.dir/tutorials/teleop_turtle_key.cpp.o[0m
[16.351s] [ 74%] [34m[1mGenerating Python code for ROS interfaces[0m
[16.351s] [ 75%] [32mBuilding CXX object CMakeFiles/mimic.dir/tutorials/mimic.cpp.o[0m
[16.351s] [ 76%] [32mBuilding CXX object CMakeFiles/draw_square.dir/tutorials/draw_square.cpp.o[0m
[17.404s] [ 77%] [32mBuilding CXX object CMakeFiles/turtlesim_node.dir/src/turtlesim.cpp.o[0m
[17.405s] [ 78%] [32mBuilding CXX object CMakeFiles/turtlesim_node.dir/src/turtle.cpp.o[0m
[17.405s] [ 79%] [32mBuilding CXX object CMakeFiles/turtlesim_node.dir/src/turtle_frame.cpp.o[0m
[17.405s] [ 80%] [32mBuilding CXX object CMakeFiles/turtlesim_node.dir/include/turtlesim/moc_turtle_frame.cpp.o[0m
[18.937s] [ 80%] Built target turtlesim__py
[18.960s] [ 82%] [32mBuilding C object CMakeFiles/turtlesim__python.dir/rosidl_generator_py/turtlesim/action/_rotate_absolute_s.c.o[0m
[18.960s] [ 82%] [32mBuilding C object CMakeFiles/turtlesim__python.dir/rosidl_generator_py/turtlesim/msg/_color_s.c.o[0m
[18.961s] [ 83%] [32mBuilding C object CMakeFiles/turtlesim__python.dir/rosidl_generator_py/turtlesim/msg/_pose_s.c.o[0m
[18.961s] [ 85%] [32mBuilding C object CMakeFiles/turtlesim__python.dir/rosidl_generator_py/turtlesim/srv/_kill_s.c.o[0m
[18.961s] [ 85%] [32mBuilding C object CMakeFiles/turtlesim__python.dir/rosidl_generator_py/turtlesim/srv/_set_pen_s.c.o[0m
[18.962s] [ 86%] [32mBuilding C object CMakeFiles/turtlesim__python.dir/rosidl_generator_py/turtlesim/srv/_spawn_s.c.o[0m
[18.962s] [ 87%] [32mBuilding C object CMakeFiles/turtlesim__python.dir/rosidl_generator_py/turtlesim/srv/_teleport_absolute_s.c.o[0m
[18.962s] [ 88%] [32mBuilding C object CMakeFiles/turtlesim__python.dir/rosidl_generator_py/turtlesim/srv/_teleport_relative_s.c.o[0m
[19.235s] [ 89%] [32m[1mLinking C shared library rosidl_generator_py/turtlesim/libturtlesim__python.so[0m
[19.298s] [ 89%] Built target turtlesim__python
[19.318s] [ 90%] [32mBuilding C object CMakeFiles/turtlesim__rosidl_typesupport_c__pyext.dir/rosidl_generator_py/turtlesim/_turtlesim_s.ep.rosidl_typesupport_c.c.o[0m
[19.318s] [ 91%] [32mBuilding C object CMakeFiles/turtlesim__rosidl_typesupport_introspection_c__pyext.dir/rosidl_generator_py/turtlesim/_turtlesim_s.ep.rosidl_typesupport_introspection_c.c.o[0m
[19.321s] [ 92%] [32mBuilding C object CMakeFiles/turtlesim__rosidl_typesupport_fastrtps_c__pyext.dir/rosidl_generator_py/turtlesim/_turtlesim_s.ep.rosidl_typesupport_fastrtps_c.c.o[0m
[19.504s] [ 93%] [32m[1mLinking C shared library rosidl_generator_py/turtlesim/turtlesim_s__rosidl_typesupport_introspection_c.cpython-38-x86_64-linux-gnu.so[0m
[19.507s] [ 94%] [32m[1mLinking CXX shared library rosidl_generator_py/turtlesim/turtlesim_s__rosidl_typesupport_fastrtps_c.cpython-38-x86_64-linux-gnu.so[0m
[19.511s] [ 95%] [32m[1mLinking C shared library rosidl_generator_py/turtlesim/turtlesim_s__rosidl_typesupport_c.cpython-38-x86_64-linux-gnu.so[0m
[19.563s] [ 95%] Built target turtlesim__rosidl_typesupport_introspection_c__pyext
[19.567s] [ 95%] Built target turtlesim__rosidl_typesupport_c__pyext
[19.602s] [ 95%] Built target turtlesim__rosidl_typesupport_fastrtps_c__pyext
[21.547s] [ 96%] [32m[1mLinking CXX executable turtle_teleop_key[0m
[21.792s] [ 96%] Built target turtle_teleop_key
[21.984s] [ 97%] [32m[1mLinking CXX executable mimic[0m
[22.298s] [ 97%] Built target mimic
[23.883s] [ 98%] [32m[1mLinking CXX executable draw_square[0m
[24.171s] [ 98%] Built target draw_square
[27.114s] [100%] [32m[1mLinking CXX executable turtlesim_node[0m
[28.673s] [100%] Built target turtlesim_node
[28.686s] Invoked command in '/home/caros/DEV/ROS_DEV/ros2_dev/src/build/turtlesim' returned '0': CMAKE_PREFIX_PATH=/opt/ros/foxy /usr/local/bin/cmake --build /home/caros/DEV/ROS_DEV/ros2_dev/src/build/turtlesim -- -j48 -l48
[28.699s] Invoking command in '/home/caros/DEV/ROS_DEV/ros2_dev/src/build/turtlesim': CMAKE_PREFIX_PATH=/opt/ros/foxy /usr/local/bin/cmake --install /home/caros/DEV/ROS_DEV/ros2_dev/src/build/turtlesim
[28.707s] -- Install configuration: ""
[28.707s] -- Installing: /home/caros/DEV/ROS_DEV/ros2_dev/src/install/turtlesim/share/ament_index/resource_index/rosidl_interfaces/turtlesim
[28.707s] -- Installing: /home/caros/DEV/ROS_DEV/ros2_dev/src/install/turtlesim/include/turtlesim
[28.707s] -- Installing: /home/caros/DEV/ROS_DEV/ros2_dev/src/install/turtlesim/include/turtlesim/action
[28.708s] -- Installing: /home/caros/DEV/ROS_DEV/ros2_dev/src/install/turtlesim/include/turtlesim/action/detail
[28.708s] -- Installing: /home/caros/DEV/ROS_DEV/ros2_dev/src/install/turtlesim/include/turtlesim/action/detail/rotate_absolute__functions.c
[28.708s] -- Installing: /home/caros/DEV/ROS_DEV/ros2_dev/src/install/turtlesim/include/turtlesim/action/detail/rotate_absolute__struct.h
[28.708s] -- Installing: /home/caros/DEV/ROS_DEV/ros2_dev/src/install/turtlesim/include/turtlesim/action/detail/rotate_absolute__functions.h
[28.709s] -- Installing: /home/caros/DEV/ROS_DEV/ros2_dev/src/install/turtlesim/include/turtlesim/action/detail/rotate_absolute__type_support.h
[28.709s] -- Installing: /home/caros/DEV/ROS_DEV/ros2_dev/src/install/turtlesim/include/turtlesim/action/rotate_absolute.h
[28.709s] -- Installing: /home/caros/DEV/ROS_DEV/ros2_dev/src/install/turtlesim/include/turtlesim/srv
[28.709s] -- Installing: /home/caros/DEV/ROS_DEV/ros2_dev/src/install/turtlesim/include/turtlesim/srv/detail
[28.709s] -- Installing: /home/caros/DEV/ROS_DEV/ros2_dev/src/install/turtlesim/include/turtlesim/srv/detail/teleport_absolute__type_support.h
[28.710s] -- Installing: /home/caros/DEV/ROS_DEV/ros2_dev/src/install/turtlesim/include/turtlesim/srv/detail/teleport_absolute__struct.h
[28.710s] -- Installing: /home/caros/DEV/ROS_DEV/ros2_dev/src/install/turtlesim/include/turtlesim/srv/detail/teleport_relative__functions.h
[28.710s] -- Installing: /home/caros/DEV/ROS_DEV/ros2_dev/src/install/turtlesim/include/turtlesim/srv/detail/teleport_absolute__functions.c
[28.710s] -- Installing: /home/caros/DEV/ROS_DEV/ros2_dev/src/install/turtlesim/include/turtlesim/srv/detail/set_pen__functions.c
[28.711s] -- Installing: /home/caros/DEV/ROS_DEV/ros2_dev/src/install/turtlesim/include/turtlesim/srv/detail/set_pen__functions.h
[28.711s] -- Installing: /home/caros/DEV/ROS_DEV/ros2_dev/src/install/turtlesim/include/turtlesim/srv/detail/teleport_absolute__functions.h
[28.711s] -- Installing: /home/caros/DEV/ROS_DEV/ros2_dev/src/install/turtlesim/include/turtlesim/srv/detail/teleport_relative__struct.h
[28.711s] -- Installing: /home/caros/DEV/ROS_DEV/ros2_dev/src/install/turtlesim/include/turtlesim/srv/detail/spawn__type_support.h
[28.711s] -- Installing: /home/caros/DEV/ROS_DEV/ros2_dev/src/install/turtlesim/include/turtlesim/srv/detail/spawn__struct.h
[28.712s] -- Installing: /home/caros/DEV/ROS_DEV/ros2_dev/src/install/turtlesim/include/turtlesim/srv/detail/teleport_relative__type_support.h
[28.712s] -- Installing: /home/caros/DEV/ROS_DEV/ros2_dev/src/install/turtlesim/include/turtlesim/srv/detail/set_pen__type_support.h
[28.712s] -- Installing: /home/caros/DEV/ROS_DEV/ros2_dev/src/install/turtlesim/include/turtlesim/srv/detail/kill__struct.h
[28.712s] -- Installing: /home/caros/DEV/ROS_DEV/ros2_dev/src/install/turtlesim/include/turtlesim/srv/detail/set_pen__struct.h
[28.712s] -- Installing: /home/caros/DEV/ROS_DEV/ros2_dev/src/install/turtlesim/include/turtlesim/srv/detail/kill__functions.h
[28.713s] -- Installing: /home/caros/DEV/ROS_DEV/ros2_dev/src/install/turtlesim/include/turtlesim/srv/detail/spawn__functions.c
[28.713s] -- Installing: /home/caros/DEV/ROS_DEV/ros2_dev/src/install/turtlesim/include/turtlesim/srv/detail/teleport_relative__functions.c
[28.713s] -- Installing: /home/caros/DEV/ROS_DEV/ros2_dev/src/install/turtlesim/include/turtlesim/srv/detail/spawn__functions.h
[28.713s] -- Installing: /home/caros/DEV/ROS_DEV/ros2_dev/src/install/turtlesim/include/turtlesim/srv/detail/kill__type_support.h
[28.714s] -- Installing: /home/caros/DEV/ROS_DEV/ros2_dev/src/install/turtlesim/include/turtlesim/srv/detail/kill__functions.c
[28.714s] -- Installing: /home/caros/DEV/ROS_DEV/ros2_dev/src/install/turtlesim/include/turtlesim/srv/set_pen.h
[28.714s] -- Installing: /home/caros/DEV/ROS_DEV/ros2_dev/src/install/turtlesim/include/turtlesim/srv/spawn.h
[28.714s] -- Installing: /home/caros/DEV/ROS_DEV/ros2_dev/src/install/turtlesim/include/turtlesim/srv/teleport_absolute.h
[28.715s] -- Installing: /home/caros/DEV/ROS_DEV/ros2_dev/src/install/turtlesim/include/turtlesim/srv/kill.h
[28.715s] -- Installing: /home/caros/DEV/ROS_DEV/ros2_dev/src/install/turtlesim/include/turtlesim/srv/teleport_relative.h
[28.715s] -- Installing: /home/caros/DEV/ROS_DEV/ros2_dev/src/install/turtlesim/include/turtlesim/msg
[28.715s] -- Installing: /home/caros/DEV/ROS_DEV/ros2_dev/src/install/turtlesim/include/turtlesim/msg/pose.h
[28.715s] -- Installing: /home/caros/DEV/ROS_DEV/ros2_dev/src/install/turtlesim/include/turtlesim/msg/detail
[28.716s] -- Installing: /home/caros/DEV/ROS_DEV/ros2_dev/src/install/turtlesim/include/turtlesim/msg/detail/color__functions.c
[28.716s] -- Installing: /home/caros/DEV/ROS_DEV/ros2_dev/src/install/turtlesim/include/turtlesim/msg/detail/color__type_support.h
[28.716s] -- Installing: /home/caros/DEV/ROS_DEV/ros2_dev/src/install/turtlesim/include/turtlesim/msg/detail/color__struct.h
[28.716s] -- Installing: /home/caros/DEV/ROS_DEV/ros2_dev/src/install/turtlesim/include/turtlesim/msg/detail/pose__functions.h
[28.716s] -- Installing: /home/caros/DEV/ROS_DEV/ros2_dev/src/install/turtlesim/include/turtlesim/msg/detail/pose__type_support.h
[28.717s] -- Installing: /home/caros/DEV/ROS_DEV/ros2_dev/src/install/turtlesim/include/turtlesim/msg/detail/pose__struct.h
[28.717s] -- Installing: /home/caros/DEV/ROS_DEV/ros2_dev/src/install/turtlesim/include/turtlesim/msg/detail/pose__functions.c
[28.717s] -- Installing: /home/caros/DEV/ROS_DEV/ros2_dev/src/install/turtlesim/include/turtlesim/msg/detail/color__functions.h
[28.717s] -- Installing: /home/caros/DEV/ROS_DEV/ros2_dev/src/install/turtlesim/include/turtlesim/msg/color.h
[28.717s] -- Installing: /home/caros/DEV/ROS_DEV/ros2_dev/src/install/turtlesim/include/turtlesim/msg/rosidl_generator_c__visibility_control.h
[28.718s] -- Installing: /home/caros/DEV/ROS_DEV/ros2_dev/src/install/turtlesim/share/turtlesim/environment/library_path.sh
[28.718s] -- Installing: /home/caros/DEV/ROS_DEV/ros2_dev/src/install/turtlesim/share/turtlesim/environment/library_path.dsv
[28.718s] -- Installing: /home/caros/DEV/ROS_DEV/ros2_dev/src/install/turtlesim/lib/libturtlesim__rosidl_generator_c.so
[28.718s] -- Set non-toolchain portion of runtime path of "/home/caros/DEV/ROS_DEV/ros2_dev/src/install/turtlesim/lib/libturtlesim__rosidl_generator_c.so" to ""
[28.718s] -- Up-to-date: /home/caros/DEV/ROS_DEV/ros2_dev/src/install/turtlesim/include/turtlesim
[28.719s] -- Up-to-date: /home/caros/DEV/ROS_DEV/ros2_dev/src/install/turtlesim/include/turtlesim/action
[28.719s] -- Up-to-date: /home/caros/DEV/ROS_DEV/ros2_dev/src/install/turtlesim/include/turtlesim/action/detail
[28.719s] -- Installing: /home/caros/DEV/ROS_DEV/ros2_dev/src/install/turtlesim/include/turtlesim/action/detail/rotate_absolute__rosidl_typesupport_fastrtps_c.h
[28.719s] -- Up-to-date: /home/caros/DEV/ROS_DEV/ros2_dev/src/install/turtlesim/include/turtlesim/srv
[28.719s] -- Up-to-date: /home/caros/DEV/ROS_DEV/ros2_dev/src/install/turtlesim/include/turtlesim/srv/detail
[28.719s] -- Installing: /home/caros/DEV/ROS_DEV/ros2_dev/src/install/turtlesim/include/turtlesim/srv/detail/teleport_absolute__rosidl_typesupport_fastrtps_c.h
[28.720s] -- Installing: /home/caros/DEV/ROS_DEV/ros2_dev/src/install/turtlesim/include/turtlesim/srv/detail/set_pen__rosidl_typesupport_fastrtps_c.h
[28.720s] -- Installing: /home/caros/DEV/ROS_DEV/ros2_dev/src/install/turtlesim/include/turtlesim/srv/detail/spawn__rosidl_typesupport_fastrtps_c.h
[28.720s] -- Installing: /home/caros/DEV/ROS_DEV/ros2_dev/src/install/turtlesim/include/turtlesim/srv/detail/teleport_relative__rosidl_typesupport_fastrtps_c.h
[28.720s] -- Installing: /home/caros/DEV/ROS_DEV/ros2_dev/src/install/turtlesim/include/turtlesim/srv/detail/kill__rosidl_typesupport_fastrtps_c.h
[28.721s] -- Up-to-date: /home/caros/DEV/ROS_DEV/ros2_dev/src/install/turtlesim/include/turtlesim/msg
[28.721s] -- Up-to-date: /home/caros/DEV/ROS_DEV/ros2_dev/src/install/turtlesim/include/turtlesim/msg/detail
[28.721s] -- Installing: /home/caros/DEV/ROS_DEV/ros2_dev/src/install/turtlesim/include/turtlesim/msg/detail/color__rosidl_typesupport_fastrtps_c.h
[28.721s] -- Installing: /home/caros/DEV/ROS_DEV/ros2_dev/src/install/turtlesim/include/turtlesim/msg/detail/pose__rosidl_typesupport_fastrtps_c.h
[28.721s] -- Installing: /home/caros/DEV/ROS_DEV/ros2_dev/src/install/turtlesim/include/turtlesim/msg/rosidl_typesupport_fastrtps_c__visibility_control.h
[28.722s] -- Installing: /home/caros/DEV/ROS_DEV/ros2_dev/src/install/turtlesim/lib/libturtlesim__rosidl_typesupport_fastrtps_c.so
[28.722s] -- Set non-toolchain portion of runtime path of "/home/caros/DEV/ROS_DEV/ros2_dev/src/install/turtlesim/lib/libturtlesim__rosidl_typesupport_fastrtps_c.so" to ""
[28.722s] -- Up-to-date: /home/caros/DEV/ROS_DEV/ros2_dev/src/install/turtlesim/include/turtlesim
[28.722s] -- Up-to-date: /home/caros/DEV/ROS_DEV/ros2_dev/src/install/turtlesim/include/turtlesim/action
[28.722s] -- Up-to-date: /home/caros/DEV/ROS_DEV/ros2_dev/src/install/turtlesim/include/turtlesim/action/detail
[28.722s] -- Installing: /home/caros/DEV/ROS_DEV/ros2_dev/src/install/turtlesim/include/turtlesim/action/detail/dds_fastrtps
[28.723s] -- Installing: /home/caros/DEV/ROS_DEV/ros2_dev/src/install/turtlesim/include/turtlesim/action/detail/rotate_absolute__rosidl_typesupport_fastrtps_cpp.hpp
[28.723s] -- Up-to-date: /home/caros/DEV/ROS_DEV/ros2_dev/src/install/turtlesim/include/turtlesim/srv
[28.723s] -- Up-to-date: /home/caros/DEV/ROS_DEV/ros2_dev/src/install/turtlesim/include/turtlesim/srv/detail
[28.723s] -- Installing: /home/caros/DEV/ROS_DEV/ros2_dev/src/install/turtlesim/include/turtlesim/srv/detail/teleport_absolute__rosidl_typesupport_fastrtps_cpp.hpp
[28.723s] -- Installing: /home/caros/DEV/ROS_DEV/ros2_dev/src/install/turtlesim/include/turtlesim/srv/detail/dds_fastrtps
[28.723s] -- Installing: /home/caros/DEV/ROS_DEV/ros2_dev/src/install/turtlesim/include/turtlesim/srv/detail/spawn__rosidl_typesupport_fastrtps_cpp.hpp
[28.724s] -- Installing: /home/caros/DEV/ROS_DEV/ros2_dev/src/install/turtlesim/include/turtlesim/srv/detail/set_pen__rosidl_typesupport_fastrtps_cpp.hpp
[28.724s] -- Installing: /home/caros/DEV/ROS_DEV/ros2_dev/src/install/turtlesim/include/turtlesim/srv/detail/kill__rosidl_typesupport_fastrtps_cpp.hpp
[28.724s] -- Installing: /home/caros/DEV/ROS_DEV/ros2_dev/src/install/turtlesim/include/turtlesim/srv/detail/teleport_relative__rosidl_typesupport_fastrtps_cpp.hpp
[28.724s] -- Up-to-date: /home/caros/DEV/ROS_DEV/ros2_dev/src/install/turtlesim/include/turtlesim/msg
[28.724s] -- Up-to-date: /home/caros/DEV/ROS_DEV/ros2_dev/src/install/turtlesim/include/turtlesim/msg/detail
[28.725s] -- Installing: /home/caros/DEV/ROS_DEV/ros2_dev/src/install/turtlesim/include/turtlesim/msg/detail/color__rosidl_typesupport_fastrtps_cpp.hpp
[28.725s] -- Installing: /home/caros/DEV/ROS_DEV/ros2_dev/src/install/turtlesim/include/turtlesim/msg/detail/dds_fastrtps
[28.725s] -- Installing: /home/caros/DEV/ROS_DEV/ros2_dev/src/install/turtlesim/include/turtlesim/msg/detail/pose__rosidl_typesupport_fastrtps_cpp.hpp
[28.725s] -- Installing: /home/caros/DEV/ROS_DEV/ros2_dev/src/install/turtlesim/include/turtlesim/msg/rosidl_typesupport_fastrtps_cpp__visibility_control.h
[28.725s] -- Installing: /home/caros/DEV/ROS_DEV/ros2_dev/src/install/turtlesim/lib/libturtlesim__rosidl_typesupport_fastrtps_cpp.so
[28.726s] -- Set non-toolchain portion of runtime path of "/home/caros/DEV/ROS_DEV/ros2_dev/src/install/turtlesim/lib/libturtlesim__rosidl_typesupport_fastrtps_cpp.so" to ""
[28.726s] -- Up-to-date: /home/caros/DEV/ROS_DEV/ros2_dev/src/install/turtlesim/include/turtlesim
[28.726s] -- Up-to-date: /home/caros/DEV/ROS_DEV/ros2_dev/src/install/turtlesim/include/turtlesim/action
[28.726s] -- Up-to-date: /home/caros/DEV/ROS_DEV/ros2_dev/src/install/turtlesim/include/turtlesim/action/detail
[28.726s] -- Installing: /home/caros/DEV/ROS_DEV/ros2_dev/src/install/turtlesim/include/turtlesim/action/detail/rotate_absolute__type_support.c
[28.726s] -- Installing: /home/caros/DEV/ROS_DEV/ros2_dev/src/install/turtlesim/include/turtlesim/action/detail/rotate_absolute__rosidl_typesupport_introspection_c.h
[28.726s] -- Up-to-date: /home/caros/DEV/ROS_DEV/ros2_dev/src/install/turtlesim/include/turtlesim/srv
[28.726s] -- Up-to-date: /home/caros/DEV/ROS_DEV/ros2_dev/src/install/turtlesim/include/turtlesim/srv/detail
[28.727s] -- Installing: /home/caros/DEV/ROS_DEV/ros2_dev/src/install/turtlesim/include/turtlesim/srv/detail/teleport_absolute__rosidl_typesupport_introspection_c.h
[28.727s] -- Installing: /home/caros/DEV/ROS_DEV/ros2_dev/src/install/turtlesim/include/turtlesim/srv/detail/kill__rosidl_typesupport_introspection_c.h
[28.727s] -- Installing: /home/caros/DEV/ROS_DEV/ros2_dev/src/install/turtlesim/include/turtlesim/srv/detail/teleport_relative__type_support.c
[28.727s] -- Installing: /home/caros/DEV/ROS_DEV/ros2_dev/src/install/turtlesim/include/turtlesim/srv/detail/set_pen__rosidl_typesupport_introspection_c.h
[28.727s] -- Installing: /home/caros/DEV/ROS_DEV/ros2_dev/src/install/turtlesim/include/turtlesim/srv/detail/teleport_absolute__type_support.c
[28.727s] -- Installing: /home/caros/DEV/ROS_DEV/ros2_dev/src/install/turtlesim/include/turtlesim/srv/detail/kill__type_support.c
[28.727s] -- Installing: /home/caros/DEV/ROS_DEV/ros2_dev/src/install/turtlesim/include/turtlesim/srv/detail/set_pen__type_support.c
[28.728s] -- Installing: /home/caros/DEV/ROS_DEV/ros2_dev/src/install/turtlesim/include/turtlesim/srv/detail/spawn__rosidl_typesupport_introspection_c.h
[28.728s] -- Installing: /home/caros/DEV/ROS_DEV/ros2_dev/src/install/turtlesim/include/turtlesim/srv/detail/teleport_relative__rosidl_typesupport_introspection_c.h
[28.728s] -- Installing: /home/caros/DEV/ROS_DEV/ros2_dev/src/install/turtlesim/include/turtlesim/srv/detail/spawn__type_support.c
[28.728s] -- Up-to-date: /home/caros/DEV/ROS_DEV/ros2_dev/src/install/turtlesim/include/turtlesim/msg
[28.728s] -- Up-to-date: /home/caros/DEV/ROS_DEV/ros2_dev/src/install/turtlesim/include/turtlesim/msg/detail
[28.728s] -- Installing: /home/caros/DEV/ROS_DEV/ros2_dev/src/install/turtlesim/include/turtlesim/msg/detail/color__rosidl_typesupport_introspection_c.h
[28.728s] -- Installing: /home/caros/DEV/ROS_DEV/ros2_dev/src/install/turtlesim/include/turtlesim/msg/detail/color__type_support.c
[28.728s] -- Installing: /home/caros/DEV/ROS_DEV/ros2_dev/src/install/turtlesim/include/turtlesim/msg/detail/pose__rosidl_typesupport_introspection_c.h
[28.728s] -- Installing: /home/caros/DEV/ROS_DEV/ros2_dev/src/install/turtlesim/include/turtlesim/msg/detail/pose__type_support.c
[28.729s] -- Installing: /home/caros/DEV/ROS_DEV/ros2_dev/src/install/turtlesim/include/turtlesim/msg/rosidl_typesupport_introspection_c__visibility_control.h
[28.729s] -- Installing: /home/caros/DEV/ROS_DEV/ros2_dev/src/install/turtlesim/lib/libturtlesim__rosidl_typesupport_introspection_c.so
[28.729s] -- Set non-toolchain portion of runtime path of "/home/caros/DEV/ROS_DEV/ros2_dev/src/install/turtlesim/lib/libturtlesim__rosidl_typesupport_introspection_c.so" to ""
[28.729s] -- Installing: /home/caros/DEV/ROS_DEV/ros2_dev/src/install/turtlesim/lib/libturtlesim__rosidl_typesupport_c.so
[28.729s] -- Set non-toolchain portion of runtime path of "/home/caros/DEV/ROS_DEV/ros2_dev/src/install/turtlesim/lib/libturtlesim__rosidl_typesupport_c.so" to ""
[28.729s] -- Up-to-date: /home/caros/DEV/ROS_DEV/ros2_dev/src/install/turtlesim/include/turtlesim
[28.730s] -- Up-to-date: /home/caros/DEV/ROS_DEV/ros2_dev/src/install/turtlesim/include/turtlesim/action
[28.730s] -- Up-to-date: /home/caros/DEV/ROS_DEV/ros2_dev/src/install/turtlesim/include/turtlesim/action/detail
[28.730s] -- Installing: /home/caros/DEV/ROS_DEV/ros2_dev/src/install/turtlesim/include/turtlesim/action/detail/rotate_absolute__type_support.hpp
[28.730s] -- Installing: /home/caros/DEV/ROS_DEV/ros2_dev/src/install/turtlesim/include/turtlesim/action/detail/rotate_absolute__struct.hpp
[28.730s] -- Installing: /home/caros/DEV/ROS_DEV/ros2_dev/src/install/turtlesim/include/turtlesim/action/detail/rotate_absolute__builder.hpp
[28.730s] -- Installing: /home/caros/DEV/ROS_DEV/ros2_dev/src/install/turtlesim/include/turtlesim/action/detail/rotate_absolute__traits.hpp
[28.730s] -- Installing: /home/caros/DEV/ROS_DEV/ros2_dev/src/install/turtlesim/include/turtlesim/action/rotate_absolute.hpp
[28.731s] -- Up-to-date: /home/caros/DEV/ROS_DEV/ros2_dev/src/install/turtlesim/include/turtlesim/srv
[28.731s] -- Installing: /home/caros/DEV/ROS_DEV/ros2_dev/src/install/turtlesim/include/turtlesim/srv/teleport_relative.hpp
[28.731s] -- Up-to-date: /home/caros/DEV/ROS_DEV/ros2_dev/src/install/turtlesim/include/turtlesim/srv/detail
[28.731s] -- Installing: /home/caros/DEV/ROS_DEV/ros2_dev/src/install/turtlesim/include/turtlesim/srv/detail/kill__builder.hpp
[28.731s] -- Installing: /home/caros/DEV/ROS_DEV/ros2_dev/src/install/turtlesim/include/turtlesim/srv/detail/set_pen__type_support.hpp
[28.731s] -- Installing: /home/caros/DEV/ROS_DEV/ros2_dev/src/install/turtlesim/include/turtlesim/srv/detail/spawn__builder.hpp
[28.732s] -- Installing: /home/caros/DEV/ROS_DEV/ros2_dev/src/install/turtlesim/include/turtlesim/srv/detail/teleport_relative__struct.hpp
[28.732s] -- Installing: /home/caros/DEV/ROS_DEV/ros2_dev/src/install/turtlesim/include/turtlesim/srv/detail/teleport_absolute__builder.hpp
[28.732s] -- Installing: /home/caros/DEV/ROS_DEV/ros2_dev/src/install/turtlesim/include/turtlesim/srv/detail/set_pen__builder.hpp
[28.732s] -- Installing: /home/caros/DEV/ROS_DEV/ros2_dev/src/install/turtlesim/include/turtlesim/srv/detail/kill__type_support.hpp
[28.732s] -- Installing: /home/caros/DEV/ROS_DEV/ros2_dev/src/install/turtlesim/include/turtlesim/srv/detail/teleport_absolute__struct.hpp
[28.732s] -- Installing: /home/caros/DEV/ROS_DEV/ros2_dev/src/install/turtlesim/include/turtlesim/srv/detail/teleport_relative__traits.hpp
[28.732s] -- Installing: /home/caros/DEV/ROS_DEV/ros2_dev/src/install/turtlesim/include/turtlesim/srv/detail/teleport_absolute__traits.hpp
[28.732s] -- Installing: /home/caros/DEV/ROS_DEV/ros2_dev/src/install/turtlesim/include/turtlesim/srv/detail/spawn__type_support.hpp
[28.733s] -- Installing: /home/caros/DEV/ROS_DEV/ros2_dev/src/install/turtlesim/include/turtlesim/srv/detail/kill__struct.hpp
[28.733s] -- Installing: /home/caros/DEV/ROS_DEV/ros2_dev/src/install/turtlesim/include/turtlesim/srv/detail/set_pen__struct.hpp
[28.733s] -- Installing: /home/caros/DEV/ROS_DEV/ros2_dev/src/install/turtlesim/include/turtlesim/srv/detail/teleport_relative__builder.hpp
[28.733s] -- Installing: /home/caros/DEV/ROS_DEV/ros2_dev/src/install/turtlesim/include/turtlesim/srv/detail/teleport_relative__type_support.hpp
[28.733s] -- Installing: /home/caros/DEV/ROS_DEV/ros2_dev/src/install/turtlesim/include/turtlesim/srv/detail/kill__traits.hpp
[28.733s] -- Installing: /home/caros/DEV/ROS_DEV/ros2_dev/src/install/turtlesim/include/turtlesim/srv/detail/teleport_absolute__type_support.hpp
[28.733s] -- Installing: /home/caros/DEV/ROS_DEV/ros2_dev/src/install/turtlesim/include/turtlesim/srv/detail/set_pen__traits.hpp
[28.733s] -- Installing: /home/caros/DEV/ROS_DEV/ros2_dev/src/install/turtlesim/include/turtlesim/srv/detail/spawn__traits.hpp
[28.733s] -- Installing: /home/caros/DEV/ROS_DEV/ros2_dev/src/install/turtlesim/include/turtlesim/srv/detail/spawn__struct.hpp
[28.734s] -- Installing: /home/caros/DEV/ROS_DEV/ros2_dev/src/install/turtlesim/include/turtlesim/srv/spawn.hpp
[28.734s] -- Installing: /home/caros/DEV/ROS_DEV/ros2_dev/src/install/turtlesim/include/turtlesim/srv/set_pen.hpp
[28.734s] -- Installing: /home/caros/DEV/ROS_DEV/ros2_dev/src/install/turtlesim/include/turtlesim/srv/teleport_absolute.hpp
[28.734s] -- Installing: /home/caros/DEV/ROS_DEV/ros2_dev/src/install/turtlesim/include/turtlesim/srv/kill.hpp
[28.734s] -- Up-to-date: /home/caros/DEV/ROS_DEV/ros2_dev/src/install/turtlesim/include/turtlesim/msg
[28.734s] -- Up-to-date: /home/caros/DEV/ROS_DEV/ros2_dev/src/install/turtlesim/include/turtlesim/msg/detail
[28.734s] -- Installing: /home/caros/DEV/ROS_DEV/ros2_dev/src/install/turtlesim/include/turtlesim/msg/detail/pose__traits.hpp
[28.734s] -- Installing: /home/caros/DEV/ROS_DEV/ros2_dev/src/install/turtlesim/include/turtlesim/msg/detail/color__struct.hpp
[28.734s] -- Installing: /home/caros/DEV/ROS_DEV/ros2_dev/src/install/turtlesim/include/turtlesim/msg/detail/color__builder.hpp
[28.735s] -- Installing: /home/caros/DEV/ROS_DEV/ros2_dev/src/install/turtlesim/include/turtlesim/msg/detail/pose__struct.hpp
[28.735s] -- Installing: /home/caros/DEV/ROS_DEV/ros2_dev/src/install/turtlesim/include/turtlesim/msg/detail/color__type_support.hpp
[28.735s] -- Installing: /home/caros/DEV/ROS_DEV/ros2_dev/src/install/turtlesim/include/turtlesim/msg/detail/pose__type_support.hpp
[28.735s] -- Installing: /home/caros/DEV/ROS_DEV/ros2_dev/src/install/turtlesim/include/turtlesim/msg/detail/pose__builder.hpp
[28.735s] -- Installing: /home/caros/DEV/ROS_DEV/ros2_dev/src/install/turtlesim/include/turtlesim/msg/detail/color__traits.hpp
[28.735s] -- Installing: /home/caros/DEV/ROS_DEV/ros2_dev/src/install/turtlesim/include/turtlesim/msg/rosidl_generator_cpp__visibility_control.hpp
[28.735s] -- Installing: /home/caros/DEV/ROS_DEV/ros2_dev/src/install/turtlesim/include/turtlesim/msg/pose.hpp
[28.735s] -- Installing: /home/caros/DEV/ROS_DEV/ros2_dev/src/install/turtlesim/include/turtlesim/msg/color.hpp
[28.735s] -- Up-to-date: /home/caros/DEV/ROS_DEV/ros2_dev/src/install/turtlesim/include/turtlesim
[28.735s] -- Up-to-date: /home/caros/DEV/ROS_DEV/ros2_dev/src/install/turtlesim/include/turtlesim/action
[28.735s] -- Up-to-date: /home/caros/DEV/ROS_DEV/ros2_dev/src/install/turtlesim/include/turtlesim/action/detail
[28.735s] -- Installing: /home/caros/DEV/ROS_DEV/ros2_dev/src/install/turtlesim/include/turtlesim/action/detail/rotate_absolute__rosidl_typesupport_introspection_cpp.hpp
[28.736s] -- Installing: /home/caros/DEV/ROS_DEV/ros2_dev/src/install/turtlesim/include/turtlesim/action/detail/rotate_absolute__type_support.cpp
[28.736s] -- Up-to-date: /home/caros/DEV/ROS_DEV/ros2_dev/src/install/turtlesim/include/turtlesim/srv
[28.736s] -- Up-to-date: /home/caros/DEV/ROS_DEV/ros2_dev/src/install/turtlesim/include/turtlesim/srv/detail
[28.736s] -- Installing: /home/caros/DEV/ROS_DEV/ros2_dev/src/install/turtlesim/include/turtlesim/srv/detail/kill__type_support.cpp
[28.736s] -- Installing: /home/caros/DEV/ROS_DEV/ros2_dev/src/install/turtlesim/include/turtlesim/srv/detail/teleport_absolute__rosidl_typesupport_introspection_cpp.hpp
[28.736s] -- Installing: /home/caros/DEV/ROS_DEV/ros2_dev/src/install/turtlesim/include/turtlesim/srv/detail/set_pen__rosidl_typesupport_introspection_cpp.hpp
[28.736s] -- Installing: /home/caros/DEV/ROS_DEV/ros2_dev/src/install/turtlesim/include/turtlesim/srv/detail/spawn__rosidl_typesupport_introspection_cpp.hpp
[28.736s] -- Installing: /home/caros/DEV/ROS_DEV/ros2_dev/src/install/turtlesim/include/turtlesim/srv/detail/teleport_relative__rosidl_typesupport_introspection_cpp.hpp
[28.736s] -- Installing: /home/caros/DEV/ROS_DEV/ros2_dev/src/install/turtlesim/include/turtlesim/srv/detail/kill__rosidl_typesupport_introspection_cpp.hpp
[28.736s] -- Installing: /home/caros/DEV/ROS_DEV/ros2_dev/src/install/turtlesim/include/turtlesim/srv/detail/teleport_relative__type_support.cpp
[28.736s] -- Installing: /home/caros/DEV/ROS_DEV/ros2_dev/src/install/turtlesim/include/turtlesim/srv/detail/set_pen__type_support.cpp
[28.736s] -- Installing: /home/caros/DEV/ROS_DEV/ros2_dev/src/install/turtlesim/include/turtlesim/srv/detail/teleport_absolute__type_support.cpp
[28.736s] -- Installing: /home/caros/DEV/ROS_DEV/ros2_dev/src/install/turtlesim/include/turtlesim/srv/detail/spawn__type_support.cpp
[28.737s] -- Up-to-date: /home/caros/DEV/ROS_DEV/ros2_dev/src/install/turtlesim/include/turtlesim/msg
[28.737s] -- Up-to-date: /home/caros/DEV/ROS_DEV/ros2_dev/src/install/turtlesim/include/turtlesim/msg/detail
[28.737s] -- Installing: /home/caros/DEV/ROS_DEV/ros2_dev/src/install/turtlesim/include/turtlesim/msg/detail/color__rosidl_typesupport_introspection_cpp.hpp
[28.737s] -- Installing: /home/caros/DEV/ROS_DEV/ros2_dev/src/install/turtlesim/include/turtlesim/msg/detail/pose__type_support.cpp
[28.737s] -- Installing: /home/caros/DEV/ROS_DEV/ros2_dev/src/install/turtlesim/include/turtlesim/msg/detail/pose__rosidl_typesupport_introspection_cpp.hpp
[28.737s] -- Installing: /home/caros/DEV/ROS_DEV/ros2_dev/src/install/turtlesim/include/turtlesim/msg/detail/color__type_support.cpp
[28.737s] -- Installing: /home/caros/DEV/ROS_DEV/ros2_dev/src/install/turtlesim/lib/libturtlesim__rosidl_typesupport_introspection_cpp.so
[28.737s] -- Set non-toolchain portion of runtime path of "/home/caros/DEV/ROS_DEV/ros2_dev/src/install/turtlesim/lib/libturtlesim__rosidl_typesupport_introspection_cpp.so" to ""
[28.737s] -- Installing: /home/caros/DEV/ROS_DEV/ros2_dev/src/install/turtlesim/lib/libturtlesim__rosidl_typesupport_cpp.so
[28.737s] -- Set non-toolchain portion of runtime path of "/home/caros/DEV/ROS_DEV/ros2_dev/src/install/turtlesim/lib/libturtlesim__rosidl_typesupport_cpp.so" to ""
[28.737s] -- Installing: /home/caros/DEV/ROS_DEV/ros2_dev/src/install/turtlesim/share/turtlesim/environment/pythonpath.sh
[28.737s] -- Installing: /home/caros/DEV/ROS_DEV/ros2_dev/src/install/turtlesim/share/turtlesim/environment/pythonpath.dsv
[28.737s] -- Installing: /home/caros/DEV/ROS_DEV/ros2_dev/src/install/turtlesim/lib/python3.8/site-packages/turtlesim/__init__.py
[28.777s] Compiling '/home/caros/DEV/ROS_DEV/ros2_dev/src/install/turtlesim/lib/python3.8/site-packages/turtlesim/__init__.py'...
[28.781s] -- Installing: /home/caros/DEV/ROS_DEV/ros2_dev/src/install/turtlesim/lib/python3.8/site-packages/turtlesim/action
[28.782s] -- Installing: /home/caros/DEV/ROS_DEV/ros2_dev/src/install/turtlesim/lib/python3.8/site-packages/turtlesim/action/__init__.py
[28.782s] -- Installing: /home/caros/DEV/ROS_DEV/ros2_dev/src/install/turtlesim/lib/python3.8/site-packages/turtlesim/action/_rotate_absolute.py
[28.782s] -- Installing: /home/caros/DEV/ROS_DEV/ros2_dev/src/install/turtlesim/lib/python3.8/site-packages/turtlesim/action/_rotate_absolute_s.c
[28.782s] -- Installing: /home/caros/DEV/ROS_DEV/ros2_dev/src/install/turtlesim/lib/python3.8/site-packages/turtlesim/msg
[28.783s] -- Installing: /home/caros/DEV/ROS_DEV/ros2_dev/src/install/turtlesim/lib/python3.8/site-packages/turtlesim/msg/_pose_s.c
[28.783s] -- Installing: /home/caros/DEV/ROS_DEV/ros2_dev/src/install/turtlesim/lib/python3.8/site-packages/turtlesim/msg/_color_s.c
[28.783s] -- Installing: /home/caros/DEV/ROS_DEV/ros2_dev/src/install/turtlesim/lib/python3.8/site-packages/turtlesim/msg/__init__.py
[28.783s] -- Installing: /home/caros/DEV/ROS_DEV/ros2_dev/src/install/turtlesim/lib/python3.8/site-packages/turtlesim/msg/_pose.py
[28.783s] -- Installing: /home/caros/DEV/ROS_DEV/ros2_dev/src/install/turtlesim/lib/python3.8/site-packages/turtlesim/msg/_color.py
[28.784s] -- Installing: /home/caros/DEV/ROS_DEV/ros2_dev/src/install/turtlesim/lib/python3.8/site-packages/turtlesim/srv
[28.784s] -- Installing: /home/caros/DEV/ROS_DEV/ros2_dev/src/install/turtlesim/lib/python3.8/site-packages/turtlesim/srv/_spawn.py
[28.784s] -- Installing: /home/caros/DEV/ROS_DEV/ros2_dev/src/install/turtlesim/lib/python3.8/site-packages/turtlesim/srv/_teleport_relative.py
[28.784s] -- Installing: /home/caros/DEV/ROS_DEV/ros2_dev/src/install/turtlesim/lib/python3.8/site-packages/turtlesim/srv/_teleport_relative_s.c
[28.785s] -- Installing: /home/caros/DEV/ROS_DEV/ros2_dev/src/install/turtlesim/lib/python3.8/site-packages/turtlesim/srv/_teleport_absolute.py
[28.785s] -- Installing: /home/caros/DEV/ROS_DEV/ros2_dev/src/install/turtlesim/lib/python3.8/site-packages/turtlesim/srv/_kill.py
[28.785s] -- Installing: /home/caros/DEV/ROS_DEV/ros2_dev/src/install/turtlesim/lib/python3.8/site-packages/turtlesim/srv/_set_pen.py
[28.785s] -- Installing: /home/caros/DEV/ROS_DEV/ros2_dev/src/install/turtlesim/lib/python3.8/site-packages/turtlesim/srv/__init__.py
[28.785s] -- Installing: /home/caros/DEV/ROS_DEV/ros2_dev/src/install/turtlesim/lib/python3.8/site-packages/turtlesim/srv/_set_pen_s.c
[28.786s] -- Installing: /home/caros/DEV/ROS_DEV/ros2_dev/src/install/turtlesim/lib/python3.8/site-packages/turtlesim/srv/_spawn_s.c
[28.786s] -- Installing: /home/caros/DEV/ROS_DEV/ros2_dev/src/install/turtlesim/lib/python3.8/site-packages/turtlesim/srv/_teleport_absolute_s.c
[28.786s] -- Installing: /home/caros/DEV/ROS_DEV/ros2_dev/src/install/turtlesim/lib/python3.8/site-packages/turtlesim/srv/_kill_s.c
[28.786s] -- Installing: /home/caros/DEV/ROS_DEV/ros2_dev/src/install/turtlesim/lib/python3.8/site-packages/turtlesim/turtlesim_s__rosidl_typesupport_fastrtps_c.cpython-38-x86_64-linux-gnu.so
[28.787s] -- Set non-toolchain portion of runtime path of "/home/caros/DEV/ROS_DEV/ros2_dev/src/install/turtlesim/lib/python3.8/site-packages/turtlesim/turtlesim_s__rosidl_typesupport_fastrtps_c.cpython-38-x86_64-linux-gnu.so" to ""
[28.788s] -- Installing: /home/caros/DEV/ROS_DEV/ros2_dev/src/install/turtlesim/lib/python3.8/site-packages/turtlesim/turtlesim_s__rosidl_typesupport_introspection_c.cpython-38-x86_64-linux-gnu.so
[28.789s] -- Set non-toolchain portion of runtime path of "/home/caros/DEV/ROS_DEV/ros2_dev/src/install/turtlesim/lib/python3.8/site-packages/turtlesim/turtlesim_s__rosidl_typesupport_introspection_c.cpython-38-x86_64-linux-gnu.so" to ""
[28.789s] -- Installing: /home/caros/DEV/ROS_DEV/ros2_dev/src/install/turtlesim/lib/python3.8/site-packages/turtlesim/turtlesim_s__rosidl_typesupport_c.cpython-38-x86_64-linux-gnu.so
[28.790s] -- Set non-toolchain portion of runtime path of "/home/caros/DEV/ROS_DEV/ros2_dev/src/install/turtlesim/lib/python3.8/site-packages/turtlesim/turtlesim_s__rosidl_typesupport_c.cpython-38-x86_64-linux-gnu.so" to ""
[28.790s] -- Installing: /home/caros/DEV/ROS_DEV/ros2_dev/src/install/turtlesim/lib/libturtlesim__python.so
[28.791s] -- Set non-toolchain portion of runtime path of "/home/caros/DEV/ROS_DEV/ros2_dev/src/install/turtlesim/lib/libturtlesim__python.so" to ""
[28.791s] -- Installing: /home/caros/DEV/ROS_DEV/ros2_dev/src/install/turtlesim/share/turtlesim/action/RotateAbsolute.idl
[28.791s] -- Installing: /home/caros/DEV/ROS_DEV/ros2_dev/src/install/turtlesim/share/turtlesim/msg/Color.idl
[28.792s] -- Installing: /home/caros/DEV/ROS_DEV/ros2_dev/src/install/turtlesim/share/turtlesim/msg/Pose.idl
[28.792s] -- Installing: /home/caros/DEV/ROS_DEV/ros2_dev/src/install/turtlesim/share/turtlesim/srv/Kill.idl
[28.792s] -- Installing: /home/caros/DEV/ROS_DEV/ros2_dev/src/install/turtlesim/share/turtlesim/srv/SetPen.idl
[28.793s] -- Installing: /home/caros/DEV/ROS_DEV/ros2_dev/src/install/turtlesim/share/turtlesim/srv/Spawn.idl
[28.793s] -- Installing: /home/caros/DEV/ROS_DEV/ros2_dev/src/install/turtlesim/share/turtlesim/srv/TeleportAbsolute.idl
[28.793s] -- Installing: /home/caros/DEV/ROS_DEV/ros2_dev/src/install/turtlesim/share/turtlesim/srv/TeleportRelative.idl
[28.794s] -- Installing: /home/caros/DEV/ROS_DEV/ros2_dev/src/install/turtlesim/share/turtlesim/action/RotateAbsolute.action
[28.794s] -- Installing: /home/caros/DEV/ROS_DEV/ros2_dev/src/install/turtlesim/share/turtlesim/msg/Color.msg
[28.794s] -- Installing: /home/caros/DEV/ROS_DEV/ros2_dev/src/install/turtlesim/share/turtlesim/msg/Pose.msg
[28.794s] -- Installing: /home/caros/DEV/ROS_DEV/ros2_dev/src/install/turtlesim/share/turtlesim/srv/Kill.srv
[28.795s] -- Installing: /home/caros/DEV/ROS_DEV/ros2_dev/src/install/turtlesim/share/turtlesim/srv/Kill_Request.msg
[28.795s] -- Installing: /home/caros/DEV/ROS_DEV/ros2_dev/src/install/turtlesim/share/turtlesim/srv/Kill_Response.msg
[28.795s] -- Installing: /home/caros/DEV/ROS_DEV/ros2_dev/src/install/turtlesim/share/turtlesim/srv/SetPen.srv
[28.796s] -- Installing: /home/caros/DEV/ROS_DEV/ros2_dev/src/install/turtlesim/share/turtlesim/srv/SetPen_Request.msg
[28.796s] -- Installing: /home/caros/DEV/ROS_DEV/ros2_dev/src/install/turtlesim/share/turtlesim/srv/SetPen_Response.msg
[28.796s] -- Installing: /home/caros/DEV/ROS_DEV/ros2_dev/src/install/turtlesim/share/turtlesim/srv/Spawn.srv
[28.796s] -- Installing: /home/caros/DEV/ROS_DEV/ros2_dev/src/install/turtlesim/share/turtlesim/srv/Spawn_Request.msg
[28.796s] -- Installing: /home/caros/DEV/ROS_DEV/ros2_dev/src/install/turtlesim/share/turtlesim/srv/Spawn_Response.msg
[28.797s] -- Installing: /home/caros/DEV/ROS_DEV/ros2_dev/src/install/turtlesim/share/turtlesim/srv/TeleportAbsolute.srv
[28.797s] -- Installing: /home/caros/DEV/ROS_DEV/ros2_dev/src/install/turtlesim/share/turtlesim/srv/TeleportAbsolute_Request.msg
[28.797s] -- Installing: /home/caros/DEV/ROS_DEV/ros2_dev/src/install/turtlesim/share/turtlesim/srv/TeleportAbsolute_Response.msg
[28.797s] -- Installing: /home/caros/DEV/ROS_DEV/ros2_dev/src/install/turtlesim/share/turtlesim/srv/TeleportRelative.srv
[28.798s] -- Installing: /home/caros/DEV/ROS_DEV/ros2_dev/src/install/turtlesim/share/turtlesim/srv/TeleportRelative_Request.msg
[28.798s] -- Installing: /home/caros/DEV/ROS_DEV/ros2_dev/src/install/turtlesim/share/turtlesim/srv/TeleportRelative_Response.msg
[28.798s] -- Installing: /home/caros/DEV/ROS_DEV/ros2_dev/src/install/turtlesim/lib/turtlesim/turtlesim_node
[28.806s] -- Set non-toolchain portion of runtime path of "/home/caros/DEV/ROS_DEV/ros2_dev/src/install/turtlesim/lib/turtlesim/turtlesim_node" to ""
[28.806s] -- Installing: /home/caros/DEV/ROS_DEV/ros2_dev/src/install/turtlesim/lib/turtlesim/turtle_teleop_key
[28.808s] -- Set non-toolchain portion of runtime path of "/home/caros/DEV/ROS_DEV/ros2_dev/src/install/turtlesim/lib/turtlesim/turtle_teleop_key" to ""
[28.808s] -- Installing: /home/caros/DEV/ROS_DEV/ros2_dev/src/install/turtlesim/lib/turtlesim/draw_square
[28.812s] -- Set non-toolchain portion of runtime path of "/home/caros/DEV/ROS_DEV/ros2_dev/src/install/turtlesim/lib/turtlesim/draw_square" to ""
[28.812s] -- Installing: /home/caros/DEV/ROS_DEV/ros2_dev/src/install/turtlesim/lib/turtlesim/mimic
[28.815s] -- Set non-toolchain portion of runtime path of "/home/caros/DEV/ROS_DEV/ros2_dev/src/install/turtlesim/lib/turtlesim/mimic" to ""
[28.815s] -- Installing: /home/caros/DEV/ROS_DEV/ros2_dev/src/install/turtlesim/share/turtlesim/images
[28.816s] -- Installing: /home/caros/DEV/ROS_DEV/ros2_dev/src/install/turtlesim/share/turtlesim/images/eloquent.png
[28.816s] -- Installing: /home/caros/DEV/ROS_DEV/ros2_dev/src/install/turtlesim/share/turtlesim/images/bouncy.png
[28.816s] -- Installing: /home/caros/DEV/ROS_DEV/ros2_dev/src/install/turtlesim/share/turtlesim/images/ardent.png
[28.816s] -- Installing: /home/caros/DEV/ROS_DEV/ros2_dev/src/install/turtlesim/share/turtlesim/images/crystal.png
[28.817s] -- Installing: /home/caros/DEV/ROS_DEV/ros2_dev/src/install/turtlesim/share/turtlesim/images/foxy.png
[28.817s] -- Installing: /home/caros/DEV/ROS_DEV/ros2_dev/src/install/turtlesim/share/turtlesim/images/dashing.png
[28.817s] -- Installing: /home/caros/DEV/ROS_DEV/ros2_dev/src/install/turtlesim/share/turtlesim/launch
[28.817s] -- Installing: /home/caros/DEV/ROS_DEV/ros2_dev/src/install/turtlesim/share/turtlesim/launch/multisim.launch.py
[28.818s] -- Installing: /home/caros/DEV/ROS_DEV/ros2_dev/src/install/turtlesim/share/ament_index/resource_index/package_run_dependencies/turtlesim
[28.818s] -- Installing: /home/caros/DEV/ROS_DEV/ros2_dev/src/install/turtlesim/share/ament_index/resource_index/parent_prefix_path/turtlesim
[28.818s] -- Installing: /home/caros/DEV/ROS_DEV/ros2_dev/src/install/turtlesim/share/turtlesim/environment/ament_prefix_path.sh
[28.818s] -- Installing: /home/caros/DEV/ROS_DEV/ros2_dev/src/install/turtlesim/share/turtlesim/environment/ament_prefix_path.dsv
[28.819s] -- Installing: /home/caros/DEV/ROS_DEV/ros2_dev/src/install/turtlesim/share/turtlesim/environment/path.sh
[28.819s] -- Installing: /home/caros/DEV/ROS_DEV/ros2_dev/src/install/turtlesim/share/turtlesim/environment/path.dsv
[28.819s] -- Installing: /home/caros/DEV/ROS_DEV/ros2_dev/src/install/turtlesim/share/turtlesim/local_setup.bash
[28.819s] -- Installing: /home/caros/DEV/ROS_DEV/ros2_dev/src/install/turtlesim/share/turtlesim/local_setup.sh
[28.820s] -- Installing: /home/caros/DEV/ROS_DEV/ros2_dev/src/install/turtlesim/share/turtlesim/local_setup.zsh
[28.820s] -- Installing: /home/caros/DEV/ROS_DEV/ros2_dev/src/install/turtlesim/share/turtlesim/local_setup.dsv
[28.820s] -- Installing: /home/caros/DEV/ROS_DEV/ros2_dev/src/install/turtlesim/share/turtlesim/package.dsv
[28.820s] -- Installing: /home/caros/DEV/ROS_DEV/ros2_dev/src/install/turtlesim/share/ament_index/resource_index/packages/turtlesim
[28.820s] -- Installing: /home/caros/DEV/ROS_DEV/ros2_dev/src/install/turtlesim/share/turtlesim/cmake/turtlesim__rosidl_generator_cExport.cmake
[28.821s] -- Installing: /home/caros/DEV/ROS_DEV/ros2_dev/src/install/turtlesim/share/turtlesim/cmake/turtlesim__rosidl_generator_cExport-noconfig.cmake
[28.821s] -- Installing: /home/caros/DEV/ROS_DEV/ros2_dev/src/install/turtlesim/share/turtlesim/cmake/turtlesim__rosidl_typesupport_introspection_cExport.cmake
[28.822s] -- Installing: /home/caros/DEV/ROS_DEV/ros2_dev/src/install/turtlesim/share/turtlesim/cmake/turtlesim__rosidl_typesupport_introspection_cExport-noconfig.cmake
[28.823s] -- Installing: /home/caros/DEV/ROS_DEV/ros2_dev/src/install/turtlesim/share/turtlesim/cmake/turtlesim__rosidl_typesupport_cExport.cmake
[28.824s] -- Installing: /home/caros/DEV/ROS_DEV/ros2_dev/src/install/turtlesim/share/turtlesim/cmake/turtlesim__rosidl_typesupport_cExport-noconfig.cmake
[28.824s] -- Installing: /home/caros/DEV/ROS_DEV/ros2_dev/src/install/turtlesim/share/turtlesim/cmake/turtlesim__rosidl_generator_cppExport.cmake
[28.824s] -- Installing: /home/caros/DEV/ROS_DEV/ros2_dev/src/install/turtlesim/share/turtlesim/cmake/turtlesim__rosidl_typesupport_introspection_cppExport.cmake
[28.825s] -- Installing: /home/caros/DEV/ROS_DEV/ros2_dev/src/install/turtlesim/share/turtlesim/cmake/turtlesim__rosidl_typesupport_introspection_cppExport-noconfig.cmake
[28.825s] -- Installing: /home/caros/DEV/ROS_DEV/ros2_dev/src/install/turtlesim/share/turtlesim/cmake/turtlesim__rosidl_typesupport_cppExport.cmake
[28.826s] -- Installing: /home/caros/DEV/ROS_DEV/ros2_dev/src/install/turtlesim/share/turtlesim/cmake/turtlesim__rosidl_typesupport_cppExport-noconfig.cmake
[28.826s] -- Installing: /home/caros/DEV/ROS_DEV/ros2_dev/src/install/turtlesim/share/turtlesim/cmake/rosidl_cmake-extras.cmake
[28.826s] -- Installing: /home/caros/DEV/ROS_DEV/ros2_dev/src/install/turtlesim/share/turtlesim/cmake/ament_cmake_export_dependencies-extras.cmake
[28.826s] -- Installing: /home/caros/DEV/ROS_DEV/ros2_dev/src/install/turtlesim/share/turtlesim/cmake/ament_cmake_export_libraries-extras.cmake
[28.826s] -- Installing: /home/caros/DEV/ROS_DEV/ros2_dev/src/install/turtlesim/share/turtlesim/cmake/ament_cmake_export_targets-extras.cmake
[28.827s] -- Installing: /home/caros/DEV/ROS_DEV/ros2_dev/src/install/turtlesim/share/turtlesim/cmake/ament_cmake_export_include_directories-extras.cmake
[28.827s] -- Installing: /home/caros/DEV/ROS_DEV/ros2_dev/src/install/turtlesim/share/turtlesim/cmake/rosidl_cmake_export_typesupport_libraries-extras.cmake
[28.827s] -- Installing: /home/caros/DEV/ROS_DEV/ros2_dev/src/install/turtlesim/share/turtlesim/cmake/rosidl_cmake_export_typesupport_targets-extras.cmake
[28.827s] -- Installing: /home/caros/DEV/ROS_DEV/ros2_dev/src/install/turtlesim/share/turtlesim/cmake/turtlesimConfig.cmake
[28.829s] -- Installing: /home/caros/DEV/ROS_DEV/ros2_dev/src/install/turtlesim/share/turtlesim/cmake/turtlesimConfig-version.cmake
[28.829s] -- Installing: /home/caros/DEV/ROS_DEV/ros2_dev/src/install/turtlesim/share/turtlesim/package.xml
[28.831s] Invoked command in '/home/caros/DEV/ROS_DEV/ros2_dev/src/build/turtlesim' returned '0': CMAKE_PREFIX_PATH=/opt/ros/foxy /usr/local/bin/cmake --install /home/caros/DEV/ROS_DEV/ros2_dev/src/build/turtlesim
