[4.438s] Invoking command in '/home/caros/DEV/ROS_DEV/ros2_dev/src/examples/rclpy/services/minimal_service': PYTHONPATH=/home/caros/DEV/ROS_DEV/ros2_dev/src/build/examples_rclpy_minimal_service/prefix_override:/usr/lib/python3/dist-packages/colcon_core/task/python/colcon_distutils_commands:/home/caros/DEV/ROS_DEV/ros2_dev/src/install/examples_rclpy_minimal_service/lib/python3.8/site-packages:${PYTHONPATH} /usr/bin/python3 -W ignore:setup.py install is deprecated -W ignore:easy_install command is deprecated setup.py egg_info --egg-base ../../../../build/examples_rclpy_minimal_service build --build-base /home/caros/DEV/ROS_DEV/ros2_dev/src/build/examples_rclpy_minimal_service/build install --record /home/caros/DEV/ROS_DEV/ros2_dev/src/build/examples_rclpy_minimal_service/install.log --install-scripts $base/lib/examples_rclpy_minimal_service --single-version-externally-managed install_data
[4.869s] running egg_info
[4.869s] creating ../../../../build/examples_rclpy_minimal_service/examples_rclpy_minimal_service.egg-info
[4.869s] writing ../../../../build/examples_rclpy_minimal_service/examples_rclpy_minimal_service.egg-info/PKG-INFO
[4.870s] writing dependency_links to ../../../../build/examples_rclpy_minimal_service/examples_rclpy_minimal_service.egg-info/dependency_links.txt
[4.870s] writing entry points to ../../../../build/examples_rclpy_minimal_service/examples_rclpy_minimal_service.egg-info/entry_points.txt
[4.870s] writing requirements to ../../../../build/examples_rclpy_minimal_service/examples_rclpy_minimal_service.egg-info/requires.txt
[4.870s] writing top-level names to ../../../../build/examples_rclpy_minimal_service/examples_rclpy_minimal_service.egg-info/top_level.txt
[4.871s] writing manifest file '../../../../build/examples_rclpy_minimal_service/examples_rclpy_minimal_service.egg-info/SOURCES.txt'
[4.917s] reading manifest file '../../../../build/examples_rclpy_minimal_service/examples_rclpy_minimal_service.egg-info/SOURCES.txt'
[4.918s] writing manifest file '../../../../build/examples_rclpy_minimal_service/examples_rclpy_minimal_service.egg-info/SOURCES.txt'
[4.947s] running build
[4.948s] running build_py
[4.948s] creating /home/caros/DEV/ROS_DEV/ros2_dev/src/build/examples_rclpy_minimal_service/build
[4.948s] creating /home/caros/DEV/ROS_DEV/ros2_dev/src/build/examples_rclpy_minimal_service/build/lib
[4.948s] creating /home/caros/DEV/ROS_DEV/ros2_dev/src/build/examples_rclpy_minimal_service/build/lib/examples_rclpy_minimal_service
[4.948s] copying examples_rclpy_minimal_service/service_member_function.py -> /home/caros/DEV/ROS_DEV/ros2_dev/src/build/examples_rclpy_minimal_service/build/lib/examples_rclpy_minimal_service
[4.949s] copying examples_rclpy_minimal_service/__init__.py -> /home/caros/DEV/ROS_DEV/ros2_dev/src/build/examples_rclpy_minimal_service/build/lib/examples_rclpy_minimal_service
[4.949s] copying examples_rclpy_minimal_service/service.py -> /home/caros/DEV/ROS_DEV/ros2_dev/src/build/examples_rclpy_minimal_service/build/lib/examples_rclpy_minimal_service
[4.949s] running install
[4.950s] running install_lib
[4.952s] creating /home/caros/DEV/ROS_DEV/ros2_dev/src/install/examples_rclpy_minimal_service/lib/python3.8/site-packages/examples_rclpy_minimal_service
[4.952s] copying /home/caros/DEV/ROS_DEV/ros2_dev/src/build/examples_rclpy_minimal_service/build/lib/examples_rclpy_minimal_service/service_member_function.py -> /home/caros/DEV/ROS_DEV/ros2_dev/src/install/examples_rclpy_minimal_service/lib/python3.8/site-packages/examples_rclpy_minimal_service
[4.953s] copying /home/caros/DEV/ROS_DEV/ros2_dev/src/build/examples_rclpy_minimal_service/build/lib/examples_rclpy_minimal_service/__init__.py -> /home/caros/DEV/ROS_DEV/ros2_dev/src/install/examples_rclpy_minimal_service/lib/python3.8/site-packages/examples_rclpy_minimal_service
[4.953s] copying /home/caros/DEV/ROS_DEV/ros2_dev/src/build/examples_rclpy_minimal_service/build/lib/examples_rclpy_minimal_service/service.py -> /home/caros/DEV/ROS_DEV/ros2_dev/src/install/examples_rclpy_minimal_service/lib/python3.8/site-packages/examples_rclpy_minimal_service
[4.954s] byte-compiling /home/caros/DEV/ROS_DEV/ros2_dev/src/install/examples_rclpy_minimal_service/lib/python3.8/site-packages/examples_rclpy_minimal_service/service_member_function.py to service_member_function.cpython-38.pyc
[4.957s] byte-compiling /home/caros/DEV/ROS_DEV/ros2_dev/src/install/examples_rclpy_minimal_service/lib/python3.8/site-packages/examples_rclpy_minimal_service/__init__.py to __init__.cpython-38.pyc
[4.957s] byte-compiling /home/caros/DEV/ROS_DEV/ros2_dev/src/install/examples_rclpy_minimal_service/lib/python3.8/site-packages/examples_rclpy_minimal_service/service.py to service.cpython-38.pyc
[4.958s] running install_data
[4.959s] creating /home/caros/DEV/ROS_DEV/ros2_dev/src/install/examples_rclpy_minimal_service/share/ament_index
[4.959s] creating /home/caros/DEV/ROS_DEV/ros2_dev/src/install/examples_rclpy_minimal_service/share/ament_index/resource_index
[4.959s] creating /home/caros/DEV/ROS_DEV/ros2_dev/src/install/examples_rclpy_minimal_service/share/ament_index/resource_index/packages
[4.959s] copying resource/examples_rclpy_minimal_service -> /home/caros/DEV/ROS_DEV/ros2_dev/src/install/examples_rclpy_minimal_service/share/ament_index/resource_index/packages
[4.959s] copying package.xml -> /home/caros/DEV/ROS_DEV/ros2_dev/src/install/examples_rclpy_minimal_service/share/examples_rclpy_minimal_service
[4.959s] running install_egg_info
[4.964s] Copying ../../../../build/examples_rclpy_minimal_service/examples_rclpy_minimal_service.egg-info to /home/caros/DEV/ROS_DEV/ros2_dev/src/install/examples_rclpy_minimal_service/lib/python3.8/site-packages/examples_rclpy_minimal_service-0.9.4-py3.8.egg-info
[4.965s] running install_scripts
[4.995s] Installing service script to /home/caros/DEV/ROS_DEV/ros2_dev/src/install/examples_rclpy_minimal_service/lib/examples_rclpy_minimal_service
[4.995s] Installing service_member_function script to /home/caros/DEV/ROS_DEV/ros2_dev/src/install/examples_rclpy_minimal_service/lib/examples_rclpy_minimal_service
[4.995s] writing list of installed files to '/home/caros/DEV/ROS_DEV/ros2_dev/src/build/examples_rclpy_minimal_service/install.log'
[5.068s] Invoked command in '/home/caros/DEV/ROS_DEV/ros2_dev/src/examples/rclpy/services/minimal_service' returned '0': PYTHONPATH=/home/caros/DEV/ROS_DEV/ros2_dev/src/build/examples_rclpy_minimal_service/prefix_override:/usr/lib/python3/dist-packages/colcon_core/task/python/colcon_distutils_commands:/home/caros/DEV/ROS_DEV/ros2_dev/src/install/examples_rclpy_minimal_service/lib/python3.8/site-packages:${PYTHONPATH} /usr/bin/python3 -W ignore:setup.py install is deprecated -W ignore:easy_install command is deprecated setup.py egg_info --egg-base ../../../../build/examples_rclpy_minimal_service build --build-base /home/caros/DEV/ROS_DEV/ros2_dev/src/build/examples_rclpy_minimal_service/build install --record /home/caros/DEV/ROS_DEV/ros2_dev/src/build/examples_rclpy_minimal_service/install.log --install-scripts $base/lib/examples_rclpy_minimal_service --single-version-externally-managed install_data
