[0.183s] Invoking command in '/home/caros/DEV/ROS_DEV/ros2_dev/src/build/examples_rclcpp_minimal_action_server': CMAKE_PREFIX_PATH=/opt/ros/foxy /usr/local/bin/cmake /home/caros/DEV/ROS_DEV/ros2_dev/src/examples/rclcpp/actions/minimal_action_server -DCMAKE_INSTALL_PREFIX=/home/caros/DEV/ROS_DEV/ros2_dev/src/install/examples_rclcpp_minimal_action_server
[3.267s] [0mCMake Deprecation Warning at CMakeLists.txt:1 (cmake_minimum_required):
[3.268s]   Compatibility with CMake < 3.10 will be removed from a future version of
[3.269s]   CMake.
[3.269s] 
[3.272s]   Update the VERSION argument <min> value.  Or, use the <min>...<max> syntax
[3.273s]   to tell CMake that the project requires at least <min> but has been updated
[3.275s]   to work with policies introduced by <max> or earlier.
[3.277s] 
[3.277s] [0m
[3.281s] [33mCMake Warning (dev) at /opt/ros/foxy/share/ament_cmake_core/cmake/core/python.cmake:22 (find_package):
[3.282s]   Policy CMP0148 is not set: The FindPythonInterp and FindPythonLibs modules
[3.282s]   are removed.  Run "cmake --help-policy CMP0148" for policy details.  Use
[3.282s]   the cmake_policy command to set the policy and suppress this warning.
[3.282s] 
[3.283s] Call Stack (most recent call first):
[3.283s]   /opt/ros/foxy/share/ament_cmake_core/cmake/core/all.cmake:53 (include)
[3.283s]   /opt/ros/foxy/share/ament_cmake_core/cmake/ament_cmake_core-extras.cmake:17 (include)
[3.284s]   /opt/ros/foxy/share/ament_cmake_core/cmake/ament_cmake_coreConfig.cmake:41 (include)
[3.285s]   /opt/ros/foxy/share/ament_cmake/cmake/ament_cmake_export_dependencies-extras.cmake:15 (find_package)
[3.286s]   /opt/ros/foxy/share/ament_cmake/cmake/ament_cmakeConfig.cmake:41 (include)
[3.286s]   CMakeLists.txt:13 (find_package)
[3.286s] This warning is for project developers.  Use -Wno-dev to suppress it.
[3.286s] [0m
[3.304s] -- The C compiler identification is GNU 9.4.0
[3.310s] -- The CXX compiler identification is GNU 9.4.0
[3.312s] -- Detecting C compiler ABI info
[3.313s] -- Detecting C compiler ABI info - done
[3.313s] -- Check for working C compiler: /usr/bin/cc - skipped
[3.313s] -- Detecting C compile features
[3.313s] -- Detecting C compile features - done
[3.313s] -- Detecting CXX compiler ABI info
[3.313s] -- Detecting CXX compiler ABI info - done
[3.313s] -- Check for working CXX compiler: /usr/bin/c++ - skipped
[3.313s] -- Detecting CXX compile features
[3.314s] -- Detecting CXX compile features - done
[3.314s] -- Found ament_cmake: 0.9.12 (/opt/ros/foxy/share/ament_cmake/cmake)
[3.314s] -- Found PythonInterp: /usr/bin/python3 (found suitable version "3.8.10", minimum required is "3")
[3.314s] -- Using PYTHON_EXECUTABLE: /usr/bin/python3
[3.314s] -- Found example_interfaces: 0.9.1 (/opt/ros/foxy/share/example_interfaces/cmake)
[3.314s] -- Using all available rosidl_typesupport_c: rosidl_typesupport_fastrtps_c;rosidl_typesupport_introspection_c
[3.314s] -- Found rosidl_adapter: 1.3.1 (/opt/ros/foxy/share/rosidl_adapter/cmake)
[3.314s] -- Found OpenSSL: /usr/lib/x86_64-linux-gnu/libcrypto.so (found version "1.1.1f")
[3.314s] -- Found FastRTPS: /opt/ros/foxy/include
[3.317s] -- Using all available rosidl_typesupport_cpp: rosidl_typesupport_fastrtps_cpp;rosidl_typesupport_introspection_cpp
[3.317s] -- Found rclcpp: 2.4.3 (/opt/ros/foxy/share/rclcpp/cmake)
[3.317s] -- Found rmw_implementation_cmake: 1.0.4 (/opt/ros/foxy/share/rmw_implementation_cmake/cmake)
[3.318s] -- Using RMW implementation 'rmw_fastrtps_cpp' as default
[3.318s] -- Performing Test CMAKE_HAVE_LIBC_PTHREAD
[3.319s] -- Performing Test CMAKE_HAVE_LIBC_PTHREAD - Failed
[3.319s] -- Looking for pthread_create in pthreads
[3.320s] -- Looking for pthread_create in pthreads - not found
[3.320s] -- Looking for pthread_create in pthread
[3.321s] -- Looking for pthread_create in pthread - found
[3.321s] -- Found Threads: TRUE
[3.328s] -- Found rclcpp_action: 2.4.3 (/opt/ros/foxy/share/rclcpp_action/cmake)
[3.329s] -- Found ament_lint_auto: 0.9.8 (/opt/ros/foxy/share/ament_lint_auto/cmake)
[3.329s] -- Added test 'copyright' to check source files copyright and LICENSE
[3.330s] -- Added test 'cppcheck' to perform static code analysis on C / C++ code
[3.330s] -- Configured cppcheck include dirs: 
[3.330s] -- Configured cppcheck exclude dirs and/or files: 
[3.330s] -- Added test 'cpplint' to check C / C++ code against the Google style
[3.330s] -- Configured cpplint exclude dirs and/or files: 
[3.330s] -- Added test 'lint_cmake' to check CMake code style
[3.330s] -- Added test 'uncrustify' to check C / C++ code style
[3.331s] -- Configured uncrustify additional arguments: 
[3.331s] -- Added test 'xmllint' to check XML markup files
[3.331s] -- Configuring done (2.1s)
[3.331s] -- Generating done (0.0s)
[3.331s] -- Build files have been written to: /home/caros/DEV/ROS_DEV/ros2_dev/src/build/examples_rclcpp_minimal_action_server
[3.496s] Invoked command in '/home/caros/DEV/ROS_DEV/ros2_dev/src/build/examples_rclcpp_minimal_action_server' returned '0': CMAKE_PREFIX_PATH=/opt/ros/foxy /usr/local/bin/cmake /home/caros/DEV/ROS_DEV/ros2_dev/src/examples/rclcpp/actions/minimal_action_server -DCMAKE_INSTALL_PREFIX=/home/caros/DEV/ROS_DEV/ros2_dev/src/install/examples_rclcpp_minimal_action_server
[3.497s] Invoking command in '/home/caros/DEV/ROS_DEV/ros2_dev/src/build/examples_rclcpp_minimal_action_server': CMAKE_PREFIX_PATH=/opt/ros/foxy /usr/local/bin/cmake --build /home/caros/DEV/ROS_DEV/ros2_dev/src/build/examples_rclcpp_minimal_action_server -- -j48 -l48
[3.510s] [ 25%] [32mBuilding CXX object CMakeFiles/action_server_not_composable.dir/not_composable.cpp.o[0m
[3.510s] [ 50%] [32mBuilding CXX object CMakeFiles/action_server_member_functions.dir/member_functions.cpp.o[0m
[11.988s] [ 75%] [32m[1mLinking CXX executable action_server_not_composable[0m
[12.153s] [ 75%] Built target action_server_not_composable
[12.601s] [100%] [32m[1mLinking CXX executable action_server_member_functions[0m
[12.829s] [100%] Built target action_server_member_functions
[12.836s] Invoked command in '/home/caros/DEV/ROS_DEV/ros2_dev/src/build/examples_rclcpp_minimal_action_server' returned '0': CMAKE_PREFIX_PATH=/opt/ros/foxy /usr/local/bin/cmake --build /home/caros/DEV/ROS_DEV/ros2_dev/src/build/examples_rclcpp_minimal_action_server -- -j48 -l48
[12.845s] Invoking command in '/home/caros/DEV/ROS_DEV/ros2_dev/src/build/examples_rclcpp_minimal_action_server': CMAKE_PREFIX_PATH=/opt/ros/foxy /usr/local/bin/cmake --install /home/caros/DEV/ROS_DEV/ros2_dev/src/build/examples_rclcpp_minimal_action_server
[12.849s] -- Install configuration: ""
[12.850s] -- Installing: /home/caros/DEV/ROS_DEV/ros2_dev/src/install/examples_rclcpp_minimal_action_server/lib/examples_rclcpp_minimal_action_server/action_server_not_composable
[12.851s] -- Set non-toolchain portion of runtime path of "/home/caros/DEV/ROS_DEV/ros2_dev/src/install/examples_rclcpp_minimal_action_server/lib/examples_rclcpp_minimal_action_server/action_server_not_composable" to ""
[12.851s] -- Installing: /home/caros/DEV/ROS_DEV/ros2_dev/src/install/examples_rclcpp_minimal_action_server/lib/examples_rclcpp_minimal_action_server/action_server_member_functions
[12.852s] -- Set non-toolchain portion of runtime path of "/home/caros/DEV/ROS_DEV/ros2_dev/src/install/examples_rclcpp_minimal_action_server/lib/examples_rclcpp_minimal_action_server/action_server_member_functions" to ""
[12.853s] -- Installing: /home/caros/DEV/ROS_DEV/ros2_dev/src/install/examples_rclcpp_minimal_action_server/share/ament_index/resource_index/package_run_dependencies/examples_rclcpp_minimal_action_server
[12.853s] -- Installing: /home/caros/DEV/ROS_DEV/ros2_dev/src/install/examples_rclcpp_minimal_action_server/share/ament_index/resource_index/parent_prefix_path/examples_rclcpp_minimal_action_server
[12.853s] -- Installing: /home/caros/DEV/ROS_DEV/ros2_dev/src/install/examples_rclcpp_minimal_action_server/share/examples_rclcpp_minimal_action_server/environment/ament_prefix_path.sh
[12.854s] -- Installing: /home/caros/DEV/ROS_DEV/ros2_dev/src/install/examples_rclcpp_minimal_action_server/share/examples_rclcpp_minimal_action_server/environment/ament_prefix_path.dsv
[12.854s] -- Installing: /home/caros/DEV/ROS_DEV/ros2_dev/src/install/examples_rclcpp_minimal_action_server/share/examples_rclcpp_minimal_action_server/environment/path.sh
[12.854s] -- Installing: /home/caros/DEV/ROS_DEV/ros2_dev/src/install/examples_rclcpp_minimal_action_server/share/examples_rclcpp_minimal_action_server/environment/path.dsv
[12.855s] -- Installing: /home/caros/DEV/ROS_DEV/ros2_dev/src/install/examples_rclcpp_minimal_action_server/share/examples_rclcpp_minimal_action_server/local_setup.bash
[12.855s] -- Installing: /home/caros/DEV/ROS_DEV/ros2_dev/src/install/examples_rclcpp_minimal_action_server/share/examples_rclcpp_minimal_action_server/local_setup.sh
[12.855s] -- Installing: /home/caros/DEV/ROS_DEV/ros2_dev/src/install/examples_rclcpp_minimal_action_server/share/examples_rclcpp_minimal_action_server/local_setup.zsh
[12.855s] -- Installing: /home/caros/DEV/ROS_DEV/ros2_dev/src/install/examples_rclcpp_minimal_action_server/share/examples_rclcpp_minimal_action_server/local_setup.dsv
[12.856s] -- Installing: /home/caros/DEV/ROS_DEV/ros2_dev/src/install/examples_rclcpp_minimal_action_server/share/examples_rclcpp_minimal_action_server/package.dsv
[12.856s] -- Installing: /home/caros/DEV/ROS_DEV/ros2_dev/src/install/examples_rclcpp_minimal_action_server/share/ament_index/resource_index/packages/examples_rclcpp_minimal_action_server
[12.856s] -- Installing: /home/caros/DEV/ROS_DEV/ros2_dev/src/install/examples_rclcpp_minimal_action_server/share/examples_rclcpp_minimal_action_server/cmake/examples_rclcpp_minimal_action_serverConfig.cmake
[12.856s] -- Installing: /home/caros/DEV/ROS_DEV/ros2_dev/src/install/examples_rclcpp_minimal_action_server/share/examples_rclcpp_minimal_action_server/cmake/examples_rclcpp_minimal_action_serverConfig-version.cmake
[12.857s] -- Installing: /home/caros/DEV/ROS_DEV/ros2_dev/src/install/examples_rclcpp_minimal_action_server/share/examples_rclcpp_minimal_action_server/package.xml
[12.862s] Invoked command in '/home/caros/DEV/ROS_DEV/ros2_dev/src/build/examples_rclcpp_minimal_action_server' returned '0': CMAKE_PREFIX_PATH=/opt/ros/foxy /usr/local/bin/cmake --install /home/caros/DEV/ROS_DEV/ros2_dev/src/build/examples_rclcpp_minimal_action_server
