[0.191s] Invoking command in '/home/caros/DEV/ROS_DEV/ros2_dev/src/build/examples_rclcpp_minimal_composition': CMAKE_PREFIX_PATH=/opt/ros/foxy /usr/local/bin/cmake /home/caros/DEV/ROS_DEV/ros2_dev/src/examples/rclcpp/composition/minimal_composition -DCMAKE_INSTALL_PREFIX=/home/caros/DEV/ROS_DEV/ros2_dev/src/install/examples_rclcpp_minimal_composition
[3.319s] -- The C compiler identification is GNU 9.4.0
[3.319s] -- The CXX compiler identification is GNU 9.4.0
[3.319s] -- Detecting C compiler ABI info
[3.319s] -- Detecting C compiler ABI info - done
[3.319s] -- Check for working C compiler: /usr/bin/cc - skipped
[3.319s] -- Detecting C compile features
[3.319s] -- Detecting C compile features - done
[3.320s] -- Detecting CXX compiler ABI info
[3.320s] -- Detecting CXX compiler ABI info - done
[3.321s] -- Check for working CXX compiler: /usr/bin/c++ - skipped
[3.323s] -- Detecting CXX compile features
[3.324s] -- Detecting CXX compile features - done
[3.325s] -- Found ament_cmake: 0.9.12 (/opt/ros/foxy/share/ament_cmake/cmake)
[3.325s] -- Found PythonInterp: /usr/bin/python3 (found suitable version "3.8.10", minimum required is "3")
[3.326s] -- Using PYTHON_EXECUTABLE: /usr/bin/python3
[3.326s] -- Found rclcpp: 2.4.3 (/opt/ros/foxy/share/rclcpp/cmake)
[3.326s] -- Using all available rosidl_typesupport_c: rosidl_typesupport_fastrtps_c;rosidl_typesupport_introspection_c
[3.334s] -- Found rosidl_adapter: 1.3.1 (/opt/ros/foxy/share/rosidl_adapter/cmake)
[3.335s] -- Found OpenSSL: /usr/lib/x86_64-linux-gnu/libcrypto.so (found version "1.1.1f")
[3.335s] -- Found FastRTPS: /opt/ros/foxy/include
[3.336s] -- Using all available rosidl_typesupport_cpp: rosidl_typesupport_fastrtps_cpp;rosidl_typesupport_introspection_cpp
[3.336s] -- Found rmw_implementation_cmake: 1.0.4 (/opt/ros/foxy/share/rmw_implementation_cmake/cmake)
[3.336s] -- Using RMW implementation 'rmw_fastrtps_cpp' as default
[3.336s] -- Performing Test CMAKE_HAVE_LIBC_PTHREAD
[3.336s] -- Performing Test CMAKE_HAVE_LIBC_PTHREAD - Failed
[3.336s] -- Looking for pthread_create in pthreads
[3.336s] -- Looking for pthread_create in pthreads - not found
[3.336s] -- Looking for pthread_create in pthread
[3.336s] -- Looking for pthread_create in pthread - found
[3.337s] -- Found Threads: TRUE
[3.337s] -- Found rclcpp_components: 2.4.3 (/opt/ros/foxy/share/rclcpp_components/cmake)
[3.337s] -- Found ament_lint_auto: 0.9.8 (/opt/ros/foxy/share/ament_lint_auto/cmake)
[3.337s] -- Added test 'copyright' to check source files copyright and LICENSE
[3.337s] -- Added test 'cppcheck' to perform static code analysis on C / C++ code
[3.337s] -- Configured cppcheck include dirs: /home/caros/DEV/ROS_DEV/ros2_dev/src/examples/rclcpp/composition/minimal_composition/include
[3.337s] -- Configured cppcheck exclude dirs and/or files: 
[3.338s] -- Added test 'cpplint' to check C / C++ code against the Google style
[3.338s] -- Configured cpplint exclude dirs and/or files: 
[3.338s] -- Added test 'lint_cmake' to check CMake code style
[3.338s] -- Added test 'uncrustify' to check C / C++ code style
[3.339s] -- Configured uncrustify additional arguments: 
[3.341s] -- Added test 'xmllint' to check XML markup files
[3.341s] -- Configuring done (2.0s)
[3.342s] -- Generating done (0.0s)
[3.342s] -- Build files have been written to: /home/caros/DEV/ROS_DEV/ros2_dev/src/build/examples_rclcpp_minimal_composition
[3.353s] [0mCMake Deprecation Warning at CMakeLists.txt:1 (cmake_minimum_required):
[3.354s]   Compatibility with CMake < 3.10 will be removed from a future version of
[3.354s]   CMake.
[3.354s] 
[3.354s]   Update the VERSION argument <min> value.  Or, use the <min>...<max> syntax
[3.356s]   to tell CMake that the project requires at least <min> but has been updated
[3.359s]   to work with policies introduced by <max> or earlier.
[3.361s] 
[3.362s] [0m
[3.363s] [33mCMake Warning (dev) at /opt/ros/foxy/share/ament_cmake_core/cmake/core/python.cmake:22 (find_package):
[3.364s]   Policy CMP0148 is not set: The FindPythonInterp and FindPythonLibs modules
[3.374s]   are removed.  Run "cmake --help-policy CMP0148" for policy details.  Use
[3.376s]   the cmake_policy command to set the policy and suppress this warning.
[3.376s] 
[3.377s] Call Stack (most recent call first):
[3.377s]   /opt/ros/foxy/share/ament_cmake_core/cmake/core/all.cmake:53 (include)
[3.377s]   /opt/ros/foxy/share/ament_cmake_core/cmake/ament_cmake_core-extras.cmake:17 (include)
[3.377s]   /opt/ros/foxy/share/ament_cmake_core/cmake/ament_cmake_coreConfig.cmake:41 (include)
[3.377s]   /opt/ros/foxy/share/ament_cmake/cmake/ament_cmake_export_dependencies-extras.cmake:15 (find_package)
[3.377s]   /opt/ros/foxy/share/ament_cmake/cmake/ament_cmakeConfig.cmake:41 (include)
[3.378s]   CMakeLists.txt:13 (find_package)
[3.378s] This warning is for project developers.  Use -Wno-dev to suppress it.
[3.378s] [0m
[3.487s] Invoked command in '/home/caros/DEV/ROS_DEV/ros2_dev/src/build/examples_rclcpp_minimal_composition' returned '0': CMAKE_PREFIX_PATH=/opt/ros/foxy /usr/local/bin/cmake /home/caros/DEV/ROS_DEV/ros2_dev/src/examples/rclcpp/composition/minimal_composition -DCMAKE_INSTALL_PREFIX=/home/caros/DEV/ROS_DEV/ros2_dev/src/install/examples_rclcpp_minimal_composition
[3.488s] Invoking command in '/home/caros/DEV/ROS_DEV/ros2_dev/src/build/examples_rclcpp_minimal_composition': CMAKE_PREFIX_PATH=/opt/ros/foxy /usr/local/bin/cmake --build /home/caros/DEV/ROS_DEV/ros2_dev/src/build/examples_rclcpp_minimal_composition -- -j48 -l48
[3.498s] [ 11%] [32mBuilding CXX object CMakeFiles/composition_nodes.dir/src/publisher_node.cpp.o[0m
[3.498s] [ 22%] [32mBuilding CXX object CMakeFiles/composition_nodes.dir/src/subscriber_node.cpp.o[0m
[14.250s] [ 33%] [32m[1mLinking CXX shared library libcomposition_nodes.so[0m
[14.765s] [ 33%] Built target composition_nodes
[14.782s] [ 44%] [32mBuilding CXX object CMakeFiles/composition_composed.dir/src/composed.cpp.o[0m
[14.783s] [ 55%] [32mBuilding CXX object CMakeFiles/composition_subscriber.dir/src/standalone_subscriber.cpp.o[0m
[14.784s] [ 66%] [32mBuilding CXX object CMakeFiles/composition_publisher.dir/src/standalone_publisher.cpp.o[0m
[17.173s] [ 77%] [32m[1mLinking CXX executable composition_subscriber[0m
[17.220s] [ 88%] [32m[1mLinking CXX executable composition_composed[0m
[17.353s] [ 88%] Built target composition_subscriber
[17.396s] [ 88%] Built target composition_composed
[17.433s] [100%] [32m[1mLinking CXX executable composition_publisher[0m
[17.610s] [100%] Built target composition_publisher
[17.621s] Invoked command in '/home/caros/DEV/ROS_DEV/ros2_dev/src/build/examples_rclcpp_minimal_composition' returned '0': CMAKE_PREFIX_PATH=/opt/ros/foxy /usr/local/bin/cmake --build /home/caros/DEV/ROS_DEV/ros2_dev/src/build/examples_rclcpp_minimal_composition -- -j48 -l48
[17.650s] Invoking command in '/home/caros/DEV/ROS_DEV/ros2_dev/src/build/examples_rclcpp_minimal_composition': CMAKE_PREFIX_PATH=/opt/ros/foxy /usr/local/bin/cmake --install /home/caros/DEV/ROS_DEV/ros2_dev/src/build/examples_rclcpp_minimal_composition
[17.657s] -- Install configuration: ""
[17.657s] -- Installing: /home/caros/DEV/ROS_DEV/ros2_dev/src/install/examples_rclcpp_minimal_composition/share/examples_rclcpp_minimal_composition/environment/library_path.sh
[17.658s] -- Installing: /home/caros/DEV/ROS_DEV/ros2_dev/src/install/examples_rclcpp_minimal_composition/share/examples_rclcpp_minimal_composition/environment/library_path.dsv
[17.658s] -- Installing: /home/caros/DEV/ROS_DEV/ros2_dev/src/install/examples_rclcpp_minimal_composition/lib/libcomposition_nodes.so
[17.666s] -- Set non-toolchain portion of runtime path of "/home/caros/DEV/ROS_DEV/ros2_dev/src/install/examples_rclcpp_minimal_composition/lib/libcomposition_nodes.so" to ""
[17.666s] -- Installing: /home/caros/DEV/ROS_DEV/ros2_dev/src/install/examples_rclcpp_minimal_composition/lib/examples_rclcpp_minimal_composition/composition_publisher
[17.667s] -- Set non-toolchain portion of runtime path of "/home/caros/DEV/ROS_DEV/ros2_dev/src/install/examples_rclcpp_minimal_composition/lib/examples_rclcpp_minimal_composition/composition_publisher" to ""
[17.667s] -- Installing: /home/caros/DEV/ROS_DEV/ros2_dev/src/install/examples_rclcpp_minimal_composition/lib/examples_rclcpp_minimal_composition/composition_subscriber
[17.667s] -- Set non-toolchain portion of runtime path of "/home/caros/DEV/ROS_DEV/ros2_dev/src/install/examples_rclcpp_minimal_composition/lib/examples_rclcpp_minimal_composition/composition_subscriber" to ""
[17.668s] -- Installing: /home/caros/DEV/ROS_DEV/ros2_dev/src/install/examples_rclcpp_minimal_composition/lib/examples_rclcpp_minimal_composition/composition_composed
[17.668s] -- Set non-toolchain portion of runtime path of "/home/caros/DEV/ROS_DEV/ros2_dev/src/install/examples_rclcpp_minimal_composition/lib/examples_rclcpp_minimal_composition/composition_composed" to ""
[17.668s] -- Installing: /home/caros/DEV/ROS_DEV/ros2_dev/src/install/examples_rclcpp_minimal_composition/share/ament_index/resource_index/package_run_dependencies/examples_rclcpp_minimal_composition
[17.669s] -- Installing: /home/caros/DEV/ROS_DEV/ros2_dev/src/install/examples_rclcpp_minimal_composition/share/ament_index/resource_index/parent_prefix_path/examples_rclcpp_minimal_composition
[17.669s] -- Installing: /home/caros/DEV/ROS_DEV/ros2_dev/src/install/examples_rclcpp_minimal_composition/share/examples_rclcpp_minimal_composition/environment/ament_prefix_path.sh
[17.669s] -- Installing: /home/caros/DEV/ROS_DEV/ros2_dev/src/install/examples_rclcpp_minimal_composition/share/examples_rclcpp_minimal_composition/environment/ament_prefix_path.dsv
[17.676s] -- Installing: /home/caros/DEV/ROS_DEV/ros2_dev/src/install/examples_rclcpp_minimal_composition/share/examples_rclcpp_minimal_composition/environment/path.sh
[17.676s] -- Installing: /home/caros/DEV/ROS_DEV/ros2_dev/src/install/examples_rclcpp_minimal_composition/share/examples_rclcpp_minimal_composition/environment/path.dsv
[17.676s] -- Installing: /home/caros/DEV/ROS_DEV/ros2_dev/src/install/examples_rclcpp_minimal_composition/share/examples_rclcpp_minimal_composition/local_setup.bash
[17.677s] -- Installing: /home/caros/DEV/ROS_DEV/ros2_dev/src/install/examples_rclcpp_minimal_composition/share/examples_rclcpp_minimal_composition/local_setup.sh
[17.677s] -- Installing: /home/caros/DEV/ROS_DEV/ros2_dev/src/install/examples_rclcpp_minimal_composition/share/examples_rclcpp_minimal_composition/local_setup.zsh
[17.677s] -- Installing: /home/caros/DEV/ROS_DEV/ros2_dev/src/install/examples_rclcpp_minimal_composition/share/examples_rclcpp_minimal_composition/local_setup.dsv
[17.677s] -- Installing: /home/caros/DEV/ROS_DEV/ros2_dev/src/install/examples_rclcpp_minimal_composition/share/examples_rclcpp_minimal_composition/package.dsv
[17.678s] -- Installing: /home/caros/DEV/ROS_DEV/ros2_dev/src/install/examples_rclcpp_minimal_composition/share/ament_index/resource_index/packages/examples_rclcpp_minimal_composition
[17.678s] -- Installing: /home/caros/DEV/ROS_DEV/ros2_dev/src/install/examples_rclcpp_minimal_composition/share/examples_rclcpp_minimal_composition/cmake/examples_rclcpp_minimal_compositionConfig.cmake
[17.678s] -- Installing: /home/caros/DEV/ROS_DEV/ros2_dev/src/install/examples_rclcpp_minimal_composition/share/examples_rclcpp_minimal_composition/cmake/examples_rclcpp_minimal_compositionConfig-version.cmake
[17.679s] -- Installing: /home/caros/DEV/ROS_DEV/ros2_dev/src/install/examples_rclcpp_minimal_composition/share/examples_rclcpp_minimal_composition/package.xml
[17.685s] Invoked command in '/home/caros/DEV/ROS_DEV/ros2_dev/src/build/examples_rclcpp_minimal_composition' returned '0': CMAKE_PREFIX_PATH=/opt/ros/foxy /usr/local/bin/cmake --install /home/caros/DEV/ROS_DEV/ros2_dev/src/build/examples_rclcpp_minimal_composition
