[0.200s] Invoking command in '/home/caros/DEV/ROS_DEV/ros2_dev/src/build/examples_rclcpp_minimal_service': CMAKE_PREFIX_PATH=/opt/ros/foxy /usr/local/bin/cmake /home/caros/DEV/ROS_DEV/ros2_dev/src/examples/rclcpp/services/minimal_service -DCMAKE_INSTALL_PREFIX=/home/caros/DEV/ROS_DEV/ros2_dev/src/install/examples_rclcpp_minimal_service
[3.427s] -- The C compiler identification is GNU 9.4.0
[3.428s] -- The CXX compiler identification is GNU 9.4.0
[3.428s] -- Detecting C compiler ABI info
[3.428s] -- Detecting C compiler ABI info - done
[3.428s] -- Check for working C compiler: /usr/bin/cc - skipped
[3.428s] -- Detecting C compile features
[3.428s] -- Detecting C compile features - done
[3.428s] -- Detecting CXX compiler ABI info
[3.429s] -- Detecting CXX compiler ABI info - done
[3.429s] -- Check for working CXX compiler: /usr/bin/c++ - skipped
[3.429s] -- Detecting CXX compile features
[3.429s] -- Detecting CXX compile features - done
[3.429s] -- Found ament_cmake: 0.9.12 (/opt/ros/foxy/share/ament_cmake/cmake)
[3.429s] -- Found PythonInterp: /usr/bin/python3 (found suitable version "3.8.10", minimum required is "3")
[3.429s] -- Using PYTHON_EXECUTABLE: /usr/bin/python3
[3.429s] -- Found example_interfaces: 0.9.1 (/opt/ros/foxy/share/example_interfaces/cmake)
[3.429s] -- Using all available rosidl_typesupport_c: rosidl_typesupport_fastrtps_c;rosidl_typesupport_introspection_c
[3.429s] -- Found rosidl_adapter: 1.3.1 (/opt/ros/foxy/share/rosidl_adapter/cmake)
[3.430s] -- Found OpenSSL: /usr/lib/x86_64-linux-gnu/libcrypto.so (found version "1.1.1f")
[3.430s] -- Found FastRTPS: /opt/ros/foxy/include
[3.430s] -- Using all available rosidl_typesupport_cpp: rosidl_typesupport_fastrtps_cpp;rosidl_typesupport_introspection_cpp
[3.430s] -- Found rclcpp: 2.4.3 (/opt/ros/foxy/share/rclcpp/cmake)
[3.430s] -- Found rmw_implementation_cmake: 1.0.4 (/opt/ros/foxy/share/rmw_implementation_cmake/cmake)
[3.430s] -- Using RMW implementation 'rmw_fastrtps_cpp' as default
[3.430s] -- Performing Test CMAKE_HAVE_LIBC_PTHREAD
[3.430s] -- Performing Test CMAKE_HAVE_LIBC_PTHREAD - Failed
[3.430s] -- Looking for pthread_create in pthreads
[3.431s] -- Looking for pthread_create in pthreads - not found
[3.431s] -- Looking for pthread_create in pthread
[3.431s] -- Looking for pthread_create in pthread - found
[3.431s] -- Found Threads: TRUE
[3.431s] -- Found ament_lint_auto: 0.9.8 (/opt/ros/foxy/share/ament_lint_auto/cmake)
[3.431s] -- Added test 'copyright' to check source files copyright and LICENSE
[3.432s] -- Added test 'cppcheck' to perform static code analysis on C / C++ code
[3.432s] -- Configured cppcheck include dirs: 
[3.432s] -- Configured cppcheck exclude dirs and/or files: 
[3.432s] -- Added test 'cpplint' to check C / C++ code against the Google style
[3.432s] -- Configured cpplint exclude dirs and/or files: 
[3.432s] -- Added test 'lint_cmake' to check CMake code style
[3.432s] -- Added test 'uncrustify' to check C / C++ code style
[3.432s] -- Configured uncrustify additional arguments: 
[3.433s] -- Added test 'xmllint' to check XML markup files
[3.433s] -- Configuring done (2.0s)
[3.433s] -- Generating done (0.0s)
[3.433s] -- Build files have been written to: /home/caros/DEV/ROS_DEV/ros2_dev/src/build/examples_rclcpp_minimal_service
[3.433s] [0mCMake Deprecation Warning at CMakeLists.txt:1 (cmake_minimum_required):
[3.433s]   Compatibility with CMake < 3.10 will be removed from a future version of
[3.433s]   CMake.
[3.433s] 
[3.434s]   Update the VERSION argument <min> value.  Or, use the <min>...<max> syntax
[3.434s]   to tell CMake that the project requires at least <min> but has been updated
[3.434s]   to work with policies introduced by <max> or earlier.
[3.434s] 
[3.434s] [0m
[3.434s] [33mCMake Warning (dev) at /opt/ros/foxy/share/ament_cmake_core/cmake/core/python.cmake:22 (find_package):
[3.434s]   Policy CMP0148 is not set: The FindPythonInterp and FindPythonLibs modules
[3.434s]   are removed.  Run "cmake --help-policy CMP0148" for policy details.  Use
[3.434s]   the cmake_policy command to set the policy and suppress this warning.
[3.434s] 
[3.435s] Call Stack (most recent call first):
[3.435s]   /opt/ros/foxy/share/ament_cmake_core/cmake/core/all.cmake:53 (include)
[3.435s]   /opt/ros/foxy/share/ament_cmake_core/cmake/ament_cmake_core-extras.cmake:17 (include)
[3.435s]   /opt/ros/foxy/share/ament_cmake_core/cmake/ament_cmake_coreConfig.cmake:41 (include)
[3.435s]   /opt/ros/foxy/share/ament_cmake/cmake/ament_cmake_export_dependencies-extras.cmake:15 (find_package)
[3.435s]   /opt/ros/foxy/share/ament_cmake/cmake/ament_cmakeConfig.cmake:41 (include)
[3.435s]   CMakeLists.txt:13 (find_package)
[3.435s] This warning is for project developers.  Use -Wno-dev to suppress it.
[3.435s] [0m
[3.477s] Invoked command in '/home/caros/DEV/ROS_DEV/ros2_dev/src/build/examples_rclcpp_minimal_service' returned '0': CMAKE_PREFIX_PATH=/opt/ros/foxy /usr/local/bin/cmake /home/caros/DEV/ROS_DEV/ros2_dev/src/examples/rclcpp/services/minimal_service -DCMAKE_INSTALL_PREFIX=/home/caros/DEV/ROS_DEV/ros2_dev/src/install/examples_rclcpp_minimal_service
[3.478s] Invoking command in '/home/caros/DEV/ROS_DEV/ros2_dev/src/build/examples_rclcpp_minimal_service': CMAKE_PREFIX_PATH=/opt/ros/foxy /usr/local/bin/cmake --build /home/caros/DEV/ROS_DEV/ros2_dev/src/build/examples_rclcpp_minimal_service -- -j48 -l48
[3.486s] [ 50%] [32mBuilding CXX object CMakeFiles/service_main.dir/main.cpp.o[0m
[11.310s] [100%] [32m[1mLinking CXX executable service_main[0m
[12.048s] [100%] Built target service_main
[12.054s] Invoked command in '/home/caros/DEV/ROS_DEV/ros2_dev/src/build/examples_rclcpp_minimal_service' returned '0': CMAKE_PREFIX_PATH=/opt/ros/foxy /usr/local/bin/cmake --build /home/caros/DEV/ROS_DEV/ros2_dev/src/build/examples_rclcpp_minimal_service -- -j48 -l48
[12.056s] Invoking command in '/home/caros/DEV/ROS_DEV/ros2_dev/src/build/examples_rclcpp_minimal_service': CMAKE_PREFIX_PATH=/opt/ros/foxy /usr/local/bin/cmake --install /home/caros/DEV/ROS_DEV/ros2_dev/src/build/examples_rclcpp_minimal_service
[12.058s] -- Install configuration: ""
[12.059s] -- Installing: /home/caros/DEV/ROS_DEV/ros2_dev/src/install/examples_rclcpp_minimal_service/lib/examples_rclcpp_minimal_service/service_main
[12.059s] -- Set non-toolchain portion of runtime path of "/home/caros/DEV/ROS_DEV/ros2_dev/src/install/examples_rclcpp_minimal_service/lib/examples_rclcpp_minimal_service/service_main" to ""
[12.060s] -- Installing: /home/caros/DEV/ROS_DEV/ros2_dev/src/install/examples_rclcpp_minimal_service/share/ament_index/resource_index/package_run_dependencies/examples_rclcpp_minimal_service
[12.060s] -- Installing: /home/caros/DEV/ROS_DEV/ros2_dev/src/install/examples_rclcpp_minimal_service/share/ament_index/resource_index/parent_prefix_path/examples_rclcpp_minimal_service
[12.060s] -- Installing: /home/caros/DEV/ROS_DEV/ros2_dev/src/install/examples_rclcpp_minimal_service/share/examples_rclcpp_minimal_service/environment/ament_prefix_path.sh
[12.061s] -- Installing: /home/caros/DEV/ROS_DEV/ros2_dev/src/install/examples_rclcpp_minimal_service/share/examples_rclcpp_minimal_service/environment/ament_prefix_path.dsv
[12.062s] -- Installing: /home/caros/DEV/ROS_DEV/ros2_dev/src/install/examples_rclcpp_minimal_service/share/examples_rclcpp_minimal_service/environment/path.sh
[12.063s] -- Installing: /home/caros/DEV/ROS_DEV/ros2_dev/src/install/examples_rclcpp_minimal_service/share/examples_rclcpp_minimal_service/environment/path.dsv
[12.064s] -- Installing: /home/caros/DEV/ROS_DEV/ros2_dev/src/install/examples_rclcpp_minimal_service/share/examples_rclcpp_minimal_service/local_setup.bash
[12.064s] -- Installing: /home/caros/DEV/ROS_DEV/ros2_dev/src/install/examples_rclcpp_minimal_service/share/examples_rclcpp_minimal_service/local_setup.sh
[12.064s] -- Installing: /home/caros/DEV/ROS_DEV/ros2_dev/src/install/examples_rclcpp_minimal_service/share/examples_rclcpp_minimal_service/local_setup.zsh
[12.065s] -- Installing: /home/caros/DEV/ROS_DEV/ros2_dev/src/install/examples_rclcpp_minimal_service/share/examples_rclcpp_minimal_service/local_setup.dsv
[12.065s] -- Installing: /home/caros/DEV/ROS_DEV/ros2_dev/src/install/examples_rclcpp_minimal_service/share/examples_rclcpp_minimal_service/package.dsv
[12.066s] -- Installing: /home/caros/DEV/ROS_DEV/ros2_dev/src/install/examples_rclcpp_minimal_service/share/ament_index/resource_index/packages/examples_rclcpp_minimal_service
[12.066s] -- Installing: /home/caros/DEV/ROS_DEV/ros2_dev/src/install/examples_rclcpp_minimal_service/share/examples_rclcpp_minimal_service/cmake/examples_rclcpp_minimal_serviceConfig.cmake
[12.066s] -- Installing: /home/caros/DEV/ROS_DEV/ros2_dev/src/install/examples_rclcpp_minimal_service/share/examples_rclcpp_minimal_service/cmake/examples_rclcpp_minimal_serviceConfig-version.cmake
[12.067s] -- Installing: /home/caros/DEV/ROS_DEV/ros2_dev/src/install/examples_rclcpp_minimal_service/share/examples_rclcpp_minimal_service/package.xml
[12.073s] Invoked command in '/home/caros/DEV/ROS_DEV/ros2_dev/src/build/examples_rclcpp_minimal_service' returned '0': CMAKE_PREFIX_PATH=/opt/ros/foxy /usr/local/bin/cmake --install /home/caros/DEV/ROS_DEV/ros2_dev/src/build/examples_rclcpp_minimal_service
