[4.198s] Invoking command in '/home/caros/DEV/ROS_DEV/ros2_dev/src/examples/rclpy/executors': PYTHONPATH=/home/caros/DEV/ROS_DEV/ros2_dev/src/build/examples_rclpy_executors/prefix_override:/usr/lib/python3/dist-packages/colcon_core/task/python/colcon_distutils_commands:/home/caros/DEV/ROS_DEV/ros2_dev/src/install/examples_rclpy_executors/lib/python3.8/site-packages:${PYTHONPATH} /usr/bin/python3 -W ignore:setup.py install is deprecated -W ignore:easy_install command is deprecated setup.py egg_info --egg-base ../../../build/examples_rclpy_executors build --build-base /home/caros/DEV/ROS_DEV/ros2_dev/src/build/examples_rclpy_executors/build install --record /home/caros/DEV/ROS_DEV/ros2_dev/src/build/examples_rclpy_executors/install.log --install-scripts $base/lib/examples_rclpy_executors --single-version-externally-managed install_data
[4.722s] running egg_info
[4.723s] creating ../../../build/examples_rclpy_executors/examples_rclpy_executors.egg-info
[4.724s] writing ../../../build/examples_rclpy_executors/examples_rclpy_executors.egg-info/PKG-INFO
[4.724s] writing dependency_links to ../../../build/examples_rclpy_executors/examples_rclpy_executors.egg-info/dependency_links.txt
[4.724s] writing entry points to ../../../build/examples_rclpy_executors/examples_rclpy_executors.egg-info/entry_points.txt
[4.725s] writing requirements to ../../../build/examples_rclpy_executors/examples_rclpy_executors.egg-info/requires.txt
[4.725s] writing top-level names to ../../../build/examples_rclpy_executors/examples_rclpy_executors.egg-info/top_level.txt
[4.727s] writing manifest file '../../../build/examples_rclpy_executors/examples_rclpy_executors.egg-info/SOURCES.txt'
[4.812s] reading manifest file '../../../build/examples_rclpy_executors/examples_rclpy_executors.egg-info/SOURCES.txt'
[4.813s] writing manifest file '../../../build/examples_rclpy_executors/examples_rclpy_executors.egg-info/SOURCES.txt'
[4.814s] running build
[4.814s] running build_py
[4.814s] creating /home/caros/DEV/ROS_DEV/ros2_dev/src/build/examples_rclpy_executors/build
[4.814s] creating /home/caros/DEV/ROS_DEV/ros2_dev/src/build/examples_rclpy_executors/build/lib
[4.814s] creating /home/caros/DEV/ROS_DEV/ros2_dev/src/build/examples_rclpy_executors/build/lib/examples_rclpy_executors
[4.814s] copying examples_rclpy_executors/listener.py -> /home/caros/DEV/ROS_DEV/ros2_dev/src/build/examples_rclpy_executors/build/lib/examples_rclpy_executors
[4.815s] copying examples_rclpy_executors/talker.py -> /home/caros/DEV/ROS_DEV/ros2_dev/src/build/examples_rclpy_executors/build/lib/examples_rclpy_executors
[4.815s] copying examples_rclpy_executors/composed.py -> /home/caros/DEV/ROS_DEV/ros2_dev/src/build/examples_rclpy_executors/build/lib/examples_rclpy_executors
[4.815s] copying examples_rclpy_executors/callback_group.py -> /home/caros/DEV/ROS_DEV/ros2_dev/src/build/examples_rclpy_executors/build/lib/examples_rclpy_executors
[4.815s] copying examples_rclpy_executors/__init__.py -> /home/caros/DEV/ROS_DEV/ros2_dev/src/build/examples_rclpy_executors/build/lib/examples_rclpy_executors
[4.815s] copying examples_rclpy_executors/custom_executor.py -> /home/caros/DEV/ROS_DEV/ros2_dev/src/build/examples_rclpy_executors/build/lib/examples_rclpy_executors
[4.816s] copying examples_rclpy_executors/custom_callback_group.py -> /home/caros/DEV/ROS_DEV/ros2_dev/src/build/examples_rclpy_executors/build/lib/examples_rclpy_executors
[4.816s] running install
[4.818s] running install_lib
[4.820s] creating /home/caros/DEV/ROS_DEV/ros2_dev/src/install/examples_rclpy_executors/lib/python3.8/site-packages/examples_rclpy_executors
[4.820s] copying /home/caros/DEV/ROS_DEV/ros2_dev/src/build/examples_rclpy_executors/build/lib/examples_rclpy_executors/listener.py -> /home/caros/DEV/ROS_DEV/ros2_dev/src/install/examples_rclpy_executors/lib/python3.8/site-packages/examples_rclpy_executors
[4.820s] copying /home/caros/DEV/ROS_DEV/ros2_dev/src/build/examples_rclpy_executors/build/lib/examples_rclpy_executors/talker.py -> /home/caros/DEV/ROS_DEV/ros2_dev/src/install/examples_rclpy_executors/lib/python3.8/site-packages/examples_rclpy_executors
[4.820s] copying /home/caros/DEV/ROS_DEV/ros2_dev/src/build/examples_rclpy_executors/build/lib/examples_rclpy_executors/composed.py -> /home/caros/DEV/ROS_DEV/ros2_dev/src/install/examples_rclpy_executors/lib/python3.8/site-packages/examples_rclpy_executors
[4.821s] copying /home/caros/DEV/ROS_DEV/ros2_dev/src/build/examples_rclpy_executors/build/lib/examples_rclpy_executors/callback_group.py -> /home/caros/DEV/ROS_DEV/ros2_dev/src/install/examples_rclpy_executors/lib/python3.8/site-packages/examples_rclpy_executors
[4.821s] copying /home/caros/DEV/ROS_DEV/ros2_dev/src/build/examples_rclpy_executors/build/lib/examples_rclpy_executors/__init__.py -> /home/caros/DEV/ROS_DEV/ros2_dev/src/install/examples_rclpy_executors/lib/python3.8/site-packages/examples_rclpy_executors
[4.821s] copying /home/caros/DEV/ROS_DEV/ros2_dev/src/build/examples_rclpy_executors/build/lib/examples_rclpy_executors/custom_executor.py -> /home/caros/DEV/ROS_DEV/ros2_dev/src/install/examples_rclpy_executors/lib/python3.8/site-packages/examples_rclpy_executors
[4.821s] copying /home/caros/DEV/ROS_DEV/ros2_dev/src/build/examples_rclpy_executors/build/lib/examples_rclpy_executors/custom_callback_group.py -> /home/caros/DEV/ROS_DEV/ros2_dev/src/install/examples_rclpy_executors/lib/python3.8/site-packages/examples_rclpy_executors
[4.822s] byte-compiling /home/caros/DEV/ROS_DEV/ros2_dev/src/install/examples_rclpy_executors/lib/python3.8/site-packages/examples_rclpy_executors/listener.py to listener.cpython-38.pyc
[4.825s] byte-compiling /home/caros/DEV/ROS_DEV/ros2_dev/src/install/examples_rclpy_executors/lib/python3.8/site-packages/examples_rclpy_executors/talker.py to talker.cpython-38.pyc
[4.826s] byte-compiling /home/caros/DEV/ROS_DEV/ros2_dev/src/install/examples_rclpy_executors/lib/python3.8/site-packages/examples_rclpy_executors/composed.py to composed.cpython-38.pyc
[4.826s] byte-compiling /home/caros/DEV/ROS_DEV/ros2_dev/src/install/examples_rclpy_executors/lib/python3.8/site-packages/examples_rclpy_executors/callback_group.py to callback_group.cpython-38.pyc
[4.827s] byte-compiling /home/caros/DEV/ROS_DEV/ros2_dev/src/install/examples_rclpy_executors/lib/python3.8/site-packages/examples_rclpy_executors/__init__.py to __init__.cpython-38.pyc
[4.827s] byte-compiling /home/caros/DEV/ROS_DEV/ros2_dev/src/install/examples_rclpy_executors/lib/python3.8/site-packages/examples_rclpy_executors/custom_executor.py to custom_executor.cpython-38.pyc
[4.828s] byte-compiling /home/caros/DEV/ROS_DEV/ros2_dev/src/install/examples_rclpy_executors/lib/python3.8/site-packages/examples_rclpy_executors/custom_callback_group.py to custom_callback_group.cpython-38.pyc
[4.829s] running install_data
[4.829s] creating /home/caros/DEV/ROS_DEV/ros2_dev/src/install/examples_rclpy_executors/share/ament_index
[4.829s] creating /home/caros/DEV/ROS_DEV/ros2_dev/src/install/examples_rclpy_executors/share/ament_index/resource_index
[4.829s] creating /home/caros/DEV/ROS_DEV/ros2_dev/src/install/examples_rclpy_executors/share/ament_index/resource_index/packages
[4.829s] copying resource/examples_rclpy_executors -> /home/caros/DEV/ROS_DEV/ros2_dev/src/install/examples_rclpy_executors/share/ament_index/resource_index/packages
[4.830s] copying package.xml -> /home/caros/DEV/ROS_DEV/ros2_dev/src/install/examples_rclpy_executors/share/examples_rclpy_executors
[4.830s] running install_egg_info
[4.834s] Copying ../../../build/examples_rclpy_executors/examples_rclpy_executors.egg-info to /home/caros/DEV/ROS_DEV/ros2_dev/src/install/examples_rclpy_executors/lib/python3.8/site-packages/examples_rclpy_executors-0.9.4-py3.8.egg-info
[4.836s] running install_scripts
[5.001s] Installing callback_group script to /home/caros/DEV/ROS_DEV/ros2_dev/src/install/examples_rclpy_executors/lib/examples_rclpy_executors
[5.001s] Installing composed script to /home/caros/DEV/ROS_DEV/ros2_dev/src/install/examples_rclpy_executors/lib/examples_rclpy_executors
[5.001s] Installing custom_callback_group script to /home/caros/DEV/ROS_DEV/ros2_dev/src/install/examples_rclpy_executors/lib/examples_rclpy_executors
[5.002s] Installing custom_executor script to /home/caros/DEV/ROS_DEV/ros2_dev/src/install/examples_rclpy_executors/lib/examples_rclpy_executors
[5.002s] Installing listener script to /home/caros/DEV/ROS_DEV/ros2_dev/src/install/examples_rclpy_executors/lib/examples_rclpy_executors
[5.002s] Installing talker script to /home/caros/DEV/ROS_DEV/ros2_dev/src/install/examples_rclpy_executors/lib/examples_rclpy_executors
[5.003s] writing list of installed files to '/home/caros/DEV/ROS_DEV/ros2_dev/src/build/examples_rclpy_executors/install.log'
[5.078s] Invoked command in '/home/caros/DEV/ROS_DEV/ros2_dev/src/examples/rclpy/executors' returned '0': PYTHONPATH=/home/caros/DEV/ROS_DEV/ros2_dev/src/build/examples_rclpy_executors/prefix_override:/usr/lib/python3/dist-packages/colcon_core/task/python/colcon_distutils_commands:/home/caros/DEV/ROS_DEV/ros2_dev/src/install/examples_rclpy_executors/lib/python3.8/site-packages:${PYTHONPATH} /usr/bin/python3 -W ignore:setup.py install is deprecated -W ignore:easy_install command is deprecated setup.py egg_info --egg-base ../../../build/examples_rclpy_executors build --build-base /home/caros/DEV/ROS_DEV/ros2_dev/src/build/examples_rclpy_executors/build install --record /home/caros/DEV/ROS_DEV/ros2_dev/src/build/examples_rclpy_executors/install.log --install-scripts $base/lib/examples_rclpy_executors --single-version-externally-managed install_data
