[0.182s] Invoking command in '/home/caros/DEV/ROS_DEV/ros2_dev/src/build/cpp_pubsub': CMAKE_PREFIX_PATH=/opt/ros/foxy /usr/local/bin/cmake /home/caros/DEV/ROS_DEV/ros2_dev/src/cpp_pubsub -DCMAKE_INSTALL_PREFIX=/home/caros/DEV/ROS_DEV/ros2_dev/src/install/cpp_pubsub
[3.121s] [33mCMake Warning (dev) at /opt/ros/foxy/share/ament_cmake_core/cmake/core/python.cmake:22 (find_package):
[3.124s]   Policy CMP0148 is not set: The FindPythonInterp and FindPythonLibs modules
[3.127s]   are removed.  Run "cmake --help-policy CMP0148" for policy details.  Use
[3.130s]   the cmake_policy command to set the policy and suppress this warning.
[3.138s] 
[3.139s] Call Stack (most recent call first):
[3.139s]   /opt/ros/foxy/share/ament_cmake_core/cmake/core/all.cmake:53 (include)
[3.139s]   /opt/ros/foxy/share/ament_cmake_core/cmake/ament_cmake_core-extras.cmake:17 (include)
[3.139s]   /opt/ros/foxy/share/ament_cmake_core/cmake/ament_cmake_coreConfig.cmake:41 (include)
[3.140s]   /opt/ros/foxy/share/ament_cmake/cmake/ament_cmake_export_dependencies-extras.cmake:15 (find_package)
[3.145s]   /opt/ros/foxy/share/ament_cmake/cmake/ament_cmakeConfig.cmake:41 (include)
[3.146s]   CMakeLists.txt:19 (find_package)
[3.146s] This warning is for project developers.  Use -Wno-dev to suppress it.
[3.146s] [0m
[3.147s] -- The C compiler identification is GNU 9.4.0
[3.147s] -- The CXX compiler identification is GNU 9.4.0
[3.148s] -- Detecting C compiler ABI info
[3.148s] -- Detecting C compiler ABI info - done
[3.148s] -- Check for working C compiler: /usr/bin/cc - skipped
[3.149s] -- Detecting C compile features
[3.149s] -- Detecting C compile features - done
[3.152s] -- Detecting CXX compiler ABI info
[3.153s] -- Detecting CXX compiler ABI info - done
[3.153s] -- Check for working CXX compiler: /usr/bin/c++ - skipped
[3.153s] -- Detecting CXX compile features
[3.156s] -- Detecting CXX compile features - done
[3.157s] -- Found ament_cmake: 0.9.12 (/opt/ros/foxy/share/ament_cmake/cmake)
[3.157s] -- Found PythonInterp: /usr/bin/python3 (found suitable version "3.8.10", minimum required is "3")
[3.158s] -- Using PYTHON_EXECUTABLE: /usr/bin/python3
[3.158s] -- Found rclcpp: 2.4.3 (/opt/ros/foxy/share/rclcpp/cmake)
[3.161s] -- Using all available rosidl_typesupport_c: rosidl_typesupport_fastrtps_c;rosidl_typesupport_introspection_c
[3.165s] -- Found rosidl_adapter: 1.3.1 (/opt/ros/foxy/share/rosidl_adapter/cmake)
[3.166s] -- Found OpenSSL: /usr/lib/x86_64-linux-gnu/libcrypto.so (found version "1.1.1f")
[3.166s] -- Found FastRTPS: /opt/ros/foxy/include
[3.167s] -- Using all available rosidl_typesupport_cpp: rosidl_typesupport_fastrtps_cpp;rosidl_typesupport_introspection_cpp
[3.168s] -- Found rmw_implementation_cmake: 1.0.4 (/opt/ros/foxy/share/rmw_implementation_cmake/cmake)
[3.168s] -- Using RMW implementation 'rmw_fastrtps_cpp' as default
[3.170s] -- Performing Test CMAKE_HAVE_LIBC_PTHREAD
[3.173s] -- Performing Test CMAKE_HAVE_LIBC_PTHREAD - Failed
[3.175s] -- Looking for pthread_create in pthreads
[3.175s] -- Looking for pthread_create in pthreads - not found
[3.179s] -- Looking for pthread_create in pthread
[3.180s] -- Looking for pthread_create in pthread - found
[3.180s] -- Found Threads: TRUE
[3.182s] -- Found ament_lint_auto: 0.9.8 (/opt/ros/foxy/share/ament_lint_auto/cmake)
[3.182s] -- Configuring done (1.9s)
[3.183s] -- Generating done (0.0s)
[3.183s] -- Build files have been written to: /home/caros/DEV/ROS_DEV/ros2_dev/src/build/cpp_pubsub
[3.511s] Invoked command in '/home/caros/DEV/ROS_DEV/ros2_dev/src/build/cpp_pubsub' returned '0': CMAKE_PREFIX_PATH=/opt/ros/foxy /usr/local/bin/cmake /home/caros/DEV/ROS_DEV/ros2_dev/src/cpp_pubsub -DCMAKE_INSTALL_PREFIX=/home/caros/DEV/ROS_DEV/ros2_dev/src/install/cpp_pubsub
[3.512s] Invoking command in '/home/caros/DEV/ROS_DEV/ros2_dev/src/build/cpp_pubsub': CMAKE_PREFIX_PATH=/opt/ros/foxy /usr/local/bin/cmake --build /home/caros/DEV/ROS_DEV/ros2_dev/src/build/cpp_pubsub -- -j48 -l48
[3.530s] [ 25%] [32mBuilding CXX object CMakeFiles/talker.dir/src/talker.cpp.o[0m
[3.530s] [ 50%] [32mBuilding CXX object CMakeFiles/listener.dir/src/listener.cpp.o[0m
[12.025s] [ 75%] [32m[1mLinking CXX executable talker[0m
[12.159s] [ 75%] Built target talker
[13.239s] [100%] [32m[1mLinking CXX executable listener[0m
[13.520s] [100%] Built target listener
[13.529s] Invoked command in '/home/caros/DEV/ROS_DEV/ros2_dev/src/build/cpp_pubsub' returned '0': CMAKE_PREFIX_PATH=/opt/ros/foxy /usr/local/bin/cmake --build /home/caros/DEV/ROS_DEV/ros2_dev/src/build/cpp_pubsub -- -j48 -l48
[13.564s] Invoking command in '/home/caros/DEV/ROS_DEV/ros2_dev/src/build/cpp_pubsub': CMAKE_PREFIX_PATH=/opt/ros/foxy /usr/local/bin/cmake --install /home/caros/DEV/ROS_DEV/ros2_dev/src/build/cpp_pubsub
[13.571s] -- Install configuration: ""
[13.572s] -- Installing: /home/caros/DEV/ROS_DEV/ros2_dev/src/install/cpp_pubsub/lib/cpp_pubsub/talker
[13.574s] -- Set non-toolchain portion of runtime path of "/home/caros/DEV/ROS_DEV/ros2_dev/src/install/cpp_pubsub/lib/cpp_pubsub/talker" to ""
[13.574s] -- Installing: /home/caros/DEV/ROS_DEV/ros2_dev/src/install/cpp_pubsub/lib/cpp_pubsub/listener
[13.578s] -- Set non-toolchain portion of runtime path of "/home/caros/DEV/ROS_DEV/ros2_dev/src/install/cpp_pubsub/lib/cpp_pubsub/listener" to ""
[13.578s] -- Installing: /home/caros/DEV/ROS_DEV/ros2_dev/src/install/cpp_pubsub/share/ament_index/resource_index/package_run_dependencies/cpp_pubsub
[13.579s] -- Installing: /home/caros/DEV/ROS_DEV/ros2_dev/src/install/cpp_pubsub/share/ament_index/resource_index/parent_prefix_path/cpp_pubsub
[13.579s] -- Installing: /home/caros/DEV/ROS_DEV/ros2_dev/src/install/cpp_pubsub/share/cpp_pubsub/environment/ament_prefix_path.sh
[13.579s] -- Installing: /home/caros/DEV/ROS_DEV/ros2_dev/src/install/cpp_pubsub/share/cpp_pubsub/environment/ament_prefix_path.dsv
[13.588s] -- Installing: /home/caros/DEV/ROS_DEV/ros2_dev/src/install/cpp_pubsub/share/cpp_pubsub/environment/path.sh
[13.588s] -- Installing: /home/caros/DEV/ROS_DEV/ros2_dev/src/install/cpp_pubsub/share/cpp_pubsub/environment/path.dsv
[13.589s] -- Installing: /home/caros/DEV/ROS_DEV/ros2_dev/src/install/cpp_pubsub/share/cpp_pubsub/local_setup.bash
[13.589s] -- Installing: /home/caros/DEV/ROS_DEV/ros2_dev/src/install/cpp_pubsub/share/cpp_pubsub/local_setup.sh
[13.590s] -- Installing: /home/caros/DEV/ROS_DEV/ros2_dev/src/install/cpp_pubsub/share/cpp_pubsub/local_setup.zsh
[13.590s] -- Installing: /home/caros/DEV/ROS_DEV/ros2_dev/src/install/cpp_pubsub/share/cpp_pubsub/local_setup.dsv
[13.590s] -- Installing: /home/caros/DEV/ROS_DEV/ros2_dev/src/install/cpp_pubsub/share/cpp_pubsub/package.dsv
[13.591s] -- Installing: /home/caros/DEV/ROS_DEV/ros2_dev/src/install/cpp_pubsub/share/ament_index/resource_index/packages/cpp_pubsub
[13.591s] -- Installing: /home/caros/DEV/ROS_DEV/ros2_dev/src/install/cpp_pubsub/share/cpp_pubsub/cmake/cpp_pubsubConfig.cmake
[13.592s] -- Installing: /home/caros/DEV/ROS_DEV/ros2_dev/src/install/cpp_pubsub/share/cpp_pubsub/cmake/cpp_pubsubConfig-version.cmake
[13.592s] -- Installing: /home/caros/DEV/ROS_DEV/ros2_dev/src/install/cpp_pubsub/share/cpp_pubsub/package.xml
[13.608s] Invoked command in '/home/caros/DEV/ROS_DEV/ros2_dev/src/build/cpp_pubsub' returned '0': CMAKE_PREFIX_PATH=/opt/ros/foxy /usr/local/bin/cmake --install /home/caros/DEV/ROS_DEV/ros2_dev/src/build/cpp_pubsub
