[0.205s] Invoking command in '/home/caros/DEV/ROS_DEV/ros2_dev/src/build/examples_rclcpp_multithreaded_executor': CMAKE_PREFIX_PATH=/opt/ros/foxy /usr/local/bin/cmake /home/caros/DEV/ROS_DEV/ros2_dev/src/examples/rclcpp/executors/multithreaded_executor -DCMAKE_INSTALL_PREFIX=/home/caros/DEV/ROS_DEV/ros2_dev/src/install/examples_rclcpp_multithreaded_executor
[3.425s] -- The C compiler identification is GNU 9.4.0
[3.425s] -- The CXX compiler identification is GNU 9.4.0
[3.425s] -- Detecting C compiler ABI info
[3.425s] -- Detecting C compiler ABI info - done
[3.425s] -- Check for working C compiler: /usr/bin/cc - skipped
[3.425s] -- Detecting C compile features
[3.426s] -- Detecting C compile features - done
[3.426s] -- Detecting CXX compiler ABI info
[3.426s] -- Detecting CXX compiler ABI info - done
[3.426s] -- Check for working CXX compiler: /usr/bin/c++ - skipped
[3.426s] -- Detecting CXX compile features
[3.426s] -- Detecting CXX compile features - done
[3.426s] -- Found ament_cmake: 0.9.12 (/opt/ros/foxy/share/ament_cmake/cmake)
[3.426s] -- Found PythonInterp: /usr/bin/python3 (found suitable version "3.8.10", minimum required is "3")
[3.426s] -- Using PYTHON_EXECUTABLE: /usr/bin/python3
[3.427s] -- Found rclcpp: 2.4.3 (/opt/ros/foxy/share/rclcpp/cmake)
[3.427s] -- Using all available rosidl_typesupport_c: rosidl_typesupport_fastrtps_c;rosidl_typesupport_introspection_c
[3.427s] -- Found rosidl_adapter: 1.3.1 (/opt/ros/foxy/share/rosidl_adapter/cmake)
[3.427s] -- Found OpenSSL: /usr/lib/x86_64-linux-gnu/libcrypto.so (found version "1.1.1f")
[3.427s] -- Found FastRTPS: /opt/ros/foxy/include
[3.427s] -- Using all available rosidl_typesupport_cpp: rosidl_typesupport_fastrtps_cpp;rosidl_typesupport_introspection_cpp
[3.427s] -- Found rmw_implementation_cmake: 1.0.4 (/opt/ros/foxy/share/rmw_implementation_cmake/cmake)
[3.427s] -- Using RMW implementation 'rmw_fastrtps_cpp' as default
[3.427s] -- Performing Test CMAKE_HAVE_LIBC_PTHREAD
[3.428s] -- Performing Test CMAKE_HAVE_LIBC_PTHREAD - Failed
[3.428s] -- Looking for pthread_create in pthreads
[3.428s] -- Looking for pthread_create in pthreads - not found
[3.428s] -- Looking for pthread_create in pthread
[3.428s] -- Looking for pthread_create in pthread - found
[3.428s] -- Found Threads: TRUE
[3.428s] -- Found ament_lint_auto: 0.9.8 (/opt/ros/foxy/share/ament_lint_auto/cmake)
[3.428s] -- Added test 'copyright' to check source files copyright and LICENSE
[3.428s] -- Added test 'cppcheck' to perform static code analysis on C / C++ code
[3.428s] -- Configured cppcheck include dirs: 
[3.429s] -- Configured cppcheck exclude dirs and/or files: 
[3.429s] -- Added test 'cpplint' to check C / C++ code against the Google style
[3.429s] -- Configured cpplint exclude dirs and/or files: 
[3.429s] -- Added test 'lint_cmake' to check CMake code style
[3.429s] -- Added test 'uncrustify' to check C / C++ code style
[3.429s] -- Configured uncrustify additional arguments: 
[3.429s] -- Added test 'xmllint' to check XML markup files
[3.429s] -- Configuring done (1.9s)
[3.430s] -- Generating done (0.0s)
[3.430s] -- Build files have been written to: /home/caros/DEV/ROS_DEV/ros2_dev/src/build/examples_rclcpp_multithreaded_executor
[3.438s] [0mCMake Deprecation Warning at CMakeLists.txt:1 (cmake_minimum_required):
[3.439s]   Compatibility with CMake < 3.10 will be removed from a future version of
[3.439s]   CMake.
[3.439s] 
[3.439s]   Update the VERSION argument <min> value.  Or, use the <min>...<max> syntax
[3.439s]   to tell CMake that the project requires at least <min> but has been updated
[3.439s]   to work with policies introduced by <max> or earlier.
[3.439s] 
[3.439s] [0m
[3.439s] [33mCMake Warning (dev) at /opt/ros/foxy/share/ament_cmake_core/cmake/core/python.cmake:22 (find_package):
[3.439s]   Policy CMP0148 is not set: The FindPythonInterp and FindPythonLibs modules
[3.440s]   are removed.  Run "cmake --help-policy CMP0148" for policy details.  Use
[3.440s]   the cmake_policy command to set the policy and suppress this warning.
[3.440s] 
[3.440s] Call Stack (most recent call first):
[3.440s]   /opt/ros/foxy/share/ament_cmake_core/cmake/core/all.cmake:53 (include)
[3.440s]   /opt/ros/foxy/share/ament_cmake_core/cmake/ament_cmake_core-extras.cmake:17 (include)
[3.440s]   /opt/ros/foxy/share/ament_cmake_core/cmake/ament_cmake_coreConfig.cmake:41 (include)
[3.440s]   /opt/ros/foxy/share/ament_cmake/cmake/ament_cmake_export_dependencies-extras.cmake:15 (find_package)
[3.440s]   /opt/ros/foxy/share/ament_cmake/cmake/ament_cmakeConfig.cmake:41 (include)
[3.440s]   CMakeLists.txt:13 (find_package)
[3.441s] This warning is for project developers.  Use -Wno-dev to suppress it.
[3.441s] [0m
[3.464s] Invoked command in '/home/caros/DEV/ROS_DEV/ros2_dev/src/build/examples_rclcpp_multithreaded_executor' returned '0': CMAKE_PREFIX_PATH=/opt/ros/foxy /usr/local/bin/cmake /home/caros/DEV/ROS_DEV/ros2_dev/src/examples/rclcpp/executors/multithreaded_executor -DCMAKE_INSTALL_PREFIX=/home/caros/DEV/ROS_DEV/ros2_dev/src/install/examples_rclcpp_multithreaded_executor
[3.465s] Invoking command in '/home/caros/DEV/ROS_DEV/ros2_dev/src/build/examples_rclcpp_multithreaded_executor': CMAKE_PREFIX_PATH=/opt/ros/foxy /usr/local/bin/cmake --build /home/caros/DEV/ROS_DEV/ros2_dev/src/build/examples_rclcpp_multithreaded_executor -- -j48 -l48
[3.468s] [ 50%] [32mBuilding CXX object CMakeFiles/multithreaded_executor.dir/multithreaded_executor.cpp.o[0m
[14.909s] [100%] [32m[1mLinking CXX executable multithreaded_executor[0m
[15.180s] [100%] Built target multithreaded_executor
[15.191s] Invoked command in '/home/caros/DEV/ROS_DEV/ros2_dev/src/build/examples_rclcpp_multithreaded_executor' returned '0': CMAKE_PREFIX_PATH=/opt/ros/foxy /usr/local/bin/cmake --build /home/caros/DEV/ROS_DEV/ros2_dev/src/build/examples_rclcpp_multithreaded_executor -- -j48 -l48
[15.199s] Invoking command in '/home/caros/DEV/ROS_DEV/ros2_dev/src/build/examples_rclcpp_multithreaded_executor': CMAKE_PREFIX_PATH=/opt/ros/foxy /usr/local/bin/cmake --install /home/caros/DEV/ROS_DEV/ros2_dev/src/build/examples_rclcpp_multithreaded_executor
[15.204s] -- Install configuration: ""
[15.204s] -- Installing: /home/caros/DEV/ROS_DEV/ros2_dev/src/install/examples_rclcpp_multithreaded_executor/lib/examples_rclcpp_multithreaded_executor/multithreaded_executor
[15.208s] -- Set non-toolchain portion of runtime path of "/home/caros/DEV/ROS_DEV/ros2_dev/src/install/examples_rclcpp_multithreaded_executor/lib/examples_rclcpp_multithreaded_executor/multithreaded_executor" to ""
[15.208s] -- Installing: /home/caros/DEV/ROS_DEV/ros2_dev/src/install/examples_rclcpp_multithreaded_executor/share/ament_index/resource_index/package_run_dependencies/examples_rclcpp_multithreaded_executor
[15.208s] -- Installing: /home/caros/DEV/ROS_DEV/ros2_dev/src/install/examples_rclcpp_multithreaded_executor/share/ament_index/resource_index/parent_prefix_path/examples_rclcpp_multithreaded_executor
[15.208s] -- Installing: /home/caros/DEV/ROS_DEV/ros2_dev/src/install/examples_rclcpp_multithreaded_executor/share/examples_rclcpp_multithreaded_executor/environment/ament_prefix_path.sh
[15.209s] -- Installing: /home/caros/DEV/ROS_DEV/ros2_dev/src/install/examples_rclcpp_multithreaded_executor/share/examples_rclcpp_multithreaded_executor/environment/ament_prefix_path.dsv
[15.209s] -- Installing: /home/caros/DEV/ROS_DEV/ros2_dev/src/install/examples_rclcpp_multithreaded_executor/share/examples_rclcpp_multithreaded_executor/environment/path.sh
[15.209s] -- Installing: /home/caros/DEV/ROS_DEV/ros2_dev/src/install/examples_rclcpp_multithreaded_executor/share/examples_rclcpp_multithreaded_executor/environment/path.dsv
[15.209s] -- Installing: /home/caros/DEV/ROS_DEV/ros2_dev/src/install/examples_rclcpp_multithreaded_executor/share/examples_rclcpp_multithreaded_executor/local_setup.bash
[15.210s] -- Installing: /home/caros/DEV/ROS_DEV/ros2_dev/src/install/examples_rclcpp_multithreaded_executor/share/examples_rclcpp_multithreaded_executor/local_setup.sh
[15.210s] -- Installing: /home/caros/DEV/ROS_DEV/ros2_dev/src/install/examples_rclcpp_multithreaded_executor/share/examples_rclcpp_multithreaded_executor/local_setup.zsh
[15.210s] -- Installing: /home/caros/DEV/ROS_DEV/ros2_dev/src/install/examples_rclcpp_multithreaded_executor/share/examples_rclcpp_multithreaded_executor/local_setup.dsv
[15.210s] -- Installing: /home/caros/DEV/ROS_DEV/ros2_dev/src/install/examples_rclcpp_multithreaded_executor/share/examples_rclcpp_multithreaded_executor/package.dsv
[15.211s] -- Installing: /home/caros/DEV/ROS_DEV/ros2_dev/src/install/examples_rclcpp_multithreaded_executor/share/ament_index/resource_index/packages/examples_rclcpp_multithreaded_executor
[15.211s] -- Installing: /home/caros/DEV/ROS_DEV/ros2_dev/src/install/examples_rclcpp_multithreaded_executor/share/examples_rclcpp_multithreaded_executor/cmake/examples_rclcpp_multithreaded_executorConfig.cmake
[15.211s] -- Installing: /home/caros/DEV/ROS_DEV/ros2_dev/src/install/examples_rclcpp_multithreaded_executor/share/examples_rclcpp_multithreaded_executor/cmake/examples_rclcpp_multithreaded_executorConfig-version.cmake
[15.212s] -- Installing: /home/caros/DEV/ROS_DEV/ros2_dev/src/install/examples_rclcpp_multithreaded_executor/share/examples_rclcpp_multithreaded_executor/package.xml
[15.215s] Invoked command in '/home/caros/DEV/ROS_DEV/ros2_dev/src/build/examples_rclcpp_multithreaded_executor' returned '0': CMAKE_PREFIX_PATH=/opt/ros/foxy /usr/local/bin/cmake --install /home/caros/DEV/ROS_DEV/ros2_dev/src/build/examples_rclcpp_multithreaded_executor
