[4.284s] Invoking command in '/home/caros/DEV/ROS_DEV/ros2_dev/src/py_pubsub': PYTHONPATH=/home/caros/DEV/ROS_DEV/ros2_dev/src/build/py_pubsub/prefix_override:/usr/lib/python3/dist-packages/colcon_core/task/python/colcon_distutils_commands:/home/caros/DEV/ROS_DEV/ros2_dev/src/install/py_pubsub/lib/python3.8/site-packages:${PYTHONPATH} /usr/bin/python3 -W ignore:setup.py install is deprecated -W ignore:easy_install command is deprecated setup.py egg_info --egg-base ../build/py_pubsub build --build-base /home/caros/DEV/ROS_DEV/ros2_dev/src/build/py_pubsub/build install --record /home/caros/DEV/ROS_DEV/ros2_dev/src/build/py_pubsub/install.log --install-scripts $base/lib/py_pubsub --single-version-externally-managed install_data
[4.648s] running egg_info
[4.649s] creating ../build/py_pubsub/py_pubsub.egg-info
[4.649s] writing ../build/py_pubsub/py_pubsub.egg-info/PKG-INFO
[4.650s] writing dependency_links to ../build/py_pubsub/py_pubsub.egg-info/dependency_links.txt
[4.651s] writing entry points to ../build/py_pubsub/py_pubsub.egg-info/entry_points.txt
[4.651s] writing requirements to ../build/py_pubsub/py_pubsub.egg-info/requires.txt
[4.651s] writing top-level names to ../build/py_pubsub/py_pubsub.egg-info/top_level.txt
[4.653s] writing manifest file '../build/py_pubsub/py_pubsub.egg-info/SOURCES.txt'
[4.717s] reading manifest file '../build/py_pubsub/py_pubsub.egg-info/SOURCES.txt'
[4.717s] writing manifest file '../build/py_pubsub/py_pubsub.egg-info/SOURCES.txt'
[4.718s] running build
[4.718s] running build_py
[4.718s] creating /home/caros/DEV/ROS_DEV/ros2_dev/src/build/py_pubsub/build
[4.718s] creating /home/caros/DEV/ROS_DEV/ros2_dev/src/build/py_pubsub/build/lib
[4.718s] creating /home/caros/DEV/ROS_DEV/ros2_dev/src/build/py_pubsub/build/lib/py_pubsub
[4.719s] copying py_pubsub/__init__.py -> /home/caros/DEV/ROS_DEV/ros2_dev/src/build/py_pubsub/build/lib/py_pubsub
[4.719s] copying py_pubsub/publisher_member_function.py -> /home/caros/DEV/ROS_DEV/ros2_dev/src/build/py_pubsub/build/lib/py_pubsub
[4.719s] copying py_pubsub/subscriber_member_function.py -> /home/caros/DEV/ROS_DEV/ros2_dev/src/build/py_pubsub/build/lib/py_pubsub
[4.719s] running install
[4.720s] running install_lib
[4.721s] creating /home/caros/DEV/ROS_DEV/ros2_dev/src/install/py_pubsub/lib/python3.8/site-packages/py_pubsub
[4.721s] copying /home/caros/DEV/ROS_DEV/ros2_dev/src/build/py_pubsub/build/lib/py_pubsub/__init__.py -> /home/caros/DEV/ROS_DEV/ros2_dev/src/install/py_pubsub/lib/python3.8/site-packages/py_pubsub
[4.721s] copying /home/caros/DEV/ROS_DEV/ros2_dev/src/build/py_pubsub/build/lib/py_pubsub/publisher_member_function.py -> /home/caros/DEV/ROS_DEV/ros2_dev/src/install/py_pubsub/lib/python3.8/site-packages/py_pubsub
[4.722s] copying /home/caros/DEV/ROS_DEV/ros2_dev/src/build/py_pubsub/build/lib/py_pubsub/subscriber_member_function.py -> /home/caros/DEV/ROS_DEV/ros2_dev/src/install/py_pubsub/lib/python3.8/site-packages/py_pubsub
[4.722s] byte-compiling /home/caros/DEV/ROS_DEV/ros2_dev/src/install/py_pubsub/lib/python3.8/site-packages/py_pubsub/__init__.py to __init__.cpython-38.pyc
[4.724s] byte-compiling /home/caros/DEV/ROS_DEV/ros2_dev/src/install/py_pubsub/lib/python3.8/site-packages/py_pubsub/publisher_member_function.py to publisher_member_function.cpython-38.pyc
[4.724s] byte-compiling /home/caros/DEV/ROS_DEV/ros2_dev/src/install/py_pubsub/lib/python3.8/site-packages/py_pubsub/subscriber_member_function.py to subscriber_member_function.cpython-38.pyc
[4.725s] running install_data
[4.725s] creating /home/caros/DEV/ROS_DEV/ros2_dev/src/install/py_pubsub/share/ament_index
[4.725s] creating /home/caros/DEV/ROS_DEV/ros2_dev/src/install/py_pubsub/share/ament_index/resource_index
[4.725s] creating /home/caros/DEV/ROS_DEV/ros2_dev/src/install/py_pubsub/share/ament_index/resource_index/packages
[4.725s] copying resource/py_pubsub -> /home/caros/DEV/ROS_DEV/ros2_dev/src/install/py_pubsub/share/ament_index/resource_index/packages
[4.726s] copying package.xml -> /home/caros/DEV/ROS_DEV/ros2_dev/src/install/py_pubsub/share/py_pubsub
[4.726s] running install_egg_info
[4.729s] Copying ../build/py_pubsub/py_pubsub.egg-info to /home/caros/DEV/ROS_DEV/ros2_dev/src/install/py_pubsub/lib/python3.8/site-packages/py_pubsub-0.0.0-py3.8.egg-info
[4.730s] running install_scripts
[4.900s] Installing listener script to /home/caros/DEV/ROS_DEV/ros2_dev/src/install/py_pubsub/lib/py_pubsub
[4.901s] Installing talker script to /home/caros/DEV/ROS_DEV/ros2_dev/src/install/py_pubsub/lib/py_pubsub
[4.901s] writing list of installed files to '/home/caros/DEV/ROS_DEV/ros2_dev/src/build/py_pubsub/install.log'
[4.987s] Invoked command in '/home/caros/DEV/ROS_DEV/ros2_dev/src/py_pubsub' returned '0': PYTHONPATH=/home/caros/DEV/ROS_DEV/ros2_dev/src/build/py_pubsub/prefix_override:/usr/lib/python3/dist-packages/colcon_core/task/python/colcon_distutils_commands:/home/caros/DEV/ROS_DEV/ros2_dev/src/install/py_pubsub/lib/python3.8/site-packages:${PYTHONPATH} /usr/bin/python3 -W ignore:setup.py install is deprecated -W ignore:easy_install command is deprecated setup.py egg_info --egg-base ../build/py_pubsub build --build-base /home/caros/DEV/ROS_DEV/ros2_dev/src/build/py_pubsub/build install --record /home/caros/DEV/ROS_DEV/ros2_dev/src/build/py_pubsub/install.log --install-scripts $base/lib/py_pubsub --single-version-externally-managed install_data
