[4.501s] Invoking command in '/home/caros/DEV/ROS_DEV/ros2_dev/src/py_srvcli': PYTHONPATH=/home/caros/DEV/ROS_DEV/ros2_dev/src/build/py_srvcli/prefix_override:/usr/lib/python3/dist-packages/colcon_core/task/python/colcon_distutils_commands:/home/caros/DEV/ROS_DEV/ros2_dev/src/install/py_srvcli/lib/python3.8/site-packages:${PYTHONPATH} /usr/bin/python3 -W ignore:setup.py install is deprecated -W ignore:easy_install command is deprecated setup.py egg_info --egg-base ../build/py_srvcli build --build-base /home/caros/DEV/ROS_DEV/ros2_dev/src/build/py_srvcli/build install --record /home/caros/DEV/ROS_DEV/ros2_dev/src/build/py_srvcli/install.log --install-scripts $base/lib/py_srvcli --single-version-externally-managed install_data
[5.056s] running egg_info
[5.056s] writing ../build/py_srvcli/py_srvcli.egg-info/PKG-INFO
[5.056s] writing dependency_links to ../build/py_srvcli/py_srvcli.egg-info/dependency_links.txt
[5.056s] writing entry points to ../build/py_srvcli/py_srvcli.egg-info/entry_points.txt
[5.056s] writing requirements to ../build/py_srvcli/py_srvcli.egg-info/requires.txt
[5.057s] writing top-level names to ../build/py_srvcli/py_srvcli.egg-info/top_level.txt
[5.057s] reading manifest file '../build/py_srvcli/py_srvcli.egg-info/SOURCES.txt'
[5.057s] writing manifest file '../build/py_srvcli/py_srvcli.egg-info/SOURCES.txt'
[5.057s] running build
[5.057s] running build_py
[5.057s] running install
[5.058s] running install_lib
[5.058s] running install_data
[5.058s] running install_egg_info
[5.058s] removing '/home/caros/DEV/ROS_DEV/ros2_dev/src/install/py_srvcli/lib/python3.8/site-packages/py_srvcli-0.0.0-py3.8.egg-info' (and everything under it)
[5.058s] Copying ../build/py_srvcli/py_srvcli.egg-info to /home/caros/DEV/ROS_DEV/ros2_dev/src/install/py_srvcli/lib/python3.8/site-packages/py_srvcli-0.0.0-py3.8.egg-info
[5.058s] running install_scripts
[5.066s] Installing client script to /home/caros/DEV/ROS_DEV/ros2_dev/src/install/py_srvcli/lib/py_srvcli
[5.067s] Installing service script to /home/caros/DEV/ROS_DEV/ros2_dev/src/install/py_srvcli/lib/py_srvcli
[5.067s] writing list of installed files to '/home/caros/DEV/ROS_DEV/ros2_dev/src/build/py_srvcli/install.log'
[5.147s] Invoked command in '/home/caros/DEV/ROS_DEV/ros2_dev/src/py_srvcli' returned '0': PYTHONPATH=/home/caros/DEV/ROS_DEV/ros2_dev/src/build/py_srvcli/prefix_override:/usr/lib/python3/dist-packages/colcon_core/task/python/colcon_distutils_commands:/home/caros/DEV/ROS_DEV/ros2_dev/src/install/py_srvcli/lib/python3.8/site-packages:${PYTHONPATH} /usr/bin/python3 -W ignore:setup.py install is deprecated -W ignore:easy_install command is deprecated setup.py egg_info --egg-base ../build/py_srvcli build --build-base /home/caros/DEV/ROS_DEV/ros2_dev/src/build/py_srvcli/build install --record /home/caros/DEV/ROS_DEV/ros2_dev/src/build/py_srvcli/install.log --install-scripts $base/lib/py_srvcli --single-version-externally-managed install_data
