[0.847s] Invoking command in '/home/caros/DEV/ROS_DEV/ros2_dev/src/py_srvcli': PYTHONPATH=/home/caros/DEV/ROS_DEV/ros2_dev/src/build/py_srvcli/prefix_override:/usr/lib/python3/dist-packages/colcon_core/task/python/colcon_distutils_commands:/home/caros/DEV/ROS_DEV/ros2_dev/src/install/py_srvcli/lib/python3.8/site-packages:${PYTHONPATH} /usr/bin/python3 -W ignore:setup.py install is deprecated -W ignore:easy_install command is deprecated setup.py egg_info --egg-base ../build/py_srvcli build --build-base /home/caros/DEV/ROS_DEV/ros2_dev/src/build/py_srvcli/build install --record /home/caros/DEV/ROS_DEV/ros2_dev/src/build/py_srvcli/install.log --install-scripts $base/lib/py_srvcli --single-version-externally-managed install_data
[1.074s] running egg_info
[1.075s] writing ../build/py_srvcli/py_srvcli.egg-info/PKG-INFO
[1.075s] writing dependency_links to ../build/py_srvcli/py_srvcli.egg-info/dependency_links.txt
[1.075s] writing entry points to ../build/py_srvcli/py_srvcli.egg-info/entry_points.txt
[1.075s] writing requirements to ../build/py_srvcli/py_srvcli.egg-info/requires.txt
[1.075s] writing top-level names to ../build/py_srvcli/py_srvcli.egg-info/top_level.txt
[1.109s] reading manifest file '../build/py_srvcli/py_srvcli.egg-info/SOURCES.txt'
[1.109s] writing manifest file '../build/py_srvcli/py_srvcli.egg-info/SOURCES.txt'
[1.110s] running build
[1.110s] running build_py
[1.110s] running install
[1.111s] running install_lib
[1.112s] running install_data
[1.112s] running install_egg_info
[1.114s] removing '/home/caros/DEV/ROS_DEV/ros2_dev/src/install/py_srvcli/lib/python3.8/site-packages/py_srvcli-0.0.0-py3.8.egg-info' (and everything under it)
[1.114s] Copying ../build/py_srvcli/py_srvcli.egg-info to /home/caros/DEV/ROS_DEV/ros2_dev/src/install/py_srvcli/lib/python3.8/site-packages/py_srvcli-0.0.0-py3.8.egg-info
[1.115s] running install_scripts
[1.132s] Installing client script to /home/caros/DEV/ROS_DEV/ros2_dev/src/install/py_srvcli/lib/py_srvcli
[1.132s] Installing service script to /home/caros/DEV/ROS_DEV/ros2_dev/src/install/py_srvcli/lib/py_srvcli
[1.132s] writing list of installed files to '/home/caros/DEV/ROS_DEV/ros2_dev/src/build/py_srvcli/install.log'
[1.154s] Invoked command in '/home/caros/DEV/ROS_DEV/ros2_dev/src/py_srvcli' returned '0': PYTHONPATH=/home/caros/DEV/ROS_DEV/ros2_dev/src/build/py_srvcli/prefix_override:/usr/lib/python3/dist-packages/colcon_core/task/python/colcon_distutils_commands:/home/caros/DEV/ROS_DEV/ros2_dev/src/install/py_srvcli/lib/python3.8/site-packages:${PYTHONPATH} /usr/bin/python3 -W ignore:setup.py install is deprecated -W ignore:easy_install command is deprecated setup.py egg_info --egg-base ../build/py_srvcli build --build-base /home/caros/DEV/ROS_DEV/ros2_dev/src/build/py_srvcli/build install --record /home/caros/DEV/ROS_DEV/ros2_dev/src/build/py_srvcli/install.log --install-scripts $base/lib/py_srvcli --single-version-externally-managed install_data
