[0.182s] Invoking command in '/home/caros/DEV/ROS_DEV/ros2_dev/src/build/cpp_srvcli': CMAKE_PREFIX_PATH=/opt/ros/foxy /usr/local/bin/cmake /home/caros/DEV/ROS_DEV/ros2_dev/src/cpp_srvcli -DCMAKE_INSTALL_PREFIX=/home/caros/DEV/ROS_DEV/ros2_dev/src/install/cpp_srvcli
[3.179s] -- The C compiler identification is GNU 9.4.0
[3.180s] -- The CXX compiler identification is GNU 9.4.0
[3.180s] -- Detecting C compiler ABI info
[3.181s] -- Detecting C compiler ABI info - done
[3.181s] -- Check for working C compiler: /usr/bin/cc - skipped
[3.181s] -- Detecting C compile features
[3.182s] -- Detecting C compile features - done
[3.183s] -- Detecting CXX compiler ABI info
[3.183s] -- Detecting CXX compiler ABI info - done
[3.184s] -- Check for working CXX compiler: /usr/bin/c++ - skipped
[3.184s] -- Detecting CXX compile features
[3.188s] -- Detecting CXX compile features - done
[3.190s] -- Found ament_cmake: 0.9.12 (/opt/ros/foxy/share/ament_cmake/cmake)
[3.190s] -- Found PythonInterp: /usr/bin/python3 (found suitable version "3.8.10", minimum required is "3")
[3.190s] -- Using PYTHON_EXECUTABLE: /usr/bin/python3
[3.190s] -- Found rclcpp: 2.4.3 (/opt/ros/foxy/share/rclcpp/cmake)
[3.191s] -- Using all available rosidl_typesupport_c: rosidl_typesupport_fastrtps_c;rosidl_typesupport_introspection_c
[3.192s] -- Found rosidl_adapter: 1.3.1 (/opt/ros/foxy/share/rosidl_adapter/cmake)
[3.193s] -- Found OpenSSL: /usr/lib/x86_64-linux-gnu/libcrypto.so (found version "1.1.1f")
[3.195s] -- Found FastRTPS: /opt/ros/foxy/include
[3.200s] -- Using all available rosidl_typesupport_cpp: rosidl_typesupport_fastrtps_cpp;rosidl_typesupport_introspection_cpp
[3.200s] -- Found rmw_implementation_cmake: 1.0.4 (/opt/ros/foxy/share/rmw_implementation_cmake/cmake)
[3.201s] -- Using RMW implementation 'rmw_fastrtps_cpp' as default
[3.201s] -- Performing Test CMAKE_HAVE_LIBC_PTHREAD
[3.201s] -- Performing Test CMAKE_HAVE_LIBC_PTHREAD - Failed
[3.201s] -- Looking for pthread_create in pthreads
[3.202s] -- Looking for pthread_create in pthreads - not found
[3.203s] -- Looking for pthread_create in pthread
[3.203s] -- Looking for pthread_create in pthread - found
[3.204s] -- Found Threads: TRUE
[3.209s] -- Found example_interfaces: 0.9.1 (/opt/ros/foxy/share/example_interfaces/cmake)
[3.210s] -- Found ament_lint_auto: 0.9.8 (/opt/ros/foxy/share/ament_lint_auto/cmake)
[3.211s] -- Added test 'copyright' to check source files copyright and LICENSE
[3.211s] -- Added test 'cppcheck' to perform static code analysis on C / C++ code
[3.211s] -- Configured cppcheck include dirs: 
[3.212s] -- Configured cppcheck exclude dirs and/or files: 
[3.212s] -- Added test 'cpplint' to check C / C++ code against the Google style
[3.212s] -- Configured cpplint exclude dirs and/or files: 
[3.212s] -- Added test 'lint_cmake' to check CMake code style
[3.212s] -- Added test 'uncrustify' to check C / C++ code style
[3.212s] -- Configured uncrustify additional arguments: 
[3.213s] -- Added test 'xmllint' to check XML markup files
[3.213s] -- Configuring done (2.1s)
[3.213s] -- Generating done (0.0s)
[3.213s] -- Build files have been written to: /home/caros/DEV/ROS_DEV/ros2_dev/src/build/cpp_srvcli
[3.214s] [33mCMake Warning (dev) at /opt/ros/foxy/share/ament_cmake_core/cmake/core/python.cmake:22 (find_package):
[3.214s]   Policy CMP0148 is not set: The FindPythonInterp and FindPythonLibs modules
[3.214s]   are removed.  Run "cmake --help-policy CMP0148" for policy details.  Use
[3.215s]   the cmake_policy command to set the policy and suppress this warning.
[3.215s] 
[3.215s] Call Stack (most recent call first):
[3.215s]   /opt/ros/foxy/share/ament_cmake_core/cmake/core/all.cmake:53 (include)
[3.215s]   /opt/ros/foxy/share/ament_cmake_core/cmake/ament_cmake_core-extras.cmake:17 (include)
[3.215s]   /opt/ros/foxy/share/ament_cmake_core/cmake/ament_cmake_coreConfig.cmake:41 (include)
[3.216s]   /opt/ros/foxy/share/ament_cmake/cmake/ament_cmake_export_dependencies-extras.cmake:15 (find_package)
[3.216s]   /opt/ros/foxy/share/ament_cmake/cmake/ament_cmakeConfig.cmake:41 (include)
[3.216s]   CMakeLists.txt:19 (find_package)
[3.216s] This warning is for project developers.  Use -Wno-dev to suppress it.
[3.216s] [0m
[3.505s] Invoked command in '/home/caros/DEV/ROS_DEV/ros2_dev/src/build/cpp_srvcli' returned '0': CMAKE_PREFIX_PATH=/opt/ros/foxy /usr/local/bin/cmake /home/caros/DEV/ROS_DEV/ros2_dev/src/cpp_srvcli -DCMAKE_INSTALL_PREFIX=/home/caros/DEV/ROS_DEV/ros2_dev/src/install/cpp_srvcli
[3.506s] Invoking command in '/home/caros/DEV/ROS_DEV/ros2_dev/src/build/cpp_srvcli': CMAKE_PREFIX_PATH=/opt/ros/foxy /usr/local/bin/cmake --build /home/caros/DEV/ROS_DEV/ros2_dev/src/build/cpp_srvcli -- -j48 -l48
[3.523s] [ 25%] [32mBuilding CXX object CMakeFiles/cpp_service.dir/src/add_two_ints_server.cpp.o[0m
[3.523s] [ 50%] [32mBuilding CXX object CMakeFiles/cpp_client.dir/src/add_two_ints_client.cpp.o[0m
[11.457s] [ 75%] [32m[1mLinking CXX executable cpp_service[0m
[12.008s] [100%] [32m[1mLinking CXX executable cpp_client[0m
[12.043s] [100%] Built target cpp_service
[12.207s] [100%] Built target cpp_client
[12.216s] Invoked command in '/home/caros/DEV/ROS_DEV/ros2_dev/src/build/cpp_srvcli' returned '0': CMAKE_PREFIX_PATH=/opt/ros/foxy /usr/local/bin/cmake --build /home/caros/DEV/ROS_DEV/ros2_dev/src/build/cpp_srvcli -- -j48 -l48
[12.238s] Invoking command in '/home/caros/DEV/ROS_DEV/ros2_dev/src/build/cpp_srvcli': CMAKE_PREFIX_PATH=/opt/ros/foxy /usr/local/bin/cmake --install /home/caros/DEV/ROS_DEV/ros2_dev/src/build/cpp_srvcli
[12.252s] -- Install configuration: ""
[12.252s] -- Installing: /home/caros/DEV/ROS_DEV/ros2_dev/src/install/cpp_srvcli/lib/cpp_srvcli/cpp_service
[12.254s] -- Set non-toolchain portion of runtime path of "/home/caros/DEV/ROS_DEV/ros2_dev/src/install/cpp_srvcli/lib/cpp_srvcli/cpp_service" to ""
[12.254s] -- Installing: /home/caros/DEV/ROS_DEV/ros2_dev/src/install/cpp_srvcli/lib/cpp_srvcli/cpp_client
[12.256s] -- Set non-toolchain portion of runtime path of "/home/caros/DEV/ROS_DEV/ros2_dev/src/install/cpp_srvcli/lib/cpp_srvcli/cpp_client" to ""
[12.256s] -- Installing: /home/caros/DEV/ROS_DEV/ros2_dev/src/install/cpp_srvcli/share/ament_index/resource_index/package_run_dependencies/cpp_srvcli
[12.264s] -- Installing: /home/caros/DEV/ROS_DEV/ros2_dev/src/install/cpp_srvcli/share/ament_index/resource_index/parent_prefix_path/cpp_srvcli
[12.265s] -- Installing: /home/caros/DEV/ROS_DEV/ros2_dev/src/install/cpp_srvcli/share/cpp_srvcli/environment/ament_prefix_path.sh
[12.265s] -- Installing: /home/caros/DEV/ROS_DEV/ros2_dev/src/install/cpp_srvcli/share/cpp_srvcli/environment/ament_prefix_path.dsv
[12.270s] -- Installing: /home/caros/DEV/ROS_DEV/ros2_dev/src/install/cpp_srvcli/share/cpp_srvcli/environment/path.sh
[12.271s] -- Installing: /home/caros/DEV/ROS_DEV/ros2_dev/src/install/cpp_srvcli/share/cpp_srvcli/environment/path.dsv
[12.271s] -- Installing: /home/caros/DEV/ROS_DEV/ros2_dev/src/install/cpp_srvcli/share/cpp_srvcli/local_setup.bash
[12.272s] -- Installing: /home/caros/DEV/ROS_DEV/ros2_dev/src/install/cpp_srvcli/share/cpp_srvcli/local_setup.sh
[12.272s] -- Installing: /home/caros/DEV/ROS_DEV/ros2_dev/src/install/cpp_srvcli/share/cpp_srvcli/local_setup.zsh
[12.273s] -- Installing: /home/caros/DEV/ROS_DEV/ros2_dev/src/install/cpp_srvcli/share/cpp_srvcli/local_setup.dsv
[12.273s] -- Installing: /home/caros/DEV/ROS_DEV/ros2_dev/src/install/cpp_srvcli/share/cpp_srvcli/package.dsv
[12.273s] -- Installing: /home/caros/DEV/ROS_DEV/ros2_dev/src/install/cpp_srvcli/share/ament_index/resource_index/packages/cpp_srvcli
[12.274s] -- Installing: /home/caros/DEV/ROS_DEV/ros2_dev/src/install/cpp_srvcli/share/cpp_srvcli/cmake/cpp_srvcliConfig.cmake
[12.274s] -- Installing: /home/caros/DEV/ROS_DEV/ros2_dev/src/install/cpp_srvcli/share/cpp_srvcli/cmake/cpp_srvcliConfig-version.cmake
[12.274s] -- Installing: /home/caros/DEV/ROS_DEV/ros2_dev/src/install/cpp_srvcli/share/cpp_srvcli/package.xml
[12.279s] Invoked command in '/home/caros/DEV/ROS_DEV/ros2_dev/src/build/cpp_srvcli' returned '0': CMAKE_PREFIX_PATH=/opt/ros/foxy /usr/local/bin/cmake --install /home/caros/DEV/ROS_DEV/ros2_dev/src/build/cpp_srvcli
