[4.542s] Invoking command in '/home/caros/DEV/ROS_DEV/ros2_dev/src/examples/rclpy/services/minimal_client': PYTHONPATH=/home/caros/DEV/ROS_DEV/ros2_dev/src/build/examples_rclpy_minimal_client/prefix_override:/usr/lib/python3/dist-packages/colcon_core/task/python/colcon_distutils_commands:/home/caros/DEV/ROS_DEV/ros2_dev/src/install/examples_rclpy_minimal_client/lib/python3.8/site-packages:${PYTHONPATH} /usr/bin/python3 -W ignore:setup.py install is deprecated -W ignore:easy_install command is deprecated setup.py egg_info --egg-base ../../../../build/examples_rclpy_minimal_client build --build-base /home/caros/DEV/ROS_DEV/ros2_dev/src/build/examples_rclpy_minimal_client/build install --record /home/caros/DEV/ROS_DEV/ros2_dev/src/build/examples_rclpy_minimal_client/install.log --install-scripts $base/lib/examples_rclpy_minimal_client --single-version-externally-managed install_data
[5.067s] running egg_info
[5.067s] creating ../../../../build/examples_rclpy_minimal_client/examples_rclpy_minimal_client.egg-info
[5.067s] writing ../../../../build/examples_rclpy_minimal_client/examples_rclpy_minimal_client.egg-info/PKG-INFO
[5.068s] writing dependency_links to ../../../../build/examples_rclpy_minimal_client/examples_rclpy_minimal_client.egg-info/dependency_links.txt
[5.068s] writing entry points to ../../../../build/examples_rclpy_minimal_client/examples_rclpy_minimal_client.egg-info/entry_points.txt
[5.068s] writing requirements to ../../../../build/examples_rclpy_minimal_client/examples_rclpy_minimal_client.egg-info/requires.txt
[5.068s] writing top-level names to ../../../../build/examples_rclpy_minimal_client/examples_rclpy_minimal_client.egg-info/top_level.txt
[5.068s] writing manifest file '../../../../build/examples_rclpy_minimal_client/examples_rclpy_minimal_client.egg-info/SOURCES.txt'
[5.069s] reading manifest file '../../../../build/examples_rclpy_minimal_client/examples_rclpy_minimal_client.egg-info/SOURCES.txt'
[5.069s] writing manifest file '../../../../build/examples_rclpy_minimal_client/examples_rclpy_minimal_client.egg-info/SOURCES.txt'
[5.069s] running build
[5.070s] running build_py
[5.071s] creating /home/caros/DEV/ROS_DEV/ros2_dev/src/build/examples_rclpy_minimal_client/build
[5.072s] creating /home/caros/DEV/ROS_DEV/ros2_dev/src/build/examples_rclpy_minimal_client/build/lib
[5.073s] creating /home/caros/DEV/ROS_DEV/ros2_dev/src/build/examples_rclpy_minimal_client/build/lib/examples_rclpy_minimal_client
[5.074s] copying examples_rclpy_minimal_client/client_async.py -> /home/caros/DEV/ROS_DEV/ros2_dev/src/build/examples_rclpy_minimal_client/build/lib/examples_rclpy_minimal_client
[5.074s] copying examples_rclpy_minimal_client/client_async_callback.py -> /home/caros/DEV/ROS_DEV/ros2_dev/src/build/examples_rclpy_minimal_client/build/lib/examples_rclpy_minimal_client
[5.075s] copying examples_rclpy_minimal_client/__init__.py -> /home/caros/DEV/ROS_DEV/ros2_dev/src/build/examples_rclpy_minimal_client/build/lib/examples_rclpy_minimal_client
[5.076s] copying examples_rclpy_minimal_client/client.py -> /home/caros/DEV/ROS_DEV/ros2_dev/src/build/examples_rclpy_minimal_client/build/lib/examples_rclpy_minimal_client
[5.077s] copying examples_rclpy_minimal_client/client_async_member_function.py -> /home/caros/DEV/ROS_DEV/ros2_dev/src/build/examples_rclpy_minimal_client/build/lib/examples_rclpy_minimal_client
[5.079s] running install
[5.080s] running install_lib
[5.081s] creating /home/caros/DEV/ROS_DEV/ros2_dev/src/install/examples_rclpy_minimal_client/lib/python3.8/site-packages/examples_rclpy_minimal_client
[5.082s] copying /home/caros/DEV/ROS_DEV/ros2_dev/src/build/examples_rclpy_minimal_client/build/lib/examples_rclpy_minimal_client/client_async.py -> /home/caros/DEV/ROS_DEV/ros2_dev/src/install/examples_rclpy_minimal_client/lib/python3.8/site-packages/examples_rclpy_minimal_client
[5.083s] copying /home/caros/DEV/ROS_DEV/ros2_dev/src/build/examples_rclpy_minimal_client/build/lib/examples_rclpy_minimal_client/client_async_callback.py -> /home/caros/DEV/ROS_DEV/ros2_dev/src/install/examples_rclpy_minimal_client/lib/python3.8/site-packages/examples_rclpy_minimal_client
[5.083s] copying /home/caros/DEV/ROS_DEV/ros2_dev/src/build/examples_rclpy_minimal_client/build/lib/examples_rclpy_minimal_client/__init__.py -> /home/caros/DEV/ROS_DEV/ros2_dev/src/install/examples_rclpy_minimal_client/lib/python3.8/site-packages/examples_rclpy_minimal_client
[5.084s] copying /home/caros/DEV/ROS_DEV/ros2_dev/src/build/examples_rclpy_minimal_client/build/lib/examples_rclpy_minimal_client/client.py -> /home/caros/DEV/ROS_DEV/ros2_dev/src/install/examples_rclpy_minimal_client/lib/python3.8/site-packages/examples_rclpy_minimal_client
[5.085s] copying /home/caros/DEV/ROS_DEV/ros2_dev/src/build/examples_rclpy_minimal_client/build/lib/examples_rclpy_minimal_client/client_async_member_function.py -> /home/caros/DEV/ROS_DEV/ros2_dev/src/install/examples_rclpy_minimal_client/lib/python3.8/site-packages/examples_rclpy_minimal_client
[5.085s] byte-compiling /home/caros/DEV/ROS_DEV/ros2_dev/src/install/examples_rclpy_minimal_client/lib/python3.8/site-packages/examples_rclpy_minimal_client/client_async.py to client_async.cpython-38.pyc
[5.086s] byte-compiling /home/caros/DEV/ROS_DEV/ros2_dev/src/install/examples_rclpy_minimal_client/lib/python3.8/site-packages/examples_rclpy_minimal_client/client_async_callback.py to client_async_callback.cpython-38.pyc
[5.087s] byte-compiling /home/caros/DEV/ROS_DEV/ros2_dev/src/install/examples_rclpy_minimal_client/lib/python3.8/site-packages/examples_rclpy_minimal_client/__init__.py to __init__.cpython-38.pyc
[5.087s] byte-compiling /home/caros/DEV/ROS_DEV/ros2_dev/src/install/examples_rclpy_minimal_client/lib/python3.8/site-packages/examples_rclpy_minimal_client/client.py to client.cpython-38.pyc
[5.089s] byte-compiling /home/caros/DEV/ROS_DEV/ros2_dev/src/install/examples_rclpy_minimal_client/lib/python3.8/site-packages/examples_rclpy_minimal_client/client_async_member_function.py to client_async_member_function.cpython-38.pyc
[5.090s] running install_data
[5.090s] creating /home/caros/DEV/ROS_DEV/ros2_dev/src/install/examples_rclpy_minimal_client/share/ament_index
[5.090s] creating /home/caros/DEV/ROS_DEV/ros2_dev/src/install/examples_rclpy_minimal_client/share/ament_index/resource_index
[5.091s] creating /home/caros/DEV/ROS_DEV/ros2_dev/src/install/examples_rclpy_minimal_client/share/ament_index/resource_index/packages
[5.091s] copying resource/examples_rclpy_minimal_client -> /home/caros/DEV/ROS_DEV/ros2_dev/src/install/examples_rclpy_minimal_client/share/ament_index/resource_index/packages
[5.091s] copying package.xml -> /home/caros/DEV/ROS_DEV/ros2_dev/src/install/examples_rclpy_minimal_client/share/examples_rclpy_minimal_client
[5.092s] running install_egg_info
[5.092s] Copying ../../../../build/examples_rclpy_minimal_client/examples_rclpy_minimal_client.egg-info to /home/caros/DEV/ROS_DEV/ros2_dev/src/install/examples_rclpy_minimal_client/lib/python3.8/site-packages/examples_rclpy_minimal_client-0.9.4-py3.8.egg-info
[5.092s] running install_scripts
[5.092s] Installing client script to /home/caros/DEV/ROS_DEV/ros2_dev/src/install/examples_rclpy_minimal_client/lib/examples_rclpy_minimal_client
[5.093s] Installing client_async script to /home/caros/DEV/ROS_DEV/ros2_dev/src/install/examples_rclpy_minimal_client/lib/examples_rclpy_minimal_client
[5.093s] Installing client_async_callback script to /home/caros/DEV/ROS_DEV/ros2_dev/src/install/examples_rclpy_minimal_client/lib/examples_rclpy_minimal_client
[5.093s] Installing client_async_member_function script to /home/caros/DEV/ROS_DEV/ros2_dev/src/install/examples_rclpy_minimal_client/lib/examples_rclpy_minimal_client
[5.093s] writing list of installed files to '/home/caros/DEV/ROS_DEV/ros2_dev/src/build/examples_rclpy_minimal_client/install.log'
[5.115s] Invoked command in '/home/caros/DEV/ROS_DEV/ros2_dev/src/examples/rclpy/services/minimal_client' returned '0': PYTHONPATH=/home/caros/DEV/ROS_DEV/ros2_dev/src/build/examples_rclpy_minimal_client/prefix_override:/usr/lib/python3/dist-packages/colcon_core/task/python/colcon_distutils_commands:/home/caros/DEV/ROS_DEV/ros2_dev/src/install/examples_rclpy_minimal_client/lib/python3.8/site-packages:${PYTHONPATH} /usr/bin/python3 -W ignore:setup.py install is deprecated -W ignore:easy_install command is deprecated setup.py egg_info --egg-base ../../../../build/examples_rclpy_minimal_client build --build-base /home/caros/DEV/ROS_DEV/ros2_dev/src/build/examples_rclpy_minimal_client/build install --record /home/caros/DEV/ROS_DEV/ros2_dev/src/build/examples_rclpy_minimal_client/install.log --install-scripts $base/lib/examples_rclpy_minimal_client --single-version-externally-managed install_data
