[4.478s] Invoking command in '/home/caros/DEV/ROS_DEV/ros2_dev/src/examples/rclpy/topics/minimal_publisher': PYTHONPATH=/home/caros/DEV/ROS_DEV/ros2_dev/src/build/examples_rclpy_minimal_publisher/prefix_override:/usr/lib/python3/dist-packages/colcon_core/task/python/colcon_distutils_commands:/home/caros/DEV/ROS_DEV/ros2_dev/src/install/examples_rclpy_minimal_publisher/lib/python3.8/site-packages:${PYTHONPATH} /usr/bin/python3 -W ignore:setup.py install is deprecated -W ignore:easy_install command is deprecated setup.py egg_info --egg-base ../../../../build/examples_rclpy_minimal_publisher build --build-base /home/caros/DEV/ROS_DEV/ros2_dev/src/build/examples_rclpy_minimal_publisher/build install --record /home/caros/DEV/ROS_DEV/ros2_dev/src/build/examples_rclpy_minimal_publisher/install.log --install-scripts $base/lib/examples_rclpy_minimal_publisher --single-version-externally-managed install_data
[5.089s] running egg_info
[5.090s] creating ../../../../build/examples_rclpy_minimal_publisher/examples_rclpy_minimal_publisher.egg-info
[5.090s] writing ../../../../build/examples_rclpy_minimal_publisher/examples_rclpy_minimal_publisher.egg-info/PKG-INFO
[5.091s] writing dependency_links to ../../../../build/examples_rclpy_minimal_publisher/examples_rclpy_minimal_publisher.egg-info/dependency_links.txt
[5.091s] writing entry points to ../../../../build/examples_rclpy_minimal_publisher/examples_rclpy_minimal_publisher.egg-info/entry_points.txt
[5.092s] writing requirements to ../../../../build/examples_rclpy_minimal_publisher/examples_rclpy_minimal_publisher.egg-info/requires.txt
[5.092s] writing top-level names to ../../../../build/examples_rclpy_minimal_publisher/examples_rclpy_minimal_publisher.egg-info/top_level.txt
[5.093s] writing manifest file '../../../../build/examples_rclpy_minimal_publisher/examples_rclpy_minimal_publisher.egg-info/SOURCES.txt'
[5.143s] reading manifest file '../../../../build/examples_rclpy_minimal_publisher/examples_rclpy_minimal_publisher.egg-info/SOURCES.txt'
[5.145s] writing manifest file '../../../../build/examples_rclpy_minimal_publisher/examples_rclpy_minimal_publisher.egg-info/SOURCES.txt'
[5.145s] running build
[5.145s] running build_py
[5.146s] creating /home/caros/DEV/ROS_DEV/ros2_dev/src/build/examples_rclpy_minimal_publisher/build
[5.146s] creating /home/caros/DEV/ROS_DEV/ros2_dev/src/build/examples_rclpy_minimal_publisher/build/lib
[5.146s] creating /home/caros/DEV/ROS_DEV/ros2_dev/src/build/examples_rclpy_minimal_publisher/build/lib/examples_rclpy_minimal_publisher
[5.146s] copying examples_rclpy_minimal_publisher/__init__.py -> /home/caros/DEV/ROS_DEV/ros2_dev/src/build/examples_rclpy_minimal_publisher/build/lib/examples_rclpy_minimal_publisher
[5.146s] copying examples_rclpy_minimal_publisher/publisher_old_school.py -> /home/caros/DEV/ROS_DEV/ros2_dev/src/build/examples_rclpy_minimal_publisher/build/lib/examples_rclpy_minimal_publisher
[5.146s] copying examples_rclpy_minimal_publisher/publisher_member_function.py -> /home/caros/DEV/ROS_DEV/ros2_dev/src/build/examples_rclpy_minimal_publisher/build/lib/examples_rclpy_minimal_publisher
[5.146s] copying examples_rclpy_minimal_publisher/publisher_local_function.py -> /home/caros/DEV/ROS_DEV/ros2_dev/src/build/examples_rclpy_minimal_publisher/build/lib/examples_rclpy_minimal_publisher
[5.147s] running install
[5.149s] running install_lib
[5.151s] creating /home/caros/DEV/ROS_DEV/ros2_dev/src/install/examples_rclpy_minimal_publisher/lib/python3.8/site-packages/examples_rclpy_minimal_publisher
[5.151s] copying /home/caros/DEV/ROS_DEV/ros2_dev/src/build/examples_rclpy_minimal_publisher/build/lib/examples_rclpy_minimal_publisher/__init__.py -> /home/caros/DEV/ROS_DEV/ros2_dev/src/install/examples_rclpy_minimal_publisher/lib/python3.8/site-packages/examples_rclpy_minimal_publisher
[5.151s] copying /home/caros/DEV/ROS_DEV/ros2_dev/src/build/examples_rclpy_minimal_publisher/build/lib/examples_rclpy_minimal_publisher/publisher_old_school.py -> /home/caros/DEV/ROS_DEV/ros2_dev/src/install/examples_rclpy_minimal_publisher/lib/python3.8/site-packages/examples_rclpy_minimal_publisher
[5.151s] copying /home/caros/DEV/ROS_DEV/ros2_dev/src/build/examples_rclpy_minimal_publisher/build/lib/examples_rclpy_minimal_publisher/publisher_member_function.py -> /home/caros/DEV/ROS_DEV/ros2_dev/src/install/examples_rclpy_minimal_publisher/lib/python3.8/site-packages/examples_rclpy_minimal_publisher
[5.151s] copying /home/caros/DEV/ROS_DEV/ros2_dev/src/build/examples_rclpy_minimal_publisher/build/lib/examples_rclpy_minimal_publisher/publisher_local_function.py -> /home/caros/DEV/ROS_DEV/ros2_dev/src/install/examples_rclpy_minimal_publisher/lib/python3.8/site-packages/examples_rclpy_minimal_publisher
[5.153s] byte-compiling /home/caros/DEV/ROS_DEV/ros2_dev/src/install/examples_rclpy_minimal_publisher/lib/python3.8/site-packages/examples_rclpy_minimal_publisher/__init__.py to __init__.cpython-38.pyc
[5.154s] byte-compiling /home/caros/DEV/ROS_DEV/ros2_dev/src/install/examples_rclpy_minimal_publisher/lib/python3.8/site-packages/examples_rclpy_minimal_publisher/publisher_old_school.py to publisher_old_school.cpython-38.pyc
[5.155s] byte-compiling /home/caros/DEV/ROS_DEV/ros2_dev/src/install/examples_rclpy_minimal_publisher/lib/python3.8/site-packages/examples_rclpy_minimal_publisher/publisher_member_function.py to publisher_member_function.cpython-38.pyc
[5.156s] byte-compiling /home/caros/DEV/ROS_DEV/ros2_dev/src/install/examples_rclpy_minimal_publisher/lib/python3.8/site-packages/examples_rclpy_minimal_publisher/publisher_local_function.py to publisher_local_function.cpython-38.pyc
[5.156s] running install_data
[5.156s] creating /home/caros/DEV/ROS_DEV/ros2_dev/src/install/examples_rclpy_minimal_publisher/share/ament_index
[5.156s] creating /home/caros/DEV/ROS_DEV/ros2_dev/src/install/examples_rclpy_minimal_publisher/share/ament_index/resource_index
[5.156s] creating /home/caros/DEV/ROS_DEV/ros2_dev/src/install/examples_rclpy_minimal_publisher/share/ament_index/resource_index/packages
[5.157s] copying resource/examples_rclpy_minimal_publisher -> /home/caros/DEV/ROS_DEV/ros2_dev/src/install/examples_rclpy_minimal_publisher/share/ament_index/resource_index/packages
[5.157s] copying package.xml -> /home/caros/DEV/ROS_DEV/ros2_dev/src/install/examples_rclpy_minimal_publisher/share/examples_rclpy_minimal_publisher
[5.157s] running install_egg_info
[5.162s] Copying ../../../../build/examples_rclpy_minimal_publisher/examples_rclpy_minimal_publisher.egg-info to /home/caros/DEV/ROS_DEV/ros2_dev/src/install/examples_rclpy_minimal_publisher/lib/python3.8/site-packages/examples_rclpy_minimal_publisher-0.9.4-py3.8.egg-info
[5.164s] running install_scripts
[5.832s] Installing publisher_local_function script to /home/caros/DEV/ROS_DEV/ros2_dev/src/install/examples_rclpy_minimal_publisher/lib/examples_rclpy_minimal_publisher
[5.832s] Installing publisher_member_function script to /home/caros/DEV/ROS_DEV/ros2_dev/src/install/examples_rclpy_minimal_publisher/lib/examples_rclpy_minimal_publisher
[5.832s] Installing publisher_old_school script to /home/caros/DEV/ROS_DEV/ros2_dev/src/install/examples_rclpy_minimal_publisher/lib/examples_rclpy_minimal_publisher
[5.833s] writing list of installed files to '/home/caros/DEV/ROS_DEV/ros2_dev/src/build/examples_rclpy_minimal_publisher/install.log'
[5.927s] Invoked command in '/home/caros/DEV/ROS_DEV/ros2_dev/src/examples/rclpy/topics/minimal_publisher' returned '0': PYTHONPATH=/home/caros/DEV/ROS_DEV/ros2_dev/src/build/examples_rclpy_minimal_publisher/prefix_override:/usr/lib/python3/dist-packages/colcon_core/task/python/colcon_distutils_commands:/home/caros/DEV/ROS_DEV/ros2_dev/src/install/examples_rclpy_minimal_publisher/lib/python3.8/site-packages:${PYTHONPATH} /usr/bin/python3 -W ignore:setup.py install is deprecated -W ignore:easy_install command is deprecated setup.py egg_info --egg-base ../../../../build/examples_rclpy_minimal_publisher build --build-base /home/caros/DEV/ROS_DEV/ros2_dev/src/build/examples_rclpy_minimal_publisher/build install --record /home/caros/DEV/ROS_DEV/ros2_dev/src/build/examples_rclpy_minimal_publisher/install.log --install-scripts $base/lib/examples_rclpy_minimal_publisher --single-version-externally-managed install_data
