[0.186s] Invoking command in '/home/caros/DEV/ROS_DEV/ros2_dev/src/build/examples_rclcpp_minimal_client': CMAKE_PREFIX_PATH=/opt/ros/foxy /usr/local/bin/cmake /home/caros/DEV/ROS_DEV/ros2_dev/src/examples/rclcpp/services/minimal_client -DCMAKE_INSTALL_PREFIX=/home/caros/DEV/ROS_DEV/ros2_dev/src/install/examples_rclcpp_minimal_client
[3.280s] -- The C compiler identification is GNU 9.4.0
[3.282s] -- The CXX compiler identification is GNU 9.4.0
[3.282s] -- Detecting C compiler ABI info
[3.283s] -- Detecting C compiler ABI info - done
[3.283s] -- Check for working C compiler: /usr/bin/cc - skipped
[3.284s] -- Detecting C compile features
[3.287s] -- Detecting C compile features - done
[3.287s] -- Detecting CXX compiler ABI info
[3.287s] -- Detecting CXX compiler ABI info - done
[3.288s] -- Check for working CXX compiler: /usr/bin/c++ - skipped
[3.288s] -- Detecting CXX compile features
[3.288s] -- Detecting CXX compile features - done
[3.288s] -- Found ament_cmake: 0.9.12 (/opt/ros/foxy/share/ament_cmake/cmake)
[3.288s] -- Found PythonInterp: /usr/bin/python3 (found suitable version "3.8.10", minimum required is "3")
[3.288s] -- Using PYTHON_EXECUTABLE: /usr/bin/python3
[3.288s] -- Found example_interfaces: 0.9.1 (/opt/ros/foxy/share/example_interfaces/cmake)
[3.289s] -- Using all available rosidl_typesupport_c: rosidl_typesupport_fastrtps_c;rosidl_typesupport_introspection_c
[3.289s] -- Found rosidl_adapter: 1.3.1 (/opt/ros/foxy/share/rosidl_adapter/cmake)
[3.289s] -- Found OpenSSL: /usr/lib/x86_64-linux-gnu/libcrypto.so (found version "1.1.1f")
[3.289s] -- Found FastRTPS: /opt/ros/foxy/include
[3.289s] -- Using all available rosidl_typesupport_cpp: rosidl_typesupport_fastrtps_cpp;rosidl_typesupport_introspection_cpp
[3.289s] -- Found rclcpp: 2.4.3 (/opt/ros/foxy/share/rclcpp/cmake)
[3.290s] -- Found rmw_implementation_cmake: 1.0.4 (/opt/ros/foxy/share/rmw_implementation_cmake/cmake)
[3.290s] -- Using RMW implementation 'rmw_fastrtps_cpp' as default
[3.290s] -- Performing Test CMAKE_HAVE_LIBC_PTHREAD
[3.290s] -- Performing Test CMAKE_HAVE_LIBC_PTHREAD - Failed
[3.290s] -- Looking for pthread_create in pthreads
[3.292s] -- Looking for pthread_create in pthreads - not found
[3.293s] -- Looking for pthread_create in pthread
[3.293s] -- Looking for pthread_create in pthread - found
[3.293s] -- Found Threads: TRUE
[3.293s] -- Found ament_lint_auto: 0.9.8 (/opt/ros/foxy/share/ament_lint_auto/cmake)
[3.294s] -- Added test 'copyright' to check source files copyright and LICENSE
[3.294s] -- Added test 'cppcheck' to perform static code analysis on C / C++ code
[3.294s] -- Configured cppcheck include dirs: 
[3.294s] -- Configured cppcheck exclude dirs and/or files: 
[3.294s] -- Added test 'cpplint' to check C / C++ code against the Google style
[3.295s] -- Configured cpplint exclude dirs and/or files: 
[3.295s] -- Added test 'lint_cmake' to check CMake code style
[3.295s] -- Added test 'uncrustify' to check C / C++ code style
[3.296s] -- Configured uncrustify additional arguments: 
[3.296s] -- Added test 'xmllint' to check XML markup files
[3.296s] -- Configuring done (2.0s)
[3.296s] -- Generating done (0.0s)
[3.297s] -- Build files have been written to: /home/caros/DEV/ROS_DEV/ros2_dev/src/build/examples_rclcpp_minimal_client
[3.349s] [0mCMake Deprecation Warning at CMakeLists.txt:1 (cmake_minimum_required):
[3.350s]   Compatibility with CMake < 3.10 will be removed from a future version of
[3.350s]   CMake.
[3.350s] 
[3.356s]   Update the VERSION argument <min> value.  Or, use the <min>...<max> syntax
[3.357s]   to tell CMake that the project requires at least <min> but has been updated
[3.357s]   to work with policies introduced by <max> or earlier.
[3.357s] 
[3.357s] [0m
[3.358s] [33mCMake Warning (dev) at /opt/ros/foxy/share/ament_cmake_core/cmake/core/python.cmake:22 (find_package):
[3.358s]   Policy CMP0148 is not set: The FindPythonInterp and FindPythonLibs modules
[3.358s]   are removed.  Run "cmake --help-policy CMP0148" for policy details.  Use
[3.358s]   the cmake_policy command to set the policy and suppress this warning.
[3.358s] 
[3.358s] Call Stack (most recent call first):
[3.358s]   /opt/ros/foxy/share/ament_cmake_core/cmake/core/all.cmake:53 (include)
[3.358s]   /opt/ros/foxy/share/ament_cmake_core/cmake/ament_cmake_core-extras.cmake:17 (include)
[3.358s]   /opt/ros/foxy/share/ament_cmake_core/cmake/ament_cmake_coreConfig.cmake:41 (include)
[3.359s]   /opt/ros/foxy/share/ament_cmake/cmake/ament_cmake_export_dependencies-extras.cmake:15 (find_package)
[3.359s]   /opt/ros/foxy/share/ament_cmake/cmake/ament_cmakeConfig.cmake:41 (include)
[3.359s]   CMakeLists.txt:13 (find_package)
[3.359s] This warning is for project developers.  Use -Wno-dev to suppress it.
[3.359s] [0m
[3.491s] Invoked command in '/home/caros/DEV/ROS_DEV/ros2_dev/src/build/examples_rclcpp_minimal_client' returned '0': CMAKE_PREFIX_PATH=/opt/ros/foxy /usr/local/bin/cmake /home/caros/DEV/ROS_DEV/ros2_dev/src/examples/rclcpp/services/minimal_client -DCMAKE_INSTALL_PREFIX=/home/caros/DEV/ROS_DEV/ros2_dev/src/install/examples_rclcpp_minimal_client
[3.492s] Invoking command in '/home/caros/DEV/ROS_DEV/ros2_dev/src/build/examples_rclcpp_minimal_client': CMAKE_PREFIX_PATH=/opt/ros/foxy /usr/local/bin/cmake --build /home/caros/DEV/ROS_DEV/ros2_dev/src/build/examples_rclcpp_minimal_client -- -j48 -l48
[3.504s] [ 50%] [32mBuilding CXX object CMakeFiles/client_main.dir/main.cpp.o[0m
[11.290s] [100%] [32m[1mLinking CXX executable client_main[0m
[12.022s] [100%] Built target client_main
[12.026s] Invoked command in '/home/caros/DEV/ROS_DEV/ros2_dev/src/build/examples_rclcpp_minimal_client' returned '0': CMAKE_PREFIX_PATH=/opt/ros/foxy /usr/local/bin/cmake --build /home/caros/DEV/ROS_DEV/ros2_dev/src/build/examples_rclcpp_minimal_client -- -j48 -l48
[12.028s] Invoking command in '/home/caros/DEV/ROS_DEV/ros2_dev/src/build/examples_rclcpp_minimal_client': CMAKE_PREFIX_PATH=/opt/ros/foxy /usr/local/bin/cmake --install /home/caros/DEV/ROS_DEV/ros2_dev/src/build/examples_rclcpp_minimal_client
[12.039s] -- Install configuration: ""
[12.040s] -- Installing: /home/caros/DEV/ROS_DEV/ros2_dev/src/install/examples_rclcpp_minimal_client/lib/examples_rclcpp_minimal_client/client_main
[12.040s] -- Set non-toolchain portion of runtime path of "/home/caros/DEV/ROS_DEV/ros2_dev/src/install/examples_rclcpp_minimal_client/lib/examples_rclcpp_minimal_client/client_main" to ""
[12.041s] -- Installing: /home/caros/DEV/ROS_DEV/ros2_dev/src/install/examples_rclcpp_minimal_client/share/ament_index/resource_index/package_run_dependencies/examples_rclcpp_minimal_client
[12.041s] -- Installing: /home/caros/DEV/ROS_DEV/ros2_dev/src/install/examples_rclcpp_minimal_client/share/ament_index/resource_index/parent_prefix_path/examples_rclcpp_minimal_client
[12.041s] -- Installing: /home/caros/DEV/ROS_DEV/ros2_dev/src/install/examples_rclcpp_minimal_client/share/examples_rclcpp_minimal_client/environment/ament_prefix_path.sh
[12.041s] -- Installing: /home/caros/DEV/ROS_DEV/ros2_dev/src/install/examples_rclcpp_minimal_client/share/examples_rclcpp_minimal_client/environment/ament_prefix_path.dsv
[12.042s] -- Installing: /home/caros/DEV/ROS_DEV/ros2_dev/src/install/examples_rclcpp_minimal_client/share/examples_rclcpp_minimal_client/environment/path.sh
[12.042s] -- Installing: /home/caros/DEV/ROS_DEV/ros2_dev/src/install/examples_rclcpp_minimal_client/share/examples_rclcpp_minimal_client/environment/path.dsv
[12.043s] -- Installing: /home/caros/DEV/ROS_DEV/ros2_dev/src/install/examples_rclcpp_minimal_client/share/examples_rclcpp_minimal_client/local_setup.bash
[12.044s] -- Installing: /home/caros/DEV/ROS_DEV/ros2_dev/src/install/examples_rclcpp_minimal_client/share/examples_rclcpp_minimal_client/local_setup.sh
[12.044s] -- Installing: /home/caros/DEV/ROS_DEV/ros2_dev/src/install/examples_rclcpp_minimal_client/share/examples_rclcpp_minimal_client/local_setup.zsh
[12.045s] -- Installing: /home/caros/DEV/ROS_DEV/ros2_dev/src/install/examples_rclcpp_minimal_client/share/examples_rclcpp_minimal_client/local_setup.dsv
[12.046s] -- Installing: /home/caros/DEV/ROS_DEV/ros2_dev/src/install/examples_rclcpp_minimal_client/share/examples_rclcpp_minimal_client/package.dsv
[12.047s] -- Installing: /home/caros/DEV/ROS_DEV/ros2_dev/src/install/examples_rclcpp_minimal_client/share/ament_index/resource_index/packages/examples_rclcpp_minimal_client
[12.047s] -- Installing: /home/caros/DEV/ROS_DEV/ros2_dev/src/install/examples_rclcpp_minimal_client/share/examples_rclcpp_minimal_client/cmake/examples_rclcpp_minimal_clientConfig.cmake
[12.049s] -- Installing: /home/caros/DEV/ROS_DEV/ros2_dev/src/install/examples_rclcpp_minimal_client/share/examples_rclcpp_minimal_client/cmake/examples_rclcpp_minimal_clientConfig-version.cmake
[12.050s] -- Installing: /home/caros/DEV/ROS_DEV/ros2_dev/src/install/examples_rclcpp_minimal_client/share/examples_rclcpp_minimal_client/package.xml
[12.050s] Invoked command in '/home/caros/DEV/ROS_DEV/ros2_dev/src/build/examples_rclcpp_minimal_client' returned '0': CMAKE_PREFIX_PATH=/opt/ros/foxy /usr/local/bin/cmake --install /home/caros/DEV/ROS_DEV/ros2_dev/src/build/examples_rclcpp_minimal_client
