[0.224s] DEBUG:colcon:Command line arguments: ['/usr/bin/colcon', 'build', '--packages-select', 'py_srvcli']
[0.224s] DEBUG:colcon:Parsed command line arguments: Namespace(allow_overriding=[], ament_cmake_args=None, base_paths=['.'], build_base='build', catkin_cmake_args=None, catkin_skip_building_tests=False, cmake_args=None, cmake_clean_cache=False, cmake_clean_first=False, cmake_force_configure=False, cmake_target=None, cmake_target_skip_unavailable=False, continue_on_error=False, event_handlers=None, executor='parallel', ignore_user_meta=False, install_base='install', log_base=None, log_level=None, main=<bound method BuildVerb.main of <colcon_core.verb.build.BuildVerb object at 0x7f94e725e4f0>>, merge_install=False, metas=['./colcon.meta'], mixin=None, mixin_files=None, mixin_verb=('build',), packages_above=None, packages_above_and_dependencies=None, packages_above_depth=None, packages_end=None, packages_ignore=None, packages_ignore_regex=None, packages_select=['py_srvcli'], packages_select_build_failed=False, packages_select_by_dep=None, packages_select_regex=None, packages_select_test_failures=False, packages_skip=None, packages_skip_build_finished=False, packages_skip_by_dep=None, packages_skip_regex=None, packages_skip_test_passed=False, packages_skip_up_to=None, packages_start=None, packages_up_to=None, packages_up_to_regex=None, parallel_workers=48, paths=None, symlink_install=False, test_result_base=None, verb_extension=<colcon_core.verb.build.BuildVerb object at 0x7f94e725e4f0>, verb_name='build', verb_parser=<colcon_mixin.mixin.mixin_argument.MixinArgumentDecorator object at 0x7f94e725eb50>)
[0.383s] Level 1:colcon.colcon_core.package_discovery:discover_packages(colcon_meta) check parameters
[0.384s] Level 1:colcon.colcon_core.package_discovery:discover_packages(recursive) check parameters
[0.384s] Level 1:colcon.colcon_core.package_discovery:discover_packages(ignore) check parameters
[0.384s] Level 1:colcon.colcon_core.package_discovery:discover_packages(path) check parameters
[0.384s] Level 1:colcon.colcon_core.package_discovery:discover_packages(colcon_meta) discover
[0.384s] Level 1:colcon.colcon_core.package_discovery:discover_packages(recursive) discover
[0.384s] INFO:colcon.colcon_core.package_discovery:Crawling recursively for packages in '/home/caros/DEV/ROS_DEV/ros2_dev/src'
[0.384s] Level 1:colcon.colcon_core.package_identification:_identify(.) by extensions ['ignore', 'ignore_ament_install']
[0.384s] Level 1:colcon.colcon_core.package_identification:_identify(.) by extension 'ignore'
[0.384s] Level 1:colcon.colcon_core.package_identification:_identify(.) by extension 'ignore_ament_install'
[0.384s] Level 1:colcon.colcon_core.package_identification:_identify(.) by extensions ['colcon_pkg']
[0.384s] Level 1:colcon.colcon_core.package_identification:_identify(.) by extension 'colcon_pkg'
[0.384s] Level 1:colcon.colcon_core.package_identification:_identify(.) by extensions ['colcon_meta']
[0.384s] Level 1:colcon.colcon_core.package_identification:_identify(.) by extension 'colcon_meta'
[0.384s] Level 1:colcon.colcon_core.package_identification:_identify(.) by extensions ['ros']
[0.384s] Level 1:colcon.colcon_core.package_identification:_identify(.) by extension 'ros'
[0.395s] Level 1:colcon.colcon_core.package_identification:_identify(.) by extensions ['cmake', 'python']
[0.395s] Level 1:colcon.colcon_core.package_identification:_identify(.) by extension 'cmake'
[0.395s] Level 1:colcon.colcon_core.package_identification:_identify(.) by extension 'python'
[0.395s] Level 1:colcon.colcon_core.package_identification:_identify(.) by extensions ['python_setup_py']
[0.395s] Level 1:colcon.colcon_core.package_identification:_identify(.) by extension 'python_setup_py'
[0.395s] Level 1:colcon.colcon_core.package_identification:_identify(build) by extensions ['ignore', 'ignore_ament_install']
[0.395s] Level 1:colcon.colcon_core.package_identification:_identify(build) by extension 'ignore'
[0.395s] Level 1:colcon.colcon_core.package_identification:_identify(build) ignored
[0.395s] Level 1:colcon.colcon_core.package_identification:_identify(cpp_pubsub) by extensions ['ignore', 'ignore_ament_install']
[0.396s] Level 1:colcon.colcon_core.package_identification:_identify(cpp_pubsub) by extension 'ignore'
[0.396s] Level 1:colcon.colcon_core.package_identification:_identify(cpp_pubsub) by extension 'ignore_ament_install'
[0.396s] Level 1:colcon.colcon_core.package_identification:_identify(cpp_pubsub) by extensions ['colcon_pkg']
[0.396s] Level 1:colcon.colcon_core.package_identification:_identify(cpp_pubsub) by extension 'colcon_pkg'
[0.396s] Level 1:colcon.colcon_core.package_identification:_identify(cpp_pubsub) by extensions ['colcon_meta']
[0.396s] Level 1:colcon.colcon_core.package_identification:_identify(cpp_pubsub) by extension 'colcon_meta'
[0.396s] Level 1:colcon.colcon_core.package_identification:_identify(cpp_pubsub) by extensions ['ros']
[0.396s] Level 1:colcon.colcon_core.package_identification:_identify(cpp_pubsub) by extension 'ros'
[0.398s] DEBUG:colcon.colcon_core.package_identification:Package 'cpp_pubsub' with type 'ros.ament_cmake' and name 'cpp_pubsub'
[0.398s] Level 1:colcon.colcon_core.package_identification:_identify(cpp_srvcli) by extensions ['ignore', 'ignore_ament_install']
[0.398s] Level 1:colcon.colcon_core.package_identification:_identify(cpp_srvcli) by extension 'ignore'
[0.398s] Level 1:colcon.colcon_core.package_identification:_identify(cpp_srvcli) by extension 'ignore_ament_install'
[0.398s] Level 1:colcon.colcon_core.package_identification:_identify(cpp_srvcli) by extensions ['colcon_pkg']
[0.398s] Level 1:colcon.colcon_core.package_identification:_identify(cpp_srvcli) by extension 'colcon_pkg'
[0.398s] Level 1:colcon.colcon_core.package_identification:_identify(cpp_srvcli) by extensions ['colcon_meta']
[0.398s] Level 1:colcon.colcon_core.package_identification:_identify(cpp_srvcli) by extension 'colcon_meta'
[0.398s] Level 1:colcon.colcon_core.package_identification:_identify(cpp_srvcli) by extensions ['ros']
[0.398s] Level 1:colcon.colcon_core.package_identification:_identify(cpp_srvcli) by extension 'ros'
[0.399s] DEBUG:colcon.colcon_core.package_identification:Package 'cpp_srvcli' with type 'ros.ament_cmake' and name 'cpp_srvcli'
[0.399s] Level 1:colcon.colcon_core.package_identification:_identify(examples) by extensions ['ignore', 'ignore_ament_install']
[0.399s] Level 1:colcon.colcon_core.package_identification:_identify(examples) by extension 'ignore'
[0.399s] Level 1:colcon.colcon_core.package_identification:_identify(examples) by extension 'ignore_ament_install'
[0.399s] Level 1:colcon.colcon_core.package_identification:_identify(examples) by extensions ['colcon_pkg']
[0.399s] Level 1:colcon.colcon_core.package_identification:_identify(examples) by extension 'colcon_pkg'
[0.399s] Level 1:colcon.colcon_core.package_identification:_identify(examples) by extensions ['colcon_meta']
[0.400s] Level 1:colcon.colcon_core.package_identification:_identify(examples) by extension 'colcon_meta'
[0.400s] Level 1:colcon.colcon_core.package_identification:_identify(examples) by extensions ['ros']
[0.400s] Level 1:colcon.colcon_core.package_identification:_identify(examples) by extension 'ros'
[0.400s] Level 1:colcon.colcon_core.package_identification:_identify(examples) by extensions ['cmake', 'python']
[0.400s] Level 1:colcon.colcon_core.package_identification:_identify(examples) by extension 'cmake'
[0.400s] Level 1:colcon.colcon_core.package_identification:_identify(examples) by extension 'python'
[0.400s] Level 1:colcon.colcon_core.package_identification:_identify(examples) by extensions ['python_setup_py']
[0.400s] Level 1:colcon.colcon_core.package_identification:_identify(examples) by extension 'python_setup_py'
[0.400s] Level 1:colcon.colcon_core.package_identification:_identify(examples/rclcpp) by extensions ['ignore', 'ignore_ament_install']
[0.400s] Level 1:colcon.colcon_core.package_identification:_identify(examples/rclcpp) by extension 'ignore'
[0.400s] Level 1:colcon.colcon_core.package_identification:_identify(examples/rclcpp) by extension 'ignore_ament_install'
[0.400s] Level 1:colcon.colcon_core.package_identification:_identify(examples/rclcpp) by extensions ['colcon_pkg']
[0.400s] Level 1:colcon.colcon_core.package_identification:_identify(examples/rclcpp) by extension 'colcon_pkg'
[0.400s] Level 1:colcon.colcon_core.package_identification:_identify(examples/rclcpp) by extensions ['colcon_meta']
[0.400s] Level 1:colcon.colcon_core.package_identification:_identify(examples/rclcpp) by extension 'colcon_meta'
[0.400s] Level 1:colcon.colcon_core.package_identification:_identify(examples/rclcpp) by extensions ['ros']
[0.400s] Level 1:colcon.colcon_core.package_identification:_identify(examples/rclcpp) by extension 'ros'
[0.400s] Level 1:colcon.colcon_core.package_identification:_identify(examples/rclcpp) by extensions ['cmake', 'python']
[0.400s] Level 1:colcon.colcon_core.package_identification:_identify(examples/rclcpp) by extension 'cmake'
[0.400s] Level 1:colcon.colcon_core.package_identification:_identify(examples/rclcpp) by extension 'python'
[0.400s] Level 1:colcon.colcon_core.package_identification:_identify(examples/rclcpp) by extensions ['python_setup_py']
[0.400s] Level 1:colcon.colcon_core.package_identification:_identify(examples/rclcpp) by extension 'python_setup_py'
[0.400s] Level 1:colcon.colcon_core.package_identification:_identify(examples/rclcpp/actions) by extensions ['ignore', 'ignore_ament_install']
[0.401s] Level 1:colcon.colcon_core.package_identification:_identify(examples/rclcpp/actions) by extension 'ignore'
[0.401s] Level 1:colcon.colcon_core.package_identification:_identify(examples/rclcpp/actions) by extension 'ignore_ament_install'
[0.401s] Level 1:colcon.colcon_core.package_identification:_identify(examples/rclcpp/actions) by extensions ['colcon_pkg']
[0.401s] Level 1:colcon.colcon_core.package_identification:_identify(examples/rclcpp/actions) by extension 'colcon_pkg'
[0.401s] Level 1:colcon.colcon_core.package_identification:_identify(examples/rclcpp/actions) by extensions ['colcon_meta']
[0.401s] Level 1:colcon.colcon_core.package_identification:_identify(examples/rclcpp/actions) by extension 'colcon_meta'
[0.401s] Level 1:colcon.colcon_core.package_identification:_identify(examples/rclcpp/actions) by extensions ['ros']
[0.401s] Level 1:colcon.colcon_core.package_identification:_identify(examples/rclcpp/actions) by extension 'ros'
[0.401s] Level 1:colcon.colcon_core.package_identification:_identify(examples/rclcpp/actions) by extensions ['cmake', 'python']
[0.401s] Level 1:colcon.colcon_core.package_identification:_identify(examples/rclcpp/actions) by extension 'cmake'
[0.401s] Level 1:colcon.colcon_core.package_identification:_identify(examples/rclcpp/actions) by extension 'python'
[0.401s] Level 1:colcon.colcon_core.package_identification:_identify(examples/rclcpp/actions) by extensions ['python_setup_py']
[0.401s] Level 1:colcon.colcon_core.package_identification:_identify(examples/rclcpp/actions) by extension 'python_setup_py'
[0.401s] Level 1:colcon.colcon_core.package_identification:_identify(examples/rclcpp/actions/minimal_action_client) by extensions ['ignore', 'ignore_ament_install']
[0.401s] Level 1:colcon.colcon_core.package_identification:_identify(examples/rclcpp/actions/minimal_action_client) by extension 'ignore'
[0.401s] Level 1:colcon.colcon_core.package_identification:_identify(examples/rclcpp/actions/minimal_action_client) by extension 'ignore_ament_install'
[0.401s] Level 1:colcon.colcon_core.package_identification:_identify(examples/rclcpp/actions/minimal_action_client) by extensions ['colcon_pkg']
[0.401s] Level 1:colcon.colcon_core.package_identification:_identify(examples/rclcpp/actions/minimal_action_client) by extension 'colcon_pkg'
[0.401s] Level 1:colcon.colcon_core.package_identification:_identify(examples/rclcpp/actions/minimal_action_client) by extensions ['colcon_meta']
[0.401s] Level 1:colcon.colcon_core.package_identification:_identify(examples/rclcpp/actions/minimal_action_client) by extension 'colcon_meta'
[0.401s] Level 1:colcon.colcon_core.package_identification:_identify(examples/rclcpp/actions/minimal_action_client) by extensions ['ros']
[0.401s] Level 1:colcon.colcon_core.package_identification:_identify(examples/rclcpp/actions/minimal_action_client) by extension 'ros'
[0.402s] DEBUG:colcon.colcon_core.package_identification:Package 'examples/rclcpp/actions/minimal_action_client' with type 'ros.ament_cmake' and name 'examples_rclcpp_minimal_action_client'
[0.402s] Level 1:colcon.colcon_core.package_identification:_identify(examples/rclcpp/actions/minimal_action_server) by extensions ['ignore', 'ignore_ament_install']
[0.402s] Level 1:colcon.colcon_core.package_identification:_identify(examples/rclcpp/actions/minimal_action_server) by extension 'ignore'
[0.403s] Level 1:colcon.colcon_core.package_identification:_identify(examples/rclcpp/actions/minimal_action_server) by extension 'ignore_ament_install'
[0.403s] Level 1:colcon.colcon_core.package_identification:_identify(examples/rclcpp/actions/minimal_action_server) by extensions ['colcon_pkg']
[0.403s] Level 1:colcon.colcon_core.package_identification:_identify(examples/rclcpp/actions/minimal_action_server) by extension 'colcon_pkg'
[0.403s] Level 1:colcon.colcon_core.package_identification:_identify(examples/rclcpp/actions/minimal_action_server) by extensions ['colcon_meta']
[0.403s] Level 1:colcon.colcon_core.package_identification:_identify(examples/rclcpp/actions/minimal_action_server) by extension 'colcon_meta'
[0.403s] Level 1:colcon.colcon_core.package_identification:_identify(examples/rclcpp/actions/minimal_action_server) by extensions ['ros']
[0.403s] Level 1:colcon.colcon_core.package_identification:_identify(examples/rclcpp/actions/minimal_action_server) by extension 'ros'
[0.403s] DEBUG:colcon.colcon_core.package_identification:Package 'examples/rclcpp/actions/minimal_action_server' with type 'ros.ament_cmake' and name 'examples_rclcpp_minimal_action_server'
[0.404s] Level 1:colcon.colcon_core.package_identification:_identify(examples/rclcpp/composition) by extensions ['ignore', 'ignore_ament_install']
[0.404s] Level 1:colcon.colcon_core.package_identification:_identify(examples/rclcpp/composition) by extension 'ignore'
[0.404s] Level 1:colcon.colcon_core.package_identification:_identify(examples/rclcpp/composition) by extension 'ignore_ament_install'
[0.404s] Level 1:colcon.colcon_core.package_identification:_identify(examples/rclcpp/composition) by extensions ['colcon_pkg']
[0.404s] Level 1:colcon.colcon_core.package_identification:_identify(examples/rclcpp/composition) by extension 'colcon_pkg'
[0.404s] Level 1:colcon.colcon_core.package_identification:_identify(examples/rclcpp/composition) by extensions ['colcon_meta']
[0.404s] Level 1:colcon.colcon_core.package_identification:_identify(examples/rclcpp/composition) by extension 'colcon_meta'
[0.404s] Level 1:colcon.colcon_core.package_identification:_identify(examples/rclcpp/composition) by extensions ['ros']
[0.404s] Level 1:colcon.colcon_core.package_identification:_identify(examples/rclcpp/composition) by extension 'ros'
[0.404s] Level 1:colcon.colcon_core.package_identification:_identify(examples/rclcpp/composition) by extensions ['cmake', 'python']
[0.404s] Level 1:colcon.colcon_core.package_identification:_identify(examples/rclcpp/composition) by extension 'cmake'
[0.404s] Level 1:colcon.colcon_core.package_identification:_identify(examples/rclcpp/composition) by extension 'python'
[0.404s] Level 1:colcon.colcon_core.package_identification:_identify(examples/rclcpp/composition) by extensions ['python_setup_py']
[0.404s] Level 1:colcon.colcon_core.package_identification:_identify(examples/rclcpp/composition) by extension 'python_setup_py'
[0.404s] Level 1:colcon.colcon_core.package_identification:_identify(examples/rclcpp/composition/minimal_composition) by extensions ['ignore', 'ignore_ament_install']
[0.404s] Level 1:colcon.colcon_core.package_identification:_identify(examples/rclcpp/composition/minimal_composition) by extension 'ignore'
[0.404s] Level 1:colcon.colcon_core.package_identification:_identify(examples/rclcpp/composition/minimal_composition) by extension 'ignore_ament_install'
[0.404s] Level 1:colcon.colcon_core.package_identification:_identify(examples/rclcpp/composition/minimal_composition) by extensions ['colcon_pkg']
[0.404s] Level 1:colcon.colcon_core.package_identification:_identify(examples/rclcpp/composition/minimal_composition) by extension 'colcon_pkg'
[0.404s] Level 1:colcon.colcon_core.package_identification:_identify(examples/rclcpp/composition/minimal_composition) by extensions ['colcon_meta']
[0.405s] Level 1:colcon.colcon_core.package_identification:_identify(examples/rclcpp/composition/minimal_composition) by extension 'colcon_meta'
[0.405s] Level 1:colcon.colcon_core.package_identification:_identify(examples/rclcpp/composition/minimal_composition) by extensions ['ros']
[0.405s] Level 1:colcon.colcon_core.package_identification:_identify(examples/rclcpp/composition/minimal_composition) by extension 'ros'
[0.405s] DEBUG:colcon.colcon_core.package_identification:Package 'examples/rclcpp/composition/minimal_composition' with type 'ros.ament_cmake' and name 'examples_rclcpp_minimal_composition'
[0.405s] Level 1:colcon.colcon_core.package_identification:_identify(examples/rclcpp/executors) by extensions ['ignore', 'ignore_ament_install']
[0.405s] Level 1:colcon.colcon_core.package_identification:_identify(examples/rclcpp/executors) by extension 'ignore'
[0.405s] Level 1:colcon.colcon_core.package_identification:_identify(examples/rclcpp/executors) by extension 'ignore_ament_install'
[0.405s] Level 1:colcon.colcon_core.package_identification:_identify(examples/rclcpp/executors) by extensions ['colcon_pkg']
[0.405s] Level 1:colcon.colcon_core.package_identification:_identify(examples/rclcpp/executors) by extension 'colcon_pkg'
[0.406s] Level 1:colcon.colcon_core.package_identification:_identify(examples/rclcpp/executors) by extensions ['colcon_meta']
[0.406s] Level 1:colcon.colcon_core.package_identification:_identify(examples/rclcpp/executors) by extension 'colcon_meta'
[0.406s] Level 1:colcon.colcon_core.package_identification:_identify(examples/rclcpp/executors) by extensions ['ros']
[0.406s] Level 1:colcon.colcon_core.package_identification:_identify(examples/rclcpp/executors) by extension 'ros'
[0.406s] Level 1:colcon.colcon_core.package_identification:_identify(examples/rclcpp/executors) by extensions ['cmake', 'python']
[0.406s] Level 1:colcon.colcon_core.package_identification:_identify(examples/rclcpp/executors) by extension 'cmake'
[0.406s] Level 1:colcon.colcon_core.package_identification:_identify(examples/rclcpp/executors) by extension 'python'
[0.406s] Level 1:colcon.colcon_core.package_identification:_identify(examples/rclcpp/executors) by extensions ['python_setup_py']
[0.406s] Level 1:colcon.colcon_core.package_identification:_identify(examples/rclcpp/executors) by extension 'python_setup_py'
[0.406s] Level 1:colcon.colcon_core.package_identification:_identify(examples/rclcpp/executors/multithreaded_executor) by extensions ['ignore', 'ignore_ament_install']
[0.406s] Level 1:colcon.colcon_core.package_identification:_identify(examples/rclcpp/executors/multithreaded_executor) by extension 'ignore'
[0.406s] Level 1:colcon.colcon_core.package_identification:_identify(examples/rclcpp/executors/multithreaded_executor) by extension 'ignore_ament_install'
[0.406s] Level 1:colcon.colcon_core.package_identification:_identify(examples/rclcpp/executors/multithreaded_executor) by extensions ['colcon_pkg']
[0.406s] Level 1:colcon.colcon_core.package_identification:_identify(examples/rclcpp/executors/multithreaded_executor) by extension 'colcon_pkg'
[0.406s] Level 1:colcon.colcon_core.package_identification:_identify(examples/rclcpp/executors/multithreaded_executor) by extensions ['colcon_meta']
[0.406s] Level 1:colcon.colcon_core.package_identification:_identify(examples/rclcpp/executors/multithreaded_executor) by extension 'colcon_meta'
[0.406s] Level 1:colcon.colcon_core.package_identification:_identify(examples/rclcpp/executors/multithreaded_executor) by extensions ['ros']
[0.406s] Level 1:colcon.colcon_core.package_identification:_identify(examples/rclcpp/executors/multithreaded_executor) by extension 'ros'
[0.407s] DEBUG:colcon.colcon_core.package_identification:Package 'examples/rclcpp/executors/multithreaded_executor' with type 'ros.ament_cmake' and name 'examples_rclcpp_multithreaded_executor'
[0.407s] Level 1:colcon.colcon_core.package_identification:_identify(examples/rclcpp/services) by extensions ['ignore', 'ignore_ament_install']
[0.407s] Level 1:colcon.colcon_core.package_identification:_identify(examples/rclcpp/services) by extension 'ignore'
[0.407s] Level 1:colcon.colcon_core.package_identification:_identify(examples/rclcpp/services) by extension 'ignore_ament_install'
[0.407s] Level 1:colcon.colcon_core.package_identification:_identify(examples/rclcpp/services) by extensions ['colcon_pkg']
[0.407s] Level 1:colcon.colcon_core.package_identification:_identify(examples/rclcpp/services) by extension 'colcon_pkg'
[0.407s] Level 1:colcon.colcon_core.package_identification:_identify(examples/rclcpp/services) by extensions ['colcon_meta']
[0.407s] Level 1:colcon.colcon_core.package_identification:_identify(examples/rclcpp/services) by extension 'colcon_meta'
[0.407s] Level 1:colcon.colcon_core.package_identification:_identify(examples/rclcpp/services) by extensions ['ros']
[0.407s] Level 1:colcon.colcon_core.package_identification:_identify(examples/rclcpp/services) by extension 'ros'
[0.407s] Level 1:colcon.colcon_core.package_identification:_identify(examples/rclcpp/services) by extensions ['cmake', 'python']
[0.407s] Level 1:colcon.colcon_core.package_identification:_identify(examples/rclcpp/services) by extension 'cmake'
[0.407s] Level 1:colcon.colcon_core.package_identification:_identify(examples/rclcpp/services) by extension 'python'
[0.408s] Level 1:colcon.colcon_core.package_identification:_identify(examples/rclcpp/services) by extensions ['python_setup_py']
[0.408s] Level 1:colcon.colcon_core.package_identification:_identify(examples/rclcpp/services) by extension 'python_setup_py'
[0.408s] Level 1:colcon.colcon_core.package_identification:_identify(examples/rclcpp/services/minimal_client) by extensions ['ignore', 'ignore_ament_install']
[0.408s] Level 1:colcon.colcon_core.package_identification:_identify(examples/rclcpp/services/minimal_client) by extension 'ignore'
[0.408s] Level 1:colcon.colcon_core.package_identification:_identify(examples/rclcpp/services/minimal_client) by extension 'ignore_ament_install'
[0.408s] Level 1:colcon.colcon_core.package_identification:_identify(examples/rclcpp/services/minimal_client) by extensions ['colcon_pkg']
[0.408s] Level 1:colcon.colcon_core.package_identification:_identify(examples/rclcpp/services/minimal_client) by extension 'colcon_pkg'
[0.408s] Level 1:colcon.colcon_core.package_identification:_identify(examples/rclcpp/services/minimal_client) by extensions ['colcon_meta']
[0.408s] Level 1:colcon.colcon_core.package_identification:_identify(examples/rclcpp/services/minimal_client) by extension 'colcon_meta'
[0.408s] Level 1:colcon.colcon_core.package_identification:_identify(examples/rclcpp/services/minimal_client) by extensions ['ros']
[0.408s] Level 1:colcon.colcon_core.package_identification:_identify(examples/rclcpp/services/minimal_client) by extension 'ros'
[0.409s] DEBUG:colcon.colcon_core.package_identification:Package 'examples/rclcpp/services/minimal_client' with type 'ros.ament_cmake' and name 'examples_rclcpp_minimal_client'
[0.409s] Level 1:colcon.colcon_core.package_identification:_identify(examples/rclcpp/services/minimal_service) by extensions ['ignore', 'ignore_ament_install']
[0.409s] Level 1:colcon.colcon_core.package_identification:_identify(examples/rclcpp/services/minimal_service) by extension 'ignore'
[0.409s] Level 1:colcon.colcon_core.package_identification:_identify(examples/rclcpp/services/minimal_service) by extension 'ignore_ament_install'
[0.409s] Level 1:colcon.colcon_core.package_identification:_identify(examples/rclcpp/services/minimal_service) by extensions ['colcon_pkg']
[0.409s] Level 1:colcon.colcon_core.package_identification:_identify(examples/rclcpp/services/minimal_service) by extension 'colcon_pkg'
[0.409s] Level 1:colcon.colcon_core.package_identification:_identify(examples/rclcpp/services/minimal_service) by extensions ['colcon_meta']
[0.409s] Level 1:colcon.colcon_core.package_identification:_identify(examples/rclcpp/services/minimal_service) by extension 'colcon_meta'
[0.409s] Level 1:colcon.colcon_core.package_identification:_identify(examples/rclcpp/services/minimal_service) by extensions ['ros']
[0.409s] Level 1:colcon.colcon_core.package_identification:_identify(examples/rclcpp/services/minimal_service) by extension 'ros'
[0.410s] DEBUG:colcon.colcon_core.package_identification:Package 'examples/rclcpp/services/minimal_service' with type 'ros.ament_cmake' and name 'examples_rclcpp_minimal_service'
[0.410s] Level 1:colcon.colcon_core.package_identification:_identify(examples/rclcpp/timers) by extensions ['ignore', 'ignore_ament_install']
[0.410s] Level 1:colcon.colcon_core.package_identification:_identify(examples/rclcpp/timers) by extension 'ignore'
[0.410s] Level 1:colcon.colcon_core.package_identification:_identify(examples/rclcpp/timers) by extension 'ignore_ament_install'
[0.410s] Level 1:colcon.colcon_core.package_identification:_identify(examples/rclcpp/timers) by extensions ['colcon_pkg']
[0.410s] Level 1:colcon.colcon_core.package_identification:_identify(examples/rclcpp/timers) by extension 'colcon_pkg'
[0.410s] Level 1:colcon.colcon_core.package_identification:_identify(examples/rclcpp/timers) by extensions ['colcon_meta']
[0.410s] Level 1:colcon.colcon_core.package_identification:_identify(examples/rclcpp/timers) by extension 'colcon_meta'
[0.410s] Level 1:colcon.colcon_core.package_identification:_identify(examples/rclcpp/timers) by extensions ['ros']
[0.410s] Level 1:colcon.colcon_core.package_identification:_identify(examples/rclcpp/timers) by extension 'ros'
[0.410s] Level 1:colcon.colcon_core.package_identification:_identify(examples/rclcpp/timers) by extensions ['cmake', 'python']
[0.410s] Level 1:colcon.colcon_core.package_identification:_identify(examples/rclcpp/timers) by extension 'cmake'
[0.410s] Level 1:colcon.colcon_core.package_identification:_identify(examples/rclcpp/timers) by extension 'python'
[0.410s] Level 1:colcon.colcon_core.package_identification:_identify(examples/rclcpp/timers) by extensions ['python_setup_py']
[0.410s] Level 1:colcon.colcon_core.package_identification:_identify(examples/rclcpp/timers) by extension 'python_setup_py'
[0.410s] Level 1:colcon.colcon_core.package_identification:_identify(examples/rclcpp/timers/minimal_timer) by extensions ['ignore', 'ignore_ament_install']
[0.410s] Level 1:colcon.colcon_core.package_identification:_identify(examples/rclcpp/timers/minimal_timer) by extension 'ignore'
[0.410s] Level 1:colcon.colcon_core.package_identification:_identify(examples/rclcpp/timers/minimal_timer) by extension 'ignore_ament_install'
[0.410s] Level 1:colcon.colcon_core.package_identification:_identify(examples/rclcpp/timers/minimal_timer) by extensions ['colcon_pkg']
[0.410s] Level 1:colcon.colcon_core.package_identification:_identify(examples/rclcpp/timers/minimal_timer) by extension 'colcon_pkg'
[0.410s] Level 1:colcon.colcon_core.package_identification:_identify(examples/rclcpp/timers/minimal_timer) by extensions ['colcon_meta']
[0.411s] Level 1:colcon.colcon_core.package_identification:_identify(examples/rclcpp/timers/minimal_timer) by extension 'colcon_meta'
[0.411s] Level 1:colcon.colcon_core.package_identification:_identify(examples/rclcpp/timers/minimal_timer) by extensions ['ros']
[0.411s] Level 1:colcon.colcon_core.package_identification:_identify(examples/rclcpp/timers/minimal_timer) by extension 'ros'
[0.411s] DEBUG:colcon.colcon_core.package_identification:Package 'examples/rclcpp/timers/minimal_timer' with type 'ros.ament_cmake' and name 'examples_rclcpp_minimal_timer'
[0.411s] Level 1:colcon.colcon_core.package_identification:_identify(examples/rclcpp/topics) by extensions ['ignore', 'ignore_ament_install']
[0.411s] Level 1:colcon.colcon_core.package_identification:_identify(examples/rclcpp/topics) by extension 'ignore'
[0.411s] Level 1:colcon.colcon_core.package_identification:_identify(examples/rclcpp/topics) by extension 'ignore_ament_install'
[0.412s] Level 1:colcon.colcon_core.package_identification:_identify(examples/rclcpp/topics) by extensions ['colcon_pkg']
[0.412s] Level 1:colcon.colcon_core.package_identification:_identify(examples/rclcpp/topics) by extension 'colcon_pkg'
[0.412s] Level 1:colcon.colcon_core.package_identification:_identify(examples/rclcpp/topics) by extensions ['colcon_meta']
[0.412s] Level 1:colcon.colcon_core.package_identification:_identify(examples/rclcpp/topics) by extension 'colcon_meta'
[0.412s] Level 1:colcon.colcon_core.package_identification:_identify(examples/rclcpp/topics) by extensions ['ros']
[0.412s] Level 1:colcon.colcon_core.package_identification:_identify(examples/rclcpp/topics) by extension 'ros'
[0.412s] Level 1:colcon.colcon_core.package_identification:_identify(examples/rclcpp/topics) by extensions ['cmake', 'python']
[0.412s] Level 1:colcon.colcon_core.package_identification:_identify(examples/rclcpp/topics) by extension 'cmake'
[0.412s] Level 1:colcon.colcon_core.package_identification:_identify(examples/rclcpp/topics) by extension 'python'
[0.412s] Level 1:colcon.colcon_core.package_identification:_identify(examples/rclcpp/topics) by extensions ['python_setup_py']
[0.412s] Level 1:colcon.colcon_core.package_identification:_identify(examples/rclcpp/topics) by extension 'python_setup_py'
[0.412s] Level 1:colcon.colcon_core.package_identification:_identify(examples/rclcpp/topics/minimal_publisher) by extensions ['ignore', 'ignore_ament_install']
[0.412s] Level 1:colcon.colcon_core.package_identification:_identify(examples/rclcpp/topics/minimal_publisher) by extension 'ignore'
[0.412s] Level 1:colcon.colcon_core.package_identification:_identify(examples/rclcpp/topics/minimal_publisher) by extension 'ignore_ament_install'
[0.412s] Level 1:colcon.colcon_core.package_identification:_identify(examples/rclcpp/topics/minimal_publisher) by extensions ['colcon_pkg']
[0.412s] Level 1:colcon.colcon_core.package_identification:_identify(examples/rclcpp/topics/minimal_publisher) by extension 'colcon_pkg'
[0.412s] Level 1:colcon.colcon_core.package_identification:_identify(examples/rclcpp/topics/minimal_publisher) by extensions ['colcon_meta']
[0.412s] Level 1:colcon.colcon_core.package_identification:_identify(examples/rclcpp/topics/minimal_publisher) by extension 'colcon_meta'
[0.412s] Level 1:colcon.colcon_core.package_identification:_identify(examples/rclcpp/topics/minimal_publisher) by extensions ['ros']
[0.412s] Level 1:colcon.colcon_core.package_identification:_identify(examples/rclcpp/topics/minimal_publisher) by extension 'ros'
[0.413s] DEBUG:colcon.colcon_core.package_identification:Package 'examples/rclcpp/topics/minimal_publisher' with type 'ros.ament_cmake' and name 'examples_rclcpp_minimal_publisher'
[0.413s] Level 1:colcon.colcon_core.package_identification:_identify(examples/rclcpp/topics/minimal_subscriber) by extensions ['ignore', 'ignore_ament_install']
[0.413s] Level 1:colcon.colcon_core.package_identification:_identify(examples/rclcpp/topics/minimal_subscriber) by extension 'ignore'
[0.413s] Level 1:colcon.colcon_core.package_identification:_identify(examples/rclcpp/topics/minimal_subscriber) by extension 'ignore_ament_install'
[0.413s] Level 1:colcon.colcon_core.package_identification:_identify(examples/rclcpp/topics/minimal_subscriber) by extensions ['colcon_pkg']
[0.413s] Level 1:colcon.colcon_core.package_identification:_identify(examples/rclcpp/topics/minimal_subscriber) by extension 'colcon_pkg'
[0.413s] Level 1:colcon.colcon_core.package_identification:_identify(examples/rclcpp/topics/minimal_subscriber) by extensions ['colcon_meta']
[0.413s] Level 1:colcon.colcon_core.package_identification:_identify(examples/rclcpp/topics/minimal_subscriber) by extension 'colcon_meta'
[0.413s] Level 1:colcon.colcon_core.package_identification:_identify(examples/rclcpp/topics/minimal_subscriber) by extensions ['ros']
[0.413s] Level 1:colcon.colcon_core.package_identification:_identify(examples/rclcpp/topics/minimal_subscriber) by extension 'ros'
[0.414s] DEBUG:colcon.colcon_core.package_identification:Package 'examples/rclcpp/topics/minimal_subscriber' with type 'ros.ament_cmake' and name 'examples_rclcpp_minimal_subscriber'
[0.414s] Level 1:colcon.colcon_core.package_identification:_identify(examples/rclpy) by extensions ['ignore', 'ignore_ament_install']
[0.414s] Level 1:colcon.colcon_core.package_identification:_identify(examples/rclpy) by extension 'ignore'
[0.414s] Level 1:colcon.colcon_core.package_identification:_identify(examples/rclpy) by extension 'ignore_ament_install'
[0.414s] Level 1:colcon.colcon_core.package_identification:_identify(examples/rclpy) by extensions ['colcon_pkg']
[0.414s] Level 1:colcon.colcon_core.package_identification:_identify(examples/rclpy) by extension 'colcon_pkg'
[0.414s] Level 1:colcon.colcon_core.package_identification:_identify(examples/rclpy) by extensions ['colcon_meta']
[0.414s] Level 1:colcon.colcon_core.package_identification:_identify(examples/rclpy) by extension 'colcon_meta'
[0.414s] Level 1:colcon.colcon_core.package_identification:_identify(examples/rclpy) by extensions ['ros']
[0.414s] Level 1:colcon.colcon_core.package_identification:_identify(examples/rclpy) by extension 'ros'
[0.414s] Level 1:colcon.colcon_core.package_identification:_identify(examples/rclpy) by extensions ['cmake', 'python']
[0.415s] Level 1:colcon.colcon_core.package_identification:_identify(examples/rclpy) by extension 'cmake'
[0.415s] Level 1:colcon.colcon_core.package_identification:_identify(examples/rclpy) by extension 'python'
[0.415s] Level 1:colcon.colcon_core.package_identification:_identify(examples/rclpy) by extensions ['python_setup_py']
[0.415s] Level 1:colcon.colcon_core.package_identification:_identify(examples/rclpy) by extension 'python_setup_py'
[0.415s] Level 1:colcon.colcon_core.package_identification:_identify(examples/rclpy/actions) by extensions ['ignore', 'ignore_ament_install']
[0.415s] Level 1:colcon.colcon_core.package_identification:_identify(examples/rclpy/actions) by extension 'ignore'
[0.415s] Level 1:colcon.colcon_core.package_identification:_identify(examples/rclpy/actions) by extension 'ignore_ament_install'
[0.415s] Level 1:colcon.colcon_core.package_identification:_identify(examples/rclpy/actions) by extensions ['colcon_pkg']
[0.415s] Level 1:colcon.colcon_core.package_identification:_identify(examples/rclpy/actions) by extension 'colcon_pkg'
[0.415s] Level 1:colcon.colcon_core.package_identification:_identify(examples/rclpy/actions) by extensions ['colcon_meta']
[0.415s] Level 1:colcon.colcon_core.package_identification:_identify(examples/rclpy/actions) by extension 'colcon_meta'
[0.415s] Level 1:colcon.colcon_core.package_identification:_identify(examples/rclpy/actions) by extensions ['ros']
[0.415s] Level 1:colcon.colcon_core.package_identification:_identify(examples/rclpy/actions) by extension 'ros'
[0.415s] Level 1:colcon.colcon_core.package_identification:_identify(examples/rclpy/actions) by extensions ['cmake', 'python']
[0.415s] Level 1:colcon.colcon_core.package_identification:_identify(examples/rclpy/actions) by extension 'cmake'
[0.415s] Level 1:colcon.colcon_core.package_identification:_identify(examples/rclpy/actions) by extension 'python'
[0.415s] Level 1:colcon.colcon_core.package_identification:_identify(examples/rclpy/actions) by extensions ['python_setup_py']
[0.415s] Level 1:colcon.colcon_core.package_identification:_identify(examples/rclpy/actions) by extension 'python_setup_py'
[0.415s] Level 1:colcon.colcon_core.package_identification:_identify(examples/rclpy/actions/minimal_action_client) by extensions ['ignore', 'ignore_ament_install']
[0.415s] Level 1:colcon.colcon_core.package_identification:_identify(examples/rclpy/actions/minimal_action_client) by extension 'ignore'
[0.415s] Level 1:colcon.colcon_core.package_identification:_identify(examples/rclpy/actions/minimal_action_client) by extension 'ignore_ament_install'
[0.415s] Level 1:colcon.colcon_core.package_identification:_identify(examples/rclpy/actions/minimal_action_client) by extensions ['colcon_pkg']
[0.416s] Level 1:colcon.colcon_core.package_identification:_identify(examples/rclpy/actions/minimal_action_client) by extension 'colcon_pkg'
[0.416s] Level 1:colcon.colcon_core.package_identification:_identify(examples/rclpy/actions/minimal_action_client) by extensions ['colcon_meta']
[0.416s] Level 1:colcon.colcon_core.package_identification:_identify(examples/rclpy/actions/minimal_action_client) by extension 'colcon_meta'
[0.416s] Level 1:colcon.colcon_core.package_identification:_identify(examples/rclpy/actions/minimal_action_client) by extensions ['ros']
[0.416s] Level 1:colcon.colcon_core.package_identification:_identify(examples/rclpy/actions/minimal_action_client) by extension 'ros'
[0.416s] DEBUG:colcon.colcon_core.package_identification:Package 'examples/rclpy/actions/minimal_action_client' with type 'ros.ament_python' and name 'examples_rclpy_minimal_action_client'
[0.416s] Level 1:colcon.colcon_core.package_identification:_identify(examples/rclpy/actions/minimal_action_server) by extensions ['ignore', 'ignore_ament_install']
[0.416s] Level 1:colcon.colcon_core.package_identification:_identify(examples/rclpy/actions/minimal_action_server) by extension 'ignore'
[0.416s] Level 1:colcon.colcon_core.package_identification:_identify(examples/rclpy/actions/minimal_action_server) by extension 'ignore_ament_install'
[0.416s] Level 1:colcon.colcon_core.package_identification:_identify(examples/rclpy/actions/minimal_action_server) by extensions ['colcon_pkg']
[0.416s] Level 1:colcon.colcon_core.package_identification:_identify(examples/rclpy/actions/minimal_action_server) by extension 'colcon_pkg'
[0.417s] Level 1:colcon.colcon_core.package_identification:_identify(examples/rclpy/actions/minimal_action_server) by extensions ['colcon_meta']
[0.417s] Level 1:colcon.colcon_core.package_identification:_identify(examples/rclpy/actions/minimal_action_server) by extension 'colcon_meta'
[0.417s] Level 1:colcon.colcon_core.package_identification:_identify(examples/rclpy/actions/minimal_action_server) by extensions ['ros']
[0.417s] Level 1:colcon.colcon_core.package_identification:_identify(examples/rclpy/actions/minimal_action_server) by extension 'ros'
[0.417s] DEBUG:colcon.colcon_core.package_identification:Package 'examples/rclpy/actions/minimal_action_server' with type 'ros.ament_python' and name 'examples_rclpy_minimal_action_server'
[0.417s] Level 1:colcon.colcon_core.package_identification:_identify(examples/rclpy/executors) by extensions ['ignore', 'ignore_ament_install']
[0.417s] Level 1:colcon.colcon_core.package_identification:_identify(examples/rclpy/executors) by extension 'ignore'
[0.417s] Level 1:colcon.colcon_core.package_identification:_identify(examples/rclpy/executors) by extension 'ignore_ament_install'
[0.417s] Level 1:colcon.colcon_core.package_identification:_identify(examples/rclpy/executors) by extensions ['colcon_pkg']
[0.417s] Level 1:colcon.colcon_core.package_identification:_identify(examples/rclpy/executors) by extension 'colcon_pkg'
[0.418s] Level 1:colcon.colcon_core.package_identification:_identify(examples/rclpy/executors) by extensions ['colcon_meta']
[0.418s] Level 1:colcon.colcon_core.package_identification:_identify(examples/rclpy/executors) by extension 'colcon_meta'
[0.418s] Level 1:colcon.colcon_core.package_identification:_identify(examples/rclpy/executors) by extensions ['ros']
[0.418s] Level 1:colcon.colcon_core.package_identification:_identify(examples/rclpy/executors) by extension 'ros'
[0.418s] DEBUG:colcon.colcon_core.package_identification:Package 'examples/rclpy/executors' with type 'ros.ament_python' and name 'examples_rclpy_executors'
[0.418s] Level 1:colcon.colcon_core.package_identification:_identify(examples/rclpy/services) by extensions ['ignore', 'ignore_ament_install']
[0.418s] Level 1:colcon.colcon_core.package_identification:_identify(examples/rclpy/services) by extension 'ignore'
[0.418s] Level 1:colcon.colcon_core.package_identification:_identify(examples/rclpy/services) by extension 'ignore_ament_install'
[0.418s] Level 1:colcon.colcon_core.package_identification:_identify(examples/rclpy/services) by extensions ['colcon_pkg']
[0.418s] Level 1:colcon.colcon_core.package_identification:_identify(examples/rclpy/services) by extension 'colcon_pkg'
[0.419s] Level 1:colcon.colcon_core.package_identification:_identify(examples/rclpy/services) by extensions ['colcon_meta']
[0.419s] Level 1:colcon.colcon_core.package_identification:_identify(examples/rclpy/services) by extension 'colcon_meta'
[0.419s] Level 1:colcon.colcon_core.package_identification:_identify(examples/rclpy/services) by extensions ['ros']
[0.419s] Level 1:colcon.colcon_core.package_identification:_identify(examples/rclpy/services) by extension 'ros'
[0.419s] Level 1:colcon.colcon_core.package_identification:_identify(examples/rclpy/services) by extensions ['cmake', 'python']
[0.419s] Level 1:colcon.colcon_core.package_identification:_identify(examples/rclpy/services) by extension 'cmake'
[0.419s] Level 1:colcon.colcon_core.package_identification:_identify(examples/rclpy/services) by extension 'python'
[0.419s] Level 1:colcon.colcon_core.package_identification:_identify(examples/rclpy/services) by extensions ['python_setup_py']
[0.419s] Level 1:colcon.colcon_core.package_identification:_identify(examples/rclpy/services) by extension 'python_setup_py'
[0.419s] Level 1:colcon.colcon_core.package_identification:_identify(examples/rclpy/services/minimal_client) by extensions ['ignore', 'ignore_ament_install']
[0.419s] Level 1:colcon.colcon_core.package_identification:_identify(examples/rclpy/services/minimal_client) by extension 'ignore'
[0.419s] Level 1:colcon.colcon_core.package_identification:_identify(examples/rclpy/services/minimal_client) by extension 'ignore_ament_install'
[0.419s] Level 1:colcon.colcon_core.package_identification:_identify(examples/rclpy/services/minimal_client) by extensions ['colcon_pkg']
[0.419s] Level 1:colcon.colcon_core.package_identification:_identify(examples/rclpy/services/minimal_client) by extension 'colcon_pkg'
[0.419s] Level 1:colcon.colcon_core.package_identification:_identify(examples/rclpy/services/minimal_client) by extensions ['colcon_meta']
[0.419s] Level 1:colcon.colcon_core.package_identification:_identify(examples/rclpy/services/minimal_client) by extension 'colcon_meta'
[0.419s] Level 1:colcon.colcon_core.package_identification:_identify(examples/rclpy/services/minimal_client) by extensions ['ros']
[0.419s] Level 1:colcon.colcon_core.package_identification:_identify(examples/rclpy/services/minimal_client) by extension 'ros'
[0.420s] DEBUG:colcon.colcon_core.package_identification:Package 'examples/rclpy/services/minimal_client' with type 'ros.ament_python' and name 'examples_rclpy_minimal_client'
[0.420s] Level 1:colcon.colcon_core.package_identification:_identify(examples/rclpy/services/minimal_service) by extensions ['ignore', 'ignore_ament_install']
[0.420s] Level 1:colcon.colcon_core.package_identification:_identify(examples/rclpy/services/minimal_service) by extension 'ignore'
[0.420s] Level 1:colcon.colcon_core.package_identification:_identify(examples/rclpy/services/minimal_service) by extension 'ignore_ament_install'
[0.420s] Level 1:colcon.colcon_core.package_identification:_identify(examples/rclpy/services/minimal_service) by extensions ['colcon_pkg']
[0.420s] Level 1:colcon.colcon_core.package_identification:_identify(examples/rclpy/services/minimal_service) by extension 'colcon_pkg'
[0.420s] Level 1:colcon.colcon_core.package_identification:_identify(examples/rclpy/services/minimal_service) by extensions ['colcon_meta']
[0.420s] Level 1:colcon.colcon_core.package_identification:_identify(examples/rclpy/services/minimal_service) by extension 'colcon_meta'
[0.420s] Level 1:colcon.colcon_core.package_identification:_identify(examples/rclpy/services/minimal_service) by extensions ['ros']
[0.420s] Level 1:colcon.colcon_core.package_identification:_identify(examples/rclpy/services/minimal_service) by extension 'ros'
[0.421s] DEBUG:colcon.colcon_core.package_identification:Package 'examples/rclpy/services/minimal_service' with type 'ros.ament_python' and name 'examples_rclpy_minimal_service'
[0.421s] Level 1:colcon.colcon_core.package_identification:_identify(examples/rclpy/topics) by extensions ['ignore', 'ignore_ament_install']
[0.421s] Level 1:colcon.colcon_core.package_identification:_identify(examples/rclpy/topics) by extension 'ignore'
[0.421s] Level 1:colcon.colcon_core.package_identification:_identify(examples/rclpy/topics) by extension 'ignore_ament_install'
[0.421s] Level 1:colcon.colcon_core.package_identification:_identify(examples/rclpy/topics) by extensions ['colcon_pkg']
[0.421s] Level 1:colcon.colcon_core.package_identification:_identify(examples/rclpy/topics) by extension 'colcon_pkg'
[0.421s] Level 1:colcon.colcon_core.package_identification:_identify(examples/rclpy/topics) by extensions ['colcon_meta']
[0.421s] Level 1:colcon.colcon_core.package_identification:_identify(examples/rclpy/topics) by extension 'colcon_meta'
[0.421s] Level 1:colcon.colcon_core.package_identification:_identify(examples/rclpy/topics) by extensions ['ros']
[0.421s] Level 1:colcon.colcon_core.package_identification:_identify(examples/rclpy/topics) by extension 'ros'
[0.422s] Level 1:colcon.colcon_core.package_identification:_identify(examples/rclpy/topics) by extensions ['cmake', 'python']
[0.422s] Level 1:colcon.colcon_core.package_identification:_identify(examples/rclpy/topics) by extension 'cmake'
[0.422s] Level 1:colcon.colcon_core.package_identification:_identify(examples/rclpy/topics) by extension 'python'
[0.422s] Level 1:colcon.colcon_core.package_identification:_identify(examples/rclpy/topics) by extensions ['python_setup_py']
[0.422s] Level 1:colcon.colcon_core.package_identification:_identify(examples/rclpy/topics) by extension 'python_setup_py'
[0.422s] Level 1:colcon.colcon_core.package_identification:_identify(examples/rclpy/topics/minimal_publisher) by extensions ['ignore', 'ignore_ament_install']
[0.422s] Level 1:colcon.colcon_core.package_identification:_identify(examples/rclpy/topics/minimal_publisher) by extension 'ignore'
[0.422s] Level 1:colcon.colcon_core.package_identification:_identify(examples/rclpy/topics/minimal_publisher) by extension 'ignore_ament_install'
[0.422s] Level 1:colcon.colcon_core.package_identification:_identify(examples/rclpy/topics/minimal_publisher) by extensions ['colcon_pkg']
[0.422s] Level 1:colcon.colcon_core.package_identification:_identify(examples/rclpy/topics/minimal_publisher) by extension 'colcon_pkg'
[0.422s] Level 1:colcon.colcon_core.package_identification:_identify(examples/rclpy/topics/minimal_publisher) by extensions ['colcon_meta']
[0.422s] Level 1:colcon.colcon_core.package_identification:_identify(examples/rclpy/topics/minimal_publisher) by extension 'colcon_meta'
[0.422s] Level 1:colcon.colcon_core.package_identification:_identify(examples/rclpy/topics/minimal_publisher) by extensions ['ros']
[0.422s] Level 1:colcon.colcon_core.package_identification:_identify(examples/rclpy/topics/minimal_publisher) by extension 'ros'
[0.423s] DEBUG:colcon.colcon_core.package_identification:Package 'examples/rclpy/topics/minimal_publisher' with type 'ros.ament_python' and name 'examples_rclpy_minimal_publisher'
[0.423s] Level 1:colcon.colcon_core.package_identification:_identify(examples/rclpy/topics/minimal_subscriber) by extensions ['ignore', 'ignore_ament_install']
[0.423s] Level 1:colcon.colcon_core.package_identification:_identify(examples/rclpy/topics/minimal_subscriber) by extension 'ignore'
[0.423s] Level 1:colcon.colcon_core.package_identification:_identify(examples/rclpy/topics/minimal_subscriber) by extension 'ignore_ament_install'
[0.423s] Level 1:colcon.colcon_core.package_identification:_identify(examples/rclpy/topics/minimal_subscriber) by extensions ['colcon_pkg']
[0.423s] Level 1:colcon.colcon_core.package_identification:_identify(examples/rclpy/topics/minimal_subscriber) by extension 'colcon_pkg'
[0.423s] Level 1:colcon.colcon_core.package_identification:_identify(examples/rclpy/topics/minimal_subscriber) by extensions ['colcon_meta']
[0.423s] Level 1:colcon.colcon_core.package_identification:_identify(examples/rclpy/topics/minimal_subscriber) by extension 'colcon_meta'
[0.423s] Level 1:colcon.colcon_core.package_identification:_identify(examples/rclpy/topics/minimal_subscriber) by extensions ['ros']
[0.423s] Level 1:colcon.colcon_core.package_identification:_identify(examples/rclpy/topics/minimal_subscriber) by extension 'ros'
[0.424s] DEBUG:colcon.colcon_core.package_identification:Package 'examples/rclpy/topics/minimal_subscriber' with type 'ros.ament_python' and name 'examples_rclpy_minimal_subscriber'
[0.424s] Level 1:colcon.colcon_core.package_identification:_identify(install) by extensions ['ignore', 'ignore_ament_install']
[0.424s] Level 1:colcon.colcon_core.package_identification:_identify(install) by extension 'ignore'
[0.424s] Level 1:colcon.colcon_core.package_identification:_identify(install) ignored
[0.424s] Level 1:colcon.colcon_core.package_identification:_identify(log) by extensions ['ignore', 'ignore_ament_install']
[0.424s] Level 1:colcon.colcon_core.package_identification:_identify(log) by extension 'ignore'
[0.424s] Level 1:colcon.colcon_core.package_identification:_identify(log) ignored
[0.424s] Level 1:colcon.colcon_core.package_identification:_identify(py_pubsub) by extensions ['ignore', 'ignore_ament_install']
[0.424s] Level 1:colcon.colcon_core.package_identification:_identify(py_pubsub) by extension 'ignore'
[0.424s] Level 1:colcon.colcon_core.package_identification:_identify(py_pubsub) by extension 'ignore_ament_install'
[0.424s] Level 1:colcon.colcon_core.package_identification:_identify(py_pubsub) by extensions ['colcon_pkg']
[0.424s] Level 1:colcon.colcon_core.package_identification:_identify(py_pubsub) by extension 'colcon_pkg'
[0.424s] Level 1:colcon.colcon_core.package_identification:_identify(py_pubsub) by extensions ['colcon_meta']
[0.424s] Level 1:colcon.colcon_core.package_identification:_identify(py_pubsub) by extension 'colcon_meta'
[0.424s] Level 1:colcon.colcon_core.package_identification:_identify(py_pubsub) by extensions ['ros']
[0.425s] Level 1:colcon.colcon_core.package_identification:_identify(py_pubsub) by extension 'ros'
[0.425s] DEBUG:colcon.colcon_core.package_identification:Package 'py_pubsub' with type 'ros.ament_python' and name 'py_pubsub'
[0.425s] Level 1:colcon.colcon_core.package_identification:_identify(py_srvcli) by extensions ['ignore', 'ignore_ament_install']
[0.425s] Level 1:colcon.colcon_core.package_identification:_identify(py_srvcli) by extension 'ignore'
[0.425s] Level 1:colcon.colcon_core.package_identification:_identify(py_srvcli) by extension 'ignore_ament_install'
[0.425s] Level 1:colcon.colcon_core.package_identification:_identify(py_srvcli) by extensions ['colcon_pkg']
[0.425s] Level 1:colcon.colcon_core.package_identification:_identify(py_srvcli) by extension 'colcon_pkg'
[0.425s] Level 1:colcon.colcon_core.package_identification:_identify(py_srvcli) by extensions ['colcon_meta']
[0.425s] Level 1:colcon.colcon_core.package_identification:_identify(py_srvcli) by extension 'colcon_meta'
[0.425s] Level 1:colcon.colcon_core.package_identification:_identify(py_srvcli) by extensions ['ros']
[0.425s] Level 1:colcon.colcon_core.package_identification:_identify(py_srvcli) by extension 'ros'
[0.426s] DEBUG:colcon.colcon_core.package_identification:Package 'py_srvcli' with type 'ros.ament_python' and name 'py_srvcli'
[0.426s] Level 1:colcon.colcon_core.package_identification:_identify(ros_tutorials) by extensions ['ignore', 'ignore_ament_install']
[0.426s] Level 1:colcon.colcon_core.package_identification:_identify(ros_tutorials) by extension 'ignore'
[0.426s] Level 1:colcon.colcon_core.package_identification:_identify(ros_tutorials) by extension 'ignore_ament_install'
[0.426s] Level 1:colcon.colcon_core.package_identification:_identify(ros_tutorials) by extensions ['colcon_pkg']
[0.426s] Level 1:colcon.colcon_core.package_identification:_identify(ros_tutorials) by extension 'colcon_pkg'
[0.426s] Level 1:colcon.colcon_core.package_identification:_identify(ros_tutorials) by extensions ['colcon_meta']
[0.427s] Level 1:colcon.colcon_core.package_identification:_identify(ros_tutorials) by extension 'colcon_meta'
[0.427s] Level 1:colcon.colcon_core.package_identification:_identify(ros_tutorials) by extensions ['ros']
[0.427s] Level 1:colcon.colcon_core.package_identification:_identify(ros_tutorials) by extension 'ros'
[0.427s] Level 1:colcon.colcon_core.package_identification:_identify(ros_tutorials) by extensions ['cmake', 'python']
[0.427s] Level 1:colcon.colcon_core.package_identification:_identify(ros_tutorials) by extension 'cmake'
[0.427s] Level 1:colcon.colcon_core.package_identification:_identify(ros_tutorials) by extension 'python'
[0.427s] Level 1:colcon.colcon_core.package_identification:_identify(ros_tutorials) by extensions ['python_setup_py']
[0.427s] Level 1:colcon.colcon_core.package_identification:_identify(ros_tutorials) by extension 'python_setup_py'
[0.427s] Level 1:colcon.colcon_core.package_identification:_identify(ros_tutorials/ros_tutorials) by extensions ['ignore', 'ignore_ament_install']
[0.427s] Level 1:colcon.colcon_core.package_identification:_identify(ros_tutorials/ros_tutorials) by extension 'ignore'
[0.427s] Level 1:colcon.colcon_core.package_identification:_identify(ros_tutorials/ros_tutorials) ignored
[0.427s] Level 1:colcon.colcon_core.package_identification:_identify(ros_tutorials/roscpp_tutorials) by extensions ['ignore', 'ignore_ament_install']
[0.427s] Level 1:colcon.colcon_core.package_identification:_identify(ros_tutorials/roscpp_tutorials) by extension 'ignore'
[0.427s] Level 1:colcon.colcon_core.package_identification:_identify(ros_tutorials/roscpp_tutorials) ignored
[0.427s] Level 1:colcon.colcon_core.package_identification:_identify(ros_tutorials/rospy_tutorials) by extensions ['ignore', 'ignore_ament_install']
[0.427s] Level 1:colcon.colcon_core.package_identification:_identify(ros_tutorials/rospy_tutorials) by extension 'ignore'
[0.427s] Level 1:colcon.colcon_core.package_identification:_identify(ros_tutorials/rospy_tutorials) ignored
[0.427s] Level 1:colcon.colcon_core.package_identification:_identify(ros_tutorials/turtlesim) by extensions ['ignore', 'ignore_ament_install']
[0.428s] Level 1:colcon.colcon_core.package_identification:_identify(ros_tutorials/turtlesim) by extension 'ignore'
[0.428s] Level 1:colcon.colcon_core.package_identification:_identify(ros_tutorials/turtlesim) by extension 'ignore_ament_install'
[0.428s] Level 1:colcon.colcon_core.package_identification:_identify(ros_tutorials/turtlesim) by extensions ['colcon_pkg']
[0.428s] Level 1:colcon.colcon_core.package_identification:_identify(ros_tutorials/turtlesim) by extension 'colcon_pkg'
[0.428s] Level 1:colcon.colcon_core.package_identification:_identify(ros_tutorials/turtlesim) by extensions ['colcon_meta']
[0.428s] Level 1:colcon.colcon_core.package_identification:_identify(ros_tutorials/turtlesim) by extension 'colcon_meta'
[0.428s] Level 1:colcon.colcon_core.package_identification:_identify(ros_tutorials/turtlesim) by extensions ['ros']
[0.428s] Level 1:colcon.colcon_core.package_identification:_identify(ros_tutorials/turtlesim) by extension 'ros'
[0.430s] DEBUG:colcon.colcon_core.package_identification:Package 'ros_tutorials/turtlesim' with type 'ros.ament_cmake' and name 'turtlesim'
[0.430s] Level 1:colcon.colcon_core.package_discovery:discover_packages(recursive) using defaults
[0.430s] Level 1:colcon.colcon_core.package_discovery:discover_packages(ignore) discover
[0.430s] Level 1:colcon.colcon_core.package_discovery:discover_packages(ignore) using defaults
[0.430s] Level 1:colcon.colcon_core.package_discovery:discover_packages(path) discover
[0.430s] Level 1:colcon.colcon_core.package_discovery:discover_packages(path) using defaults
[0.457s] INFO:colcon.colcon_core.package_selection:Skipping not selected package 'cpp_pubsub' in 'cpp_pubsub'
[0.457s] INFO:colcon.colcon_core.package_selection:Skipping not selected package 'cpp_srvcli' in 'cpp_srvcli'
[0.457s] INFO:colcon.colcon_core.package_selection:Skipping not selected package 'examples_rclcpp_minimal_action_client' in 'examples/rclcpp/actions/minimal_action_client'
[0.457s] INFO:colcon.colcon_core.package_selection:Skipping not selected package 'examples_rclcpp_minimal_action_server' in 'examples/rclcpp/actions/minimal_action_server'
[0.458s] INFO:colcon.colcon_core.package_selection:Skipping not selected package 'examples_rclcpp_minimal_client' in 'examples/rclcpp/services/minimal_client'
[0.458s] INFO:colcon.colcon_core.package_selection:Skipping not selected package 'examples_rclcpp_minimal_composition' in 'examples/rclcpp/composition/minimal_composition'
[0.458s] INFO:colcon.colcon_core.package_selection:Skipping not selected package 'examples_rclcpp_minimal_publisher' in 'examples/rclcpp/topics/minimal_publisher'
[0.458s] INFO:colcon.colcon_core.package_selection:Skipping not selected package 'examples_rclcpp_minimal_service' in 'examples/rclcpp/services/minimal_service'
[0.458s] INFO:colcon.colcon_core.package_selection:Skipping not selected package 'examples_rclcpp_minimal_subscriber' in 'examples/rclcpp/topics/minimal_subscriber'
[0.458s] INFO:colcon.colcon_core.package_selection:Skipping not selected package 'examples_rclcpp_minimal_timer' in 'examples/rclcpp/timers/minimal_timer'
[0.458s] INFO:colcon.colcon_core.package_selection:Skipping not selected package 'examples_rclcpp_multithreaded_executor' in 'examples/rclcpp/executors/multithreaded_executor'
[0.458s] INFO:colcon.colcon_core.package_selection:Skipping not selected package 'examples_rclpy_executors' in 'examples/rclpy/executors'
[0.458s] INFO:colcon.colcon_core.package_selection:Skipping not selected package 'examples_rclpy_minimal_action_client' in 'examples/rclpy/actions/minimal_action_client'
[0.458s] INFO:colcon.colcon_core.package_selection:Skipping not selected package 'examples_rclpy_minimal_action_server' in 'examples/rclpy/actions/minimal_action_server'
[0.458s] INFO:colcon.colcon_core.package_selection:Skipping not selected package 'examples_rclpy_minimal_client' in 'examples/rclpy/services/minimal_client'
[0.458s] INFO:colcon.colcon_core.package_selection:Skipping not selected package 'examples_rclpy_minimal_publisher' in 'examples/rclpy/topics/minimal_publisher'
[0.458s] INFO:colcon.colcon_core.package_selection:Skipping not selected package 'examples_rclpy_minimal_service' in 'examples/rclpy/services/minimal_service'
[0.458s] INFO:colcon.colcon_core.package_selection:Skipping not selected package 'examples_rclpy_minimal_subscriber' in 'examples/rclpy/topics/minimal_subscriber'
[0.458s] INFO:colcon.colcon_core.package_selection:Skipping not selected package 'py_pubsub' in 'py_pubsub'
[0.458s] INFO:colcon.colcon_core.package_selection:Skipping not selected package 'turtlesim' in 'ros_tutorials/turtlesim'
[0.458s] Level 1:colcon.colcon_core.package_discovery:discover_packages(prefix_path) check parameters
[0.458s] Level 1:colcon.colcon_core.package_discovery:discover_packages(prefix_path) discover
[0.460s] DEBUG:colcon.colcon_installed_package_information.package_discovery:Found 277 installed packages in /opt/ros/foxy
[0.462s] Level 1:colcon.colcon_core.package_discovery:discover_packages(prefix_path) using defaults
[0.520s] Level 5:colcon.colcon_core.verb:set package 'py_srvcli' build argument 'cmake_args' from command line to 'None'
[0.520s] Level 5:colcon.colcon_core.verb:set package 'py_srvcli' build argument 'cmake_target' from command line to 'None'
[0.520s] Level 5:colcon.colcon_core.verb:set package 'py_srvcli' build argument 'cmake_target_skip_unavailable' from command line to 'False'
[0.520s] Level 5:colcon.colcon_core.verb:set package 'py_srvcli' build argument 'cmake_clean_cache' from command line to 'False'
[0.520s] Level 5:colcon.colcon_core.verb:set package 'py_srvcli' build argument 'cmake_clean_first' from command line to 'False'
[0.520s] Level 5:colcon.colcon_core.verb:set package 'py_srvcli' build argument 'cmake_force_configure' from command line to 'False'
[0.520s] Level 5:colcon.colcon_core.verb:set package 'py_srvcli' build argument 'ament_cmake_args' from command line to 'None'
[0.520s] Level 5:colcon.colcon_core.verb:set package 'py_srvcli' build argument 'catkin_cmake_args' from command line to 'None'
[0.520s] Level 5:colcon.colcon_core.verb:set package 'py_srvcli' build argument 'catkin_skip_building_tests' from command line to 'False'
[0.521s] DEBUG:colcon.colcon_core.verb:Building package 'py_srvcli' with the following arguments: {'ament_cmake_args': None, 'build_base': '/home/caros/DEV/ROS_DEV/ros2_dev/src/build/py_srvcli', 'catkin_cmake_args': None, 'catkin_skip_building_tests': False, 'cmake_args': None, 'cmake_clean_cache': False, 'cmake_clean_first': False, 'cmake_force_configure': False, 'cmake_target': None, 'cmake_target_skip_unavailable': False, 'install_base': '/home/caros/DEV/ROS_DEV/ros2_dev/src/install/py_srvcli', 'merge_install': False, 'path': '/home/caros/DEV/ROS_DEV/ros2_dev/src/py_srvcli', 'symlink_install': False, 'test_result_base': None}
[0.521s] INFO:colcon.colcon_core.executor:Executing jobs using 'parallel' executor
[0.522s] DEBUG:colcon.colcon_parallel_executor.executor.parallel:run_until_complete
[0.522s] INFO:colcon.colcon_ros.task.ament_python.build:Building ROS package in '/home/caros/DEV/ROS_DEV/ros2_dev/src/py_srvcli' with build type 'ament_python'
[0.522s] Level 1:colcon.colcon_core.shell:create_environment_hook('py_srvcli', 'ament_prefix_path')
[0.525s] INFO:colcon.colcon_core.plugin_system:Skipping extension 'colcon_core.shell.bat': Not used on non-Windows systems
[0.525s] INFO:colcon.colcon_core.shell:Creating environment hook '/home/caros/DEV/ROS_DEV/ros2_dev/src/install/py_srvcli/share/py_srvcli/hook/ament_prefix_path.ps1'
[0.526s] INFO:colcon.colcon_core.shell:Creating environment descriptor '/home/caros/DEV/ROS_DEV/ros2_dev/src/install/py_srvcli/share/py_srvcli/hook/ament_prefix_path.dsv'
[0.527s] INFO:colcon.colcon_core.shell:Creating environment hook '/home/caros/DEV/ROS_DEV/ros2_dev/src/install/py_srvcli/share/py_srvcli/hook/ament_prefix_path.sh'
[0.527s] INFO:colcon.colcon_core.shell:Skip shell extension 'powershell' for command environment: Not usable outside of PowerShell
[0.527s] DEBUG:colcon.colcon_core.shell:Skip shell extension 'dsv' for command environment
[0.784s] INFO:colcon.colcon_core.task.python.build:Building Python package in '/home/caros/DEV/ROS_DEV/ros2_dev/src/py_srvcli'
[0.786s] INFO:colcon.colcon_core.shell:Skip shell extension 'powershell' for command environment: Not usable outside of PowerShell
[0.786s] DEBUG:colcon.colcon_core.shell:Skip shell extension 'dsv' for command environment
[1.201s] DEBUG:colcon.colcon_core.event_handler.log_command:Invoking command in '/home/caros/DEV/ROS_DEV/ros2_dev/src/py_srvcli': PYTHONPATH=/home/caros/DEV/ROS_DEV/ros2_dev/src/build/py_srvcli/prefix_override:/usr/lib/python3/dist-packages/colcon_core/task/python/colcon_distutils_commands:/home/caros/DEV/ROS_DEV/ros2_dev/src/install/py_srvcli/lib/python3.8/site-packages:${PYTHONPATH} /usr/bin/python3 -W ignore:setup.py install is deprecated -W ignore:easy_install command is deprecated setup.py egg_info --egg-base ../build/py_srvcli build --build-base /home/caros/DEV/ROS_DEV/ros2_dev/src/build/py_srvcli/build install --record /home/caros/DEV/ROS_DEV/ros2_dev/src/build/py_srvcli/install.log --install-scripts $base/lib/py_srvcli --single-version-externally-managed install_data
[1.493s] DEBUG:colcon.colcon_core.event_handler.log_command:Invoked command in '/home/caros/DEV/ROS_DEV/ros2_dev/src/py_srvcli' returned '0': PYTHONPATH=/home/caros/DEV/ROS_DEV/ros2_dev/src/build/py_srvcli/prefix_override:/usr/lib/python3/dist-packages/colcon_core/task/python/colcon_distutils_commands:/home/caros/DEV/ROS_DEV/ros2_dev/src/install/py_srvcli/lib/python3.8/site-packages:${PYTHONPATH} /usr/bin/python3 -W ignore:setup.py install is deprecated -W ignore:easy_install command is deprecated setup.py egg_info --egg-base ../build/py_srvcli build --build-base /home/caros/DEV/ROS_DEV/ros2_dev/src/build/py_srvcli/build install --record /home/caros/DEV/ROS_DEV/ros2_dev/src/build/py_srvcli/install.log --install-scripts $base/lib/py_srvcli --single-version-externally-managed install_data
[1.500s] Level 1:colcon.colcon_core.environment:checking '/home/caros/DEV/ROS_DEV/ros2_dev/src/install/py_srvcli' for CMake module files
[1.501s] Level 1:colcon.colcon_core.environment:checking '/home/caros/DEV/ROS_DEV/ros2_dev/src/install/py_srvcli' for CMake config files
[1.503s] Level 1:colcon.colcon_core.environment:checking '/home/caros/DEV/ROS_DEV/ros2_dev/src/install/py_srvcli/lib'
[1.503s] Level 1:colcon.colcon_core.environment:checking '/home/caros/DEV/ROS_DEV/ros2_dev/src/install/py_srvcli/bin'
[1.503s] Level 1:colcon.colcon_core.environment:checking '/home/caros/DEV/ROS_DEV/ros2_dev/src/install/py_srvcli/lib/pkgconfig/py_srvcli.pc'
[1.504s] Level 1:colcon.colcon_core.environment:checking '/home/caros/DEV/ROS_DEV/ros2_dev/src/install/py_srvcli/lib/python3.8/site-packages'
[1.504s] Level 1:colcon.colcon_core.shell:create_environment_hook('py_srvcli', 'pythonpath')
[1.505s] INFO:colcon.colcon_core.shell:Creating environment hook '/home/caros/DEV/ROS_DEV/ros2_dev/src/install/py_srvcli/share/py_srvcli/hook/pythonpath.ps1'
[1.506s] INFO:colcon.colcon_core.shell:Creating environment descriptor '/home/caros/DEV/ROS_DEV/ros2_dev/src/install/py_srvcli/share/py_srvcli/hook/pythonpath.dsv'
[1.507s] INFO:colcon.colcon_core.shell:Creating environment hook '/home/caros/DEV/ROS_DEV/ros2_dev/src/install/py_srvcli/share/py_srvcli/hook/pythonpath.sh'
[1.508s] Level 1:colcon.colcon_core.environment:checking '/home/caros/DEV/ROS_DEV/ros2_dev/src/install/py_srvcli/bin'
[1.508s] Level 1:colcon.colcon_core.environment:create_environment_scripts_only(py_srvcli)
[1.508s] INFO:colcon.colcon_core.shell:Creating package script '/home/caros/DEV/ROS_DEV/ros2_dev/src/install/py_srvcli/share/py_srvcli/package.ps1'
[1.510s] INFO:colcon.colcon_core.shell:Creating package descriptor '/home/caros/DEV/ROS_DEV/ros2_dev/src/install/py_srvcli/share/py_srvcli/package.dsv'
[1.511s] INFO:colcon.colcon_core.shell:Creating package script '/home/caros/DEV/ROS_DEV/ros2_dev/src/install/py_srvcli/share/py_srvcli/package.sh'
[1.512s] INFO:colcon.colcon_core.shell:Creating package script '/home/caros/DEV/ROS_DEV/ros2_dev/src/install/py_srvcli/share/py_srvcli/package.bash'
[1.514s] INFO:colcon.colcon_core.shell:Creating package script '/home/caros/DEV/ROS_DEV/ros2_dev/src/install/py_srvcli/share/py_srvcli/package.zsh'
[1.515s] Level 1:colcon.colcon_core.environment:create_file_with_runtime_dependencies(/home/caros/DEV/ROS_DEV/ros2_dev/src/install/py_srvcli/share/colcon-core/packages/py_srvcli)
[1.515s] DEBUG:colcon.colcon_parallel_executor.executor.parallel:closing loop
[1.516s] DEBUG:colcon.colcon_parallel_executor.executor.parallel:loop closed
[1.516s] DEBUG:colcon.colcon_parallel_executor.executor.parallel:run_until_complete finished with '0'
[1.516s] DEBUG:colcon.colcon_core.event_reactor:joining thread
[1.530s] INFO:colcon.colcon_core.plugin_system:Skipping extension 'colcon_notification.desktop_notification.terminal_notifier': Not used on non-Darwin systems
[1.530s] INFO:colcon.colcon_core.plugin_system:Skipping extension 'colcon_notification.desktop_notification.win32': Not used on non-Windows systems
[1.530s] INFO:colcon.colcon_notification.desktop_notification:Sending desktop notification using 'notify2'
[1.565s] DEBUG:colcon.colcon_core.event_reactor:joined thread
[1.566s] INFO:colcon.colcon_core.shell:Creating prefix script '/home/caros/DEV/ROS_DEV/ros2_dev/src/install/local_setup.ps1'
[1.569s] INFO:colcon.colcon_core.shell:Creating prefix util module '/home/caros/DEV/ROS_DEV/ros2_dev/src/install/_local_setup_util_ps1.py'
[1.573s] INFO:colcon.colcon_core.shell:Creating prefix chain script '/home/caros/DEV/ROS_DEV/ros2_dev/src/install/setup.ps1'
[1.575s] INFO:colcon.colcon_core.shell:Creating prefix script '/home/caros/DEV/ROS_DEV/ros2_dev/src/install/local_setup.sh'
[1.577s] INFO:colcon.colcon_core.shell:Creating prefix util module '/home/caros/DEV/ROS_DEV/ros2_dev/src/install/_local_setup_util_sh.py'
[1.578s] INFO:colcon.colcon_core.shell:Creating prefix chain script '/home/caros/DEV/ROS_DEV/ros2_dev/src/install/setup.sh'
[1.579s] INFO:colcon.colcon_core.shell:Creating prefix script '/home/caros/DEV/ROS_DEV/ros2_dev/src/install/local_setup.bash'
[1.580s] INFO:colcon.colcon_core.shell:Creating prefix chain script '/home/caros/DEV/ROS_DEV/ros2_dev/src/install/setup.bash'
[1.582s] INFO:colcon.colcon_core.shell:Creating prefix script '/home/caros/DEV/ROS_DEV/ros2_dev/src/install/local_setup.zsh'
[1.583s] INFO:colcon.colcon_core.shell:Creating prefix chain script '/home/caros/DEV/ROS_DEV/ros2_dev/src/install/setup.zsh'
