[0.676s] Invoking command in '/home/caros/DEV/ROS_DEV/ros2_dev/src/py_srvcli': PYTHONPATH=/home/caros/DEV/ROS_DEV/ros2_dev/src/build/py_srvcli/prefix_override:/usr/lib/python3/dist-packages/colcon_core/task/python/colcon_distutils_commands:/home/caros/DEV/ROS_DEV/ros2_dev/src/install/py_srvcli/lib/python3.8/site-packages:${PYTHONPATH} /usr/bin/python3 -W ignore:setup.py install is deprecated -W ignore:easy_install command is deprecated setup.py egg_info --egg-base ../build/py_srvcli build --build-base /home/caros/DEV/ROS_DEV/ros2_dev/src/build/py_srvcli/build install --record /home/caros/DEV/ROS_DEV/ros2_dev/src/build/py_srvcli/install.log --install-scripts $base/lib/py_srvcli --single-version-externally-managed install_data
[0.886s] running egg_info
[0.887s] creating ../build/py_srvcli/py_srvcli.egg-info
[0.887s] writing ../build/py_srvcli/py_srvcli.egg-info/PKG-INFO
[0.887s] writing dependency_links to ../build/py_srvcli/py_srvcli.egg-info/dependency_links.txt
[0.887s] writing entry points to ../build/py_srvcli/py_srvcli.egg-info/entry_points.txt
[0.887s] writing requirements to ../build/py_srvcli/py_srvcli.egg-info/requires.txt
[0.888s] writing top-level names to ../build/py_srvcli/py_srvcli.egg-info/top_level.txt
[0.888s] writing manifest file '../build/py_srvcli/py_srvcli.egg-info/SOURCES.txt'
[0.921s] reading manifest file '../build/py_srvcli/py_srvcli.egg-info/SOURCES.txt'
[0.922s] writing manifest file '../build/py_srvcli/py_srvcli.egg-info/SOURCES.txt'
[0.922s] running build
[0.922s] running build_py
[0.922s] creating /home/caros/DEV/ROS_DEV/ros2_dev/src/build/py_srvcli/build
[0.923s] creating /home/caros/DEV/ROS_DEV/ros2_dev/src/build/py_srvcli/build/lib
[0.923s] creating /home/caros/DEV/ROS_DEV/ros2_dev/src/build/py_srvcli/build/lib/py_srvcli
[0.923s] copying py_srvcli/service_member_function.py -> /home/caros/DEV/ROS_DEV/ros2_dev/src/build/py_srvcli/build/lib/py_srvcli
[0.923s] copying py_srvcli/__init__.py -> /home/caros/DEV/ROS_DEV/ros2_dev/src/build/py_srvcli/build/lib/py_srvcli
[0.923s] copying py_srvcli/client_member_function.py -> /home/caros/DEV/ROS_DEV/ros2_dev/src/build/py_srvcli/build/lib/py_srvcli
[0.924s] running install
[0.924s] running install_lib
[0.924s] creating /home/caros/DEV/ROS_DEV/ros2_dev/src/install/py_srvcli/lib/python3.8/site-packages/py_srvcli
[0.924s] copying /home/caros/DEV/ROS_DEV/ros2_dev/src/build/py_srvcli/build/lib/py_srvcli/service_member_function.py -> /home/caros/DEV/ROS_DEV/ros2_dev/src/install/py_srvcli/lib/python3.8/site-packages/py_srvcli
[0.925s] copying /home/caros/DEV/ROS_DEV/ros2_dev/src/build/py_srvcli/build/lib/py_srvcli/__init__.py -> /home/caros/DEV/ROS_DEV/ros2_dev/src/install/py_srvcli/lib/python3.8/site-packages/py_srvcli
[0.925s] copying /home/caros/DEV/ROS_DEV/ros2_dev/src/build/py_srvcli/build/lib/py_srvcli/client_member_function.py -> /home/caros/DEV/ROS_DEV/ros2_dev/src/install/py_srvcli/lib/python3.8/site-packages/py_srvcli
[0.925s] byte-compiling /home/caros/DEV/ROS_DEV/ros2_dev/src/install/py_srvcli/lib/python3.8/site-packages/py_srvcli/service_member_function.py to service_member_function.cpython-38.pyc
[0.926s] byte-compiling /home/caros/DEV/ROS_DEV/ros2_dev/src/install/py_srvcli/lib/python3.8/site-packages/py_srvcli/__init__.py to __init__.cpython-38.pyc
[0.926s] byte-compiling /home/caros/DEV/ROS_DEV/ros2_dev/src/install/py_srvcli/lib/python3.8/site-packages/py_srvcli/client_member_function.py to client_member_function.cpython-38.pyc
[0.927s] running install_data
[0.927s] creating /home/caros/DEV/ROS_DEV/ros2_dev/src/install/py_srvcli/share/ament_index
[0.927s] creating /home/caros/DEV/ROS_DEV/ros2_dev/src/install/py_srvcli/share/ament_index/resource_index
[0.927s] creating /home/caros/DEV/ROS_DEV/ros2_dev/src/install/py_srvcli/share/ament_index/resource_index/packages
[0.927s] copying resource/py_srvcli -> /home/caros/DEV/ROS_DEV/ros2_dev/src/install/py_srvcli/share/ament_index/resource_index/packages
[0.928s] copying package.xml -> /home/caros/DEV/ROS_DEV/ros2_dev/src/install/py_srvcli/share/py_srvcli
[0.928s] running install_egg_info
[0.929s] Copying ../build/py_srvcli/py_srvcli.egg-info to /home/caros/DEV/ROS_DEV/ros2_dev/src/install/py_srvcli/lib/python3.8/site-packages/py_srvcli-0.0.0-py3.8.egg-info
[0.929s] running install_scripts
[0.946s] Installing client script to /home/caros/DEV/ROS_DEV/ros2_dev/src/install/py_srvcli/lib/py_srvcli
[0.946s] Installing service script to /home/caros/DEV/ROS_DEV/ros2_dev/src/install/py_srvcli/lib/py_srvcli
[0.946s] writing list of installed files to '/home/caros/DEV/ROS_DEV/ros2_dev/src/build/py_srvcli/install.log'
[0.969s] Invoked command in '/home/caros/DEV/ROS_DEV/ros2_dev/src/py_srvcli' returned '0': PYTHONPATH=/home/caros/DEV/ROS_DEV/ros2_dev/src/build/py_srvcli/prefix_override:/usr/lib/python3/dist-packages/colcon_core/task/python/colcon_distutils_commands:/home/caros/DEV/ROS_DEV/ros2_dev/src/install/py_srvcli/lib/python3.8/site-packages:${PYTHONPATH} /usr/bin/python3 -W ignore:setup.py install is deprecated -W ignore:easy_install command is deprecated setup.py egg_info --egg-base ../build/py_srvcli build --build-base /home/caros/DEV/ROS_DEV/ros2_dev/src/build/py_srvcli/build install --record /home/caros/DEV/ROS_DEV/ros2_dev/src/build/py_srvcli/install.log --install-scripts $base/lib/py_srvcli --single-version-externally-managed install_data
