[4.521s] Invoking command in '/home/caros/DEV/ROS_DEV/ros2_dev/src/examples/rclpy/actions/minimal_action_client': PYTHONPATH=/home/caros/DEV/ROS_DEV/ros2_dev/src/build/examples_rclpy_minimal_action_client/prefix_override:/usr/lib/python3/dist-packages/colcon_core/task/python/colcon_distutils_commands:/home/caros/DEV/ROS_DEV/ros2_dev/src/install/examples_rclpy_minimal_action_client/lib/python3.8/site-packages:${PYTHONPATH} /usr/bin/python3 -W ignore:setup.py install is deprecated -W ignore:easy_install command is deprecated setup.py egg_info --egg-base ../../../../build/examples_rclpy_minimal_action_client build --build-base /home/caros/DEV/ROS_DEV/ros2_dev/src/build/examples_rclpy_minimal_action_client/build install --record /home/caros/DEV/ROS_DEV/ros2_dev/src/build/examples_rclpy_minimal_action_client/install.log --install-scripts $base/lib/examples_rclpy_minimal_action_client --single-version-externally-managed install_data
[5.120s] running egg_info
[5.121s] creating ../../../../build/examples_rclpy_minimal_action_client/examples_rclpy_minimal_action_client.egg-info
[5.122s] writing ../../../../build/examples_rclpy_minimal_action_client/examples_rclpy_minimal_action_client.egg-info/PKG-INFO
[5.122s] writing dependency_links to ../../../../build/examples_rclpy_minimal_action_client/examples_rclpy_minimal_action_client.egg-info/dependency_links.txt
[5.122s] writing entry points to ../../../../build/examples_rclpy_minimal_action_client/examples_rclpy_minimal_action_client.egg-info/entry_points.txt
[5.123s] writing requirements to ../../../../build/examples_rclpy_minimal_action_client/examples_rclpy_minimal_action_client.egg-info/requires.txt
[5.123s] writing top-level names to ../../../../build/examples_rclpy_minimal_action_client/examples_rclpy_minimal_action_client.egg-info/top_level.txt
[5.124s] writing manifest file '../../../../build/examples_rclpy_minimal_action_client/examples_rclpy_minimal_action_client.egg-info/SOURCES.txt'
[5.175s] reading manifest file '../../../../build/examples_rclpy_minimal_action_client/examples_rclpy_minimal_action_client.egg-info/SOURCES.txt'
[5.176s] writing manifest file '../../../../build/examples_rclpy_minimal_action_client/examples_rclpy_minimal_action_client.egg-info/SOURCES.txt'
[5.176s] running build
[5.177s] running build_py
[5.177s] creating /home/caros/DEV/ROS_DEV/ros2_dev/src/build/examples_rclpy_minimal_action_client/build
[5.177s] creating /home/caros/DEV/ROS_DEV/ros2_dev/src/build/examples_rclpy_minimal_action_client/build/lib
[5.177s] creating /home/caros/DEV/ROS_DEV/ros2_dev/src/build/examples_rclpy_minimal_action_client/build/lib/examples_rclpy_minimal_action_client
[5.177s] copying examples_rclpy_minimal_action_client/__init__.py -> /home/caros/DEV/ROS_DEV/ros2_dev/src/build/examples_rclpy_minimal_action_client/build/lib/examples_rclpy_minimal_action_client
[5.178s] copying examples_rclpy_minimal_action_client/client_not_composable.py -> /home/caros/DEV/ROS_DEV/ros2_dev/src/build/examples_rclpy_minimal_action_client/build/lib/examples_rclpy_minimal_action_client
[5.178s] copying examples_rclpy_minimal_action_client/client.py -> /home/caros/DEV/ROS_DEV/ros2_dev/src/build/examples_rclpy_minimal_action_client/build/lib/examples_rclpy_minimal_action_client
[5.178s] copying examples_rclpy_minimal_action_client/client_cancel.py -> /home/caros/DEV/ROS_DEV/ros2_dev/src/build/examples_rclpy_minimal_action_client/build/lib/examples_rclpy_minimal_action_client
[5.178s] running install
[5.180s] running install_lib
[5.182s] creating /home/caros/DEV/ROS_DEV/ros2_dev/src/install/examples_rclpy_minimal_action_client/lib/python3.8/site-packages/examples_rclpy_minimal_action_client
[5.182s] copying /home/caros/DEV/ROS_DEV/ros2_dev/src/build/examples_rclpy_minimal_action_client/build/lib/examples_rclpy_minimal_action_client/__init__.py -> /home/caros/DEV/ROS_DEV/ros2_dev/src/install/examples_rclpy_minimal_action_client/lib/python3.8/site-packages/examples_rclpy_minimal_action_client
[5.182s] copying /home/caros/DEV/ROS_DEV/ros2_dev/src/build/examples_rclpy_minimal_action_client/build/lib/examples_rclpy_minimal_action_client/client_not_composable.py -> /home/caros/DEV/ROS_DEV/ros2_dev/src/install/examples_rclpy_minimal_action_client/lib/python3.8/site-packages/examples_rclpy_minimal_action_client
[5.182s] copying /home/caros/DEV/ROS_DEV/ros2_dev/src/build/examples_rclpy_minimal_action_client/build/lib/examples_rclpy_minimal_action_client/client.py -> /home/caros/DEV/ROS_DEV/ros2_dev/src/install/examples_rclpy_minimal_action_client/lib/python3.8/site-packages/examples_rclpy_minimal_action_client
[5.183s] copying /home/caros/DEV/ROS_DEV/ros2_dev/src/build/examples_rclpy_minimal_action_client/build/lib/examples_rclpy_minimal_action_client/client_cancel.py -> /home/caros/DEV/ROS_DEV/ros2_dev/src/install/examples_rclpy_minimal_action_client/lib/python3.8/site-packages/examples_rclpy_minimal_action_client
[5.184s] byte-compiling /home/caros/DEV/ROS_DEV/ros2_dev/src/install/examples_rclpy_minimal_action_client/lib/python3.8/site-packages/examples_rclpy_minimal_action_client/__init__.py to __init__.cpython-38.pyc
[5.187s] byte-compiling /home/caros/DEV/ROS_DEV/ros2_dev/src/install/examples_rclpy_minimal_action_client/lib/python3.8/site-packages/examples_rclpy_minimal_action_client/client_not_composable.py to client_not_composable.cpython-38.pyc
[5.188s] byte-compiling /home/caros/DEV/ROS_DEV/ros2_dev/src/install/examples_rclpy_minimal_action_client/lib/python3.8/site-packages/examples_rclpy_minimal_action_client/client.py to client.cpython-38.pyc
[5.189s] byte-compiling /home/caros/DEV/ROS_DEV/ros2_dev/src/install/examples_rclpy_minimal_action_client/lib/python3.8/site-packages/examples_rclpy_minimal_action_client/client_cancel.py to client_cancel.cpython-38.pyc
[5.190s] running install_data
[5.190s] creating /home/caros/DEV/ROS_DEV/ros2_dev/src/install/examples_rclpy_minimal_action_client/share/ament_index
[5.191s] creating /home/caros/DEV/ROS_DEV/ros2_dev/src/install/examples_rclpy_minimal_action_client/share/ament_index/resource_index
[5.191s] creating /home/caros/DEV/ROS_DEV/ros2_dev/src/install/examples_rclpy_minimal_action_client/share/ament_index/resource_index/packages
[5.191s] copying resource/examples_rclpy_minimal_action_client -> /home/caros/DEV/ROS_DEV/ros2_dev/src/install/examples_rclpy_minimal_action_client/share/ament_index/resource_index/packages
[5.191s] copying package.xml -> /home/caros/DEV/ROS_DEV/ros2_dev/src/install/examples_rclpy_minimal_action_client/share/examples_rclpy_minimal_action_client
[5.191s] running install_egg_info
[5.197s] Copying ../../../../build/examples_rclpy_minimal_action_client/examples_rclpy_minimal_action_client.egg-info to /home/caros/DEV/ROS_DEV/ros2_dev/src/install/examples_rclpy_minimal_action_client/lib/python3.8/site-packages/examples_rclpy_minimal_action_client-0.9.4-py3.8.egg-info
[5.198s] running install_scripts
[5.878s] Installing client script to /home/caros/DEV/ROS_DEV/ros2_dev/src/install/examples_rclpy_minimal_action_client/lib/examples_rclpy_minimal_action_client
[5.878s] Installing client_cancel script to /home/caros/DEV/ROS_DEV/ros2_dev/src/install/examples_rclpy_minimal_action_client/lib/examples_rclpy_minimal_action_client
[5.879s] Installing client_not_composable script to /home/caros/DEV/ROS_DEV/ros2_dev/src/install/examples_rclpy_minimal_action_client/lib/examples_rclpy_minimal_action_client
[5.879s] writing list of installed files to '/home/caros/DEV/ROS_DEV/ros2_dev/src/build/examples_rclpy_minimal_action_client/install.log'
[6.007s] Invoked command in '/home/caros/DEV/ROS_DEV/ros2_dev/src/examples/rclpy/actions/minimal_action_client' returned '0': PYTHONPATH=/home/caros/DEV/ROS_DEV/ros2_dev/src/build/examples_rclpy_minimal_action_client/prefix_override:/usr/lib/python3/dist-packages/colcon_core/task/python/colcon_distutils_commands:/home/caros/DEV/ROS_DEV/ros2_dev/src/install/examples_rclpy_minimal_action_client/lib/python3.8/site-packages:${PYTHONPATH} /usr/bin/python3 -W ignore:setup.py install is deprecated -W ignore:easy_install command is deprecated setup.py egg_info --egg-base ../../../../build/examples_rclpy_minimal_action_client build --build-base /home/caros/DEV/ROS_DEV/ros2_dev/src/build/examples_rclpy_minimal_action_client/build install --record /home/caros/DEV/ROS_DEV/ros2_dev/src/build/examples_rclpy_minimal_action_client/install.log --install-scripts $base/lib/examples_rclpy_minimal_action_client --single-version-externally-managed install_data
