斐波那契数列（Fibonacci sequence）是一个数学序列，其中每个数都是前两个数的和。该数列的数学原理可以用以下递推关系来定义：

𝐹
(
0
)
=
0
F(0)=0
𝐹
(
1
)
=
1
F(1)=1
𝐹
(
𝑛
)
=
𝐹
(
𝑛
−
1
)
+
𝐹
(
𝑛
−
2
)
对于
𝑛
≥
2
F(n)=F(n−1)+F(n−2)对于n≥2
也就是说，斐波那契数列的每一项（从第三项开始）都是前两项的和。斐波那契数列的前几个数是：

0
,
1
,
1
,
2
,
3
,
5
,
8
,
13
,
21
,
34
,
…
0,1,1,2,3,5,8,13,21,34,…
斐波那契数列的应用：
自然界中的应用：

斐波那契数列在自然界中有很多例子，比如植物的叶序、花瓣的排列等，许多植物的叶子、花瓣等都按照斐波那契数列的模式排列。

算法中的应用：

斐波那契数列常用于算法和计算机科学中，特别是在递归、动态规划等技术中。

金融学和工程学：

斐波那契数列和黄金比例在金融、建筑等领域也有应用，尤其在图形学、图像处理、以及优化算法中，斐波那契数列的递归性质可以带来简洁的解决方案。

斐波那契数列虽然简单，但它在数学和科学中的应用非常广泛，是一个重要的数列。







